<?xml version="1.0" encoding="UTF-8"?>
<!-- Generated by org.testng.reporters.JUnitXMLReporter -->
<testsuite hostname="BLC-TECH-L123" name="ASQA Sample Test" tests="1" failures="1" timestamp="16 Jul 2014 07:28:42 GMT" time="0.308" errors="0">
  <testcase name="login" time="0.039" classname="com.hk.orderPlacement.SignupCodOrder">
    <failure type="java.lang.IllegalStateException" message="The driver executable does not exist: C:\selenium\Automation_testing_v4\seleniumAutomation_testing_v4chromedriver.exe">
      <![CDATA[java.lang.IllegalStateException: The driver executable does not exist: C:\selenium\Automation_testing_v4\seleniumAutomation_testing_v4chromedriver.exe
	at com.google.common.base.Preconditions.checkState(Preconditions.java:177)
	at org.openqa.selenium.remote.service.DriverService.checkExecutable(DriverService.java:117)
	at org.openqa.selenium.remote.service.DriverService.findExecutable(DriverService.java:112)
	at org.openqa.selenium.chrome.ChromeDriverService.createDefaultService(ChromeDriverService.java:89)
	at org.openqa.selenium.chrome.ChromeDriver.<init>(ChromeDriver.java:117)
	at com.hk.commonProperties.SharedProperties.openBrowser(SharedProperties.java:43)
	at com.hk.orderPlacement.SignupCodOrder.login(SignupCodOrder.java:80)
	at BootStrap.runTestNGTest(BootStrap.java:62)
	at BootStrap.main(BootStrap.java:73)
	at com.intellij.rt.execution.application.AppMain.main(AppMain.java:120)
... Removed 25 stack frames]]>
    </failure>
  </testcase> <!-- login -->
</testsuite> <!-- ASQA Sample Test -->
