<?xml version="1.0" encoding="UTF-8"?>
<!-- Generated by org.testng.reporters.JUnitXMLReporter -->
<testsuite hostname="BLC-TECH-L198" tests="1" failures="1" timestamp="9 Jul 2014 07:46:05 GMT" time="40.498" errors="0">
  <testcase name="login" time="40.1" classname="SignupCODorder">
    <failure type="java.lang.NullPointerException">
      <![CDATA[java.lang.NullPointerException
	at SharedProperties.Click(Unknown Source)
	at SignupCODorder.login(Unknown Source)
	at BootStrap.runTestNGTest(Unknown Source)
	at BootStrap.main(Unknown Source)
... Removed 21 stack frames]]>
    </failure>
  </testcase> <!-- login -->
</testsuite>
