<?xml version="1.0" encoding="UTF-8"?>
<!-- Generated by org.testng.reporters.JUnitXMLReporter -->
<testsuite hostname="BLC-TECH-L198" tests="1" failures="0" timestamp="4 Jul 2014 07:15:00 GMT" time="0.337" errors="0">
  <testcase name="@BeforeClass g" time="0.0" classname="ExistingCodPlacement">
    <failure type="org.testng.TestNGException" message="
Parameter &amp;apos;BaseURL&amp;apos; is required by @Configuration on method g but has not been marked @Optional or defined
">
      <![CDATA[org.testng.TestNGException: 
Parameter 'BaseURL' is required by @Configuration on method g but has not been marked @Optional or defined

	at BootStrap.main(BootStrap.java:16)
	at com.intellij.rt.execution.application.AppMain.main(AppMain.java:120)
... Removed 22 stack frames]]>
    </failure>
  </testcase> <!-- @BeforeClass g -->
  <testcase name="login" time="0.008" classname="ExistingCodPlacement">
    <skipped/>
  </testcase> <!-- login -->
</testsuite>
