<?xml version="1.0" encoding="UTF-8"?>
<testng-results skipped="0" failed="1" total="1" passed="0">
  <reporter-output>
  </reporter-output>
  <suite name="TestNG Test" duration-ms="41354" started-at="2014-07-30T12:24:01Z" finished-at="2014-07-30T12:24:42Z">
    <groups>
    </groups>
    <test name="com.hk.orderPlacement.SignupCodOrder" duration-ms="41241" started-at="2014-07-30T12:24:01Z" finished-at="2014-07-30T12:24:42Z">
      <class name="com.hk.orderPlacement.SignupCodOrder">
        <test-method status="PASS" signature="g(java.lang.String, java.lang.String)[pri:0, instance:com.hk.orderPlacement.SignupCodOrder@239ea44c]" name="g" is-config="true" duration-ms="9" started-at="2014-07-30T17:54:01Z" finished-at="2014-07-30T17:54:01Z">
          <params>
            <param index="0">
              <value>
                <![CDATA[http://www.centralhk.com:9090]]>
              </value>
            </param>
            <param index="1">
              <value>
                <![CDATA[chrome]]>
              </value>
            </param>
          </params>
          <reporter-output>
          </reporter-output>
        </test-method> <!-- g -->
        <test-method status="FAIL" signature="login(java.util.List)[pri:0, instance:com.hk.orderPlacement.SignupCodOrder@239ea44c]" name="login" duration-ms="41017" started-at="2014-07-30T17:54:01Z" data-provider="CombinedData" finished-at="2014-07-30T17:54:42Z">
          <params>
            <param index="0">
              <value>
                <![CDATA[[Nitin Kukna, 11111111111111111nitin.kukna+20@healthkart.com, 123456, 123456, 49763, 6823]]]>
              </value>
            </param>
          </params>
          <exception class="org.openqa.selenium.NoSuchWindowException">
            <message>
              <![CDATA[no such window: target window already closed
from unknown error: web view not found
  (Session info: chrome=36.0.1985.125)
  (Driver info: chromedriver=2.7.236900,platform=Windows NT 6.1 SP1 x86_64) (WARNING: The server did not provide any stacktrace information)
Command duration or timeout: 9 milliseconds
Build info: version: '2.42.2', revision: '6a6995d', time: '2014-06-03 17:42:30'
System info: host: 'BLC-TECH-L198', ip: '192.168.80.88', os.name: 'Windows 7', os.arch: 'amd64', os.version: '6.1', java.version: '1.7.0_45'
Session ID: f1f5c871736c123e671a359e23799f0f
Driver info: org.openqa.selenium.chrome.ChromeDriver
Capabilities [{platform=XP, acceptSslCerts=true, javascriptEnabled=true, browserName=chrome, chrome={userDataDir=C:\Users\Saurabh\AppData\Local\Temp\scoped_dir6404_31506}, rotatable=false, locationContextEnabled=true, version=36.0.1985.125, takesHeapSnapshot=true, cssSelectorsEnabled=true, databaseEnabled=false, handlesAlerts=true, browserConnectionEnabled=false, nativeEvents=true, webStorageEnabled=true, applicationCacheEnabled=false, takesScreenshot=true}]]]>
            </message>
            <full-stacktrace>
              <![CDATA[org.openqa.selenium.NoSuchWindowException: no such window: target window already closed
from unknown error: web view not found
  (Session info: chrome=36.0.1985.125)
  (Driver info: chromedriver=2.7.236900,platform=Windows NT 6.1 SP1 x86_64) (WARNING: The server did not provide any stacktrace information)
Command duration or timeout: 9 milliseconds
Build info: version: '2.42.2', revision: '6a6995d', time: '2014-06-03 17:42:30'
System info: host: 'BLC-TECH-L198', ip: '192.168.80.88', os.name: 'Windows 7', os.arch: 'amd64', os.version: '6.1', java.version: '1.7.0_45'
Session ID: f1f5c871736c123e671a359e23799f0f
Driver info: org.openqa.selenium.chrome.ChromeDriver
Capabilities [{platform=XP, acceptSslCerts=true, javascriptEnabled=true, browserName=chrome, chrome={userDataDir=C:\Users\Saurabh\AppData\Local\Temp\scoped_dir6404_31506}, rotatable=false, locationContextEnabled=true, version=36.0.1985.125, takesHeapSnapshot=true, cssSelectorsEnabled=true, databaseEnabled=false, handlesAlerts=true, browserConnectionEnabled=false, nativeEvents=true, webStorageEnabled=true, applicationCacheEnabled=false, takesScreenshot=true}]
	at sun.reflect.NativeConstructorAccessorImpl.newInstance0(Native Method)
	at sun.reflect.NativeConstructorAccessorImpl.newInstance(NativeConstructorAccessorImpl.java:57)
	at sun.reflect.DelegatingConstructorAccessorImpl.newInstance(DelegatingConstructorAccessorImpl.java:45)
	at java.lang.reflect.Constructor.newInstance(Constructor.java:526)
	at org.openqa.selenium.remote.ErrorHandler.createThrowable(ErrorHandler.java:204)
	at org.openqa.selenium.remote.ErrorHandler.throwIfResponseFailed(ErrorHandler.java:156)
	at org.openqa.selenium.remote.RemoteWebDriver.execute(RemoteWebDriver.java:599)
	at org.openqa.selenium.remote.RemoteWebDriver.execute(RemoteWebDriver.java:614)
	at org.openqa.selenium.remote.RemoteWebDriver.getScreenshotAs(RemoteWebDriver.java:324)
	at com.hk.orderPlacement.SignupCodOrder.login(Unknown Source)
	at sun.reflect.NativeMethodAccessorImpl.invoke0(Native Method)
	at sun.reflect.NativeMethodAccessorImpl.invoke(NativeMethodAccessorImpl.java:57)
	at sun.reflect.DelegatingMethodAccessorImpl.invoke(DelegatingMethodAccessorImpl.java:43)
	at java.lang.reflect.Method.invoke(Method.java:606)
	at org.testng.internal.MethodInvocationHelper.invokeMethod(MethodInvocationHelper.java:84)
	at org.testng.internal.Invoker.invokeMethod(Invoker.java:714)
	at org.testng.internal.Invoker.invokeTestMethod(Invoker.java:901)
	at org.testng.internal.Invoker.invokeTestMethods(Invoker.java:1231)
	at org.testng.internal.TestMethodWorker.invokeTestMethods(TestMethodWorker.java:127)
	at org.testng.internal.TestMethodWorker.run(TestMethodWorker.java:111)
	at org.testng.TestRunner.privateRun(TestRunner.java:767)
	at org.testng.TestRunner.run(TestRunner.java:617)
	at org.testng.SuiteRunner.runTest(SuiteRunner.java:334)
	at org.testng.SuiteRunner.runSequentially(SuiteRunner.java:329)
	at org.testng.SuiteRunner.privateRun(SuiteRunner.java:291)
	at org.testng.SuiteRunner.run(SuiteRunner.java:240)
	at org.testng.SuiteRunnerWorker.runSuite(SuiteRunnerWorker.java:52)
	at org.testng.SuiteRunnerWorker.run(SuiteRunnerWorker.java:86)
	at org.testng.TestNG.runSuitesSequentially(TestNG.java:1224)
	at org.testng.TestNG.runSuitesLocally(TestNG.java:1149)
	at org.testng.TestNG.run(TestNG.java:1057)
	at org.testng.TestNG.privateMain(TestNG.java:1364)
	at org.testng.TestNG.main(TestNG.java:1333)
]]>
            </full-stacktrace>
          </exception> <!-- org.openqa.selenium.NoSuchWindowException -->
          <reporter-output>
          </reporter-output>
        </test-method> <!-- login -->
      </class> <!-- com.hk.orderPlacement.SignupCodOrder -->
    </test> <!-- com.hk.orderPlacement.SignupCodOrder -->
    <test name="com.hk.orderPlacement.SuiteReport" duration-ms="0" started-at="2014-07-30T12:24:42Z" finished-at="2014-07-30T12:24:42Z">
      <class name="com.hk.orderPlacement.SuiteReport">
        <test-method status="PASS" signature="ZipDirectory()[pri:0, instance:com.hk.orderPlacement.SuiteReport@5e0cbb9]" name="ZipDirectory" is-config="true" duration-ms="9873" started-at="2014-07-30T17:54:42Z" finished-at="2014-07-30T17:54:52Z">
          <reporter-output>
          </reporter-output>
        </test-method> <!-- ZipDirectory -->
      </class> <!-- com.hk.orderPlacement.SuiteReport -->
    </test> <!-- com.hk.orderPlacement.SuiteReport -->
  </suite> <!-- TestNG Test -->
</testng-results>
