<?xml version="1.0" encoding="UTF-8"?>
<testng-results skipped="0" failed="1" total="1" passed="0">
  <reporter-output>
  </reporter-output>
  <suite name="TestNG Test" duration-ms="40498" started-at="2014-07-09T07:45:25Z" finished-at="2014-07-09T07:46:05Z">
    <groups>
    </groups>
    <test name="ASQA Sample Test" duration-ms="40498" started-at="2014-07-09T07:45:25Z" finished-at="2014-07-09T07:46:05Z">
      <class name="SignupCODorder">
        <test-method status="PASS" signature="g(java.lang.String, java.lang.String)[pri:0, instance:SignupCODorder@67871079]" name="g" is-config="true" duration-ms="22" started-at="2014-07-09T13:15:25Z" finished-at="2014-07-09T13:15:25Z">
          <params>
            <param index="0">
              <value>
                <![CDATA[http://www.centarlhk.com:9090]]>
              </value>
            </param>
            <param index="1">
              <value>
                <![CDATA[chrome]]>
              </value>
            </param>
          </params>
          <reporter-output>
          </reporter-output>
        </test-method> <!-- g -->
        <test-method status="FAIL" signature="login(java.util.List)[pri:0, instance:SignupCODorder@67871079]" name="login" duration-ms="40100" started-at="2014-07-09T13:15:25Z" data-provider="CombinedData" finished-at="2014-07-09T13:16:05Z">
          <params>
            <param index="0">
              <value>
                <![CDATA[[Nitin Kukna, 1nitin.kukna+18@healthkart.com, 123456, 123456, 42890]]]>
              </value>
            </param>
          </params>
          <exception class="java.lang.NullPointerException">
            <full-stacktrace>
              <![CDATA[java.lang.NullPointerException
	at SharedProperties.Click(Unknown Source)
	at SignupCODorder.login(Unknown Source)
	at sun.reflect.NativeMethodAccessorImpl.invoke0(Native Method)
	at sun.reflect.NativeMethodAccessorImpl.invoke(NativeMethodAccessorImpl.java:57)
	at sun.reflect.DelegatingMethodAccessorImpl.invoke(DelegatingMethodAccessorImpl.java:43)
	at java.lang.reflect.Method.invoke(Method.java:606)
	at org.testng.internal.MethodInvocationHelper.invokeMethod(MethodInvocationHelper.java:84)
	at org.testng.internal.Invoker.invokeMethod(Invoker.java:714)
	at org.testng.internal.Invoker.invokeTestMethod(Invoker.java:901)
	at org.testng.internal.Invoker.invokeTestMethods(Invoker.java:1231)
	at org.testng.internal.TestMethodWorker.invokeTestMethods(TestMethodWorker.java:127)
	at org.testng.internal.TestMethodWorker.run(TestMethodWorker.java:111)
	at org.testng.TestRunner.privateRun(TestRunner.java:767)
	at org.testng.TestRunner.run(TestRunner.java:617)
	at org.testng.SuiteRunner.runTest(SuiteRunner.java:334)
	at org.testng.SuiteRunner.runSequentially(SuiteRunner.java:329)
	at org.testng.SuiteRunner.privateRun(SuiteRunner.java:291)
	at org.testng.SuiteRunner.run(SuiteRunner.java:240)
	at org.testng.SuiteRunnerWorker.runSuite(SuiteRunnerWorker.java:52)
	at org.testng.SuiteRunnerWorker.run(SuiteRunnerWorker.java:86)
	at org.testng.TestNG.runSuitesSequentially(TestNG.java:1224)
	at org.testng.TestNG.runSuitesLocally(TestNG.java:1149)
	at org.testng.TestNG.run(TestNG.java:1057)
	at BootStrap.runTestNGTest(Unknown Source)
	at BootStrap.main(Unknown Source)
]]>
            </full-stacktrace>
          </exception> <!-- java.lang.NullPointerException -->
          <reporter-output>
          </reporter-output>
        </test-method> <!-- login -->
      </class> <!-- SignupCODorder -->
    </test> <!-- ASQA Sample Test -->
  </suite> <!-- TestNG Test -->
</testng-results>
