<?xml version="1.0" encoding="UTF-8"?>
<testng-results skipped="2" failed="25" total="27" passed="0">
  <reporter-output>
  </reporter-output>
  <suite name="TestNG Test" duration-ms="335829" started-at="2015-03-10T06:16:12Z" finished-at="2015-03-10T06:21:48Z">
    <groups>
    </groups>
    <test name="HealthKart Automation Suite" duration-ms="335829" started-at="2015-03-10T06:16:12Z" finished-at="2015-03-10T06:21:48Z">
      <class name="com.hk.scaledupOrderPlacement.RPUTest">
        <test-method status="PASS" signature="isSkip()[pri:0, instance:com.hk.scaledupOrderPlacement.RPUTest@784a2d5e]" name="isSkip" is-config="true" duration-ms="0" started-at="2015-03-10T11:47:57Z" finished-at="2015-03-10T11:47:57Z">
          <reporter-output>
          </reporter-output>
        </test-method> <!-- isSkip -->
        <test-method status="FAIL" signature="testRPU()[pri:0, instance:com.hk.scaledupOrderPlacement.RPUTest@784a2d5e]" name="testRPU" duration-ms="23517" started-at="2015-03-10T11:47:57Z" finished-at="2015-03-10T11:48:21Z">
          <exception class="org.openqa.selenium.WebDriverException">
            <message>
              <![CDATA[unknown error: Chrome failed to start: exited normally
  (Driver info: chromedriver=2.7.236900,platform=Windows NT 6.1 SP1 x86_64) (WARNING: The server did not provide any stacktrace information)
Command duration or timeout: 22.43 seconds
Build info: version: '2.42.2', revision: '6a6995d', time: '2014-06-03 17:42:30'
System info: host: 'Tech-VipulJain', ip: '192.168.56.1', os.name: 'Windows 7', os.arch: 'amd64', os.version: '6.1', java.version: '1.7.0_45'
Driver info: org.openqa.selenium.chrome.ChromeDriver]]>
            </message>
            <full-stacktrace>
              <![CDATA[org.openqa.selenium.WebDriverException: unknown error: Chrome failed to start: exited normally
  (Driver info: chromedriver=2.7.236900,platform=Windows NT 6.1 SP1 x86_64) (WARNING: The server did not provide any stacktrace information)
Command duration or timeout: 22.43 seconds
Build info: version: '2.42.2', revision: '6a6995d', time: '2014-06-03 17:42:30'
System info: host: 'Tech-VipulJain', ip: '192.168.56.1', os.name: 'Windows 7', os.arch: 'amd64', os.version: '6.1', java.version: '1.7.0_45'
Driver info: org.openqa.selenium.chrome.ChromeDriver
	at sun.reflect.NativeConstructorAccessorImpl.newInstance0(Native Method)
	at sun.reflect.NativeConstructorAccessorImpl.newInstance(NativeConstructorAccessorImpl.java:57)
	at sun.reflect.DelegatingConstructorAccessorImpl.newInstance(DelegatingConstructorAccessorImpl.java:45)
	at java.lang.reflect.Constructor.newInstance(Constructor.java:526)
	at org.openqa.selenium.remote.ErrorHandler.createThrowable(ErrorHandler.java:204)
	at org.openqa.selenium.remote.ErrorHandler.throwIfResponseFailed(ErrorHandler.java:156)
	at org.openqa.selenium.remote.RemoteWebDriver.execute(RemoteWebDriver.java:599)
	at org.openqa.selenium.remote.RemoteWebDriver.startSession(RemoteWebDriver.java:240)
	at org.openqa.selenium.remote.RemoteWebDriver.<init>(RemoteWebDriver.java:126)
	at org.openqa.selenium.remote.RemoteWebDriver.<init>(RemoteWebDriver.java:139)
	at org.openqa.selenium.chrome.ChromeDriver.<init>(ChromeDriver.java:171)
	at org.openqa.selenium.chrome.ChromeDriver.<init>(ChromeDriver.java:160)
	at org.openqa.selenium.chrome.ChromeDriver.<init>(ChromeDriver.java:117)
	at com.hk.commonProperties.SharedProperties.openBrowser(Unknown Source)
	at com.hk.scaledupOrderPlacement.RPUTest.testRPU(Unknown Source)
	at sun.reflect.NativeMethodAccessorImpl.invoke0(Native Method)
	at sun.reflect.NativeMethodAccessorImpl.invoke(NativeMethodAccessorImpl.java:57)
	at sun.reflect.DelegatingMethodAccessorImpl.invoke(DelegatingMethodAccessorImpl.java:43)
	at java.lang.reflect.Method.invoke(Method.java:606)
	at org.testng.internal.MethodInvocationHelper.invokeMethod(MethodInvocationHelper.java:84)
	at org.testng.internal.Invoker.invokeMethod(Invoker.java:714)
	at org.testng.internal.Invoker.invokeTestMethod(Invoker.java:901)
	at org.testng.internal.Invoker.invokeTestMethods(Invoker.java:1231)
	at org.testng.internal.TestMethodWorker.invokeTestMethods(TestMethodWorker.java:127)
	at org.testng.internal.TestMethodWorker.run(TestMethodWorker.java:111)
	at org.testng.TestRunner.privateRun(TestRunner.java:767)
	at org.testng.TestRunner.run(TestRunner.java:617)
	at org.testng.SuiteRunner.runTest(SuiteRunner.java:334)
	at org.testng.SuiteRunner.runSequentially(SuiteRunner.java:329)
	at org.testng.SuiteRunner.privateRun(SuiteRunner.java:291)
	at org.testng.SuiteRunner.run(SuiteRunner.java:240)
	at org.testng.SuiteRunnerWorker.runSuite(SuiteRunnerWorker.java:52)
	at org.testng.SuiteRunnerWorker.run(SuiteRunnerWorker.java:86)
	at org.testng.TestNG.runSuitesSequentially(TestNG.java:1224)
	at org.testng.TestNG.runSuitesLocally(TestNG.java:1149)
	at org.testng.TestNG.run(TestNG.java:1057)
	at org.testng.TestNG.privateMain(TestNG.java:1364)
	at org.testng.TestNG.main(TestNG.java:1333)
]]>
            </full-stacktrace>
          </exception> <!-- org.openqa.selenium.WebDriverException -->
          <reporter-output>
          </reporter-output>
        </test-method> <!-- testRPU -->
        <test-method status="FAIL" signature="doAfter(org.testng.ITestResult)[pri:0, instance:com.hk.scaledupOrderPlacement.RPUTest@784a2d5e]" name="doAfter" is-config="true" duration-ms="0" started-at="2015-03-10T11:48:21Z" finished-at="2015-03-10T11:48:21Z">
          <params>
            <param index="0">
              <value>
                <![CDATA[[TestResult name=testRPU status=FAILURE method=RPUTest.testRPU()[pri:0, instance:com.hk.scaledupOrderPlacement.RPUTest@784a2d5e] output={null}]]]>
              </value>
            </param>
          </params>
          <exception class="org.openqa.selenium.WebDriverException">
            <message>
              <![CDATA[chrome not reachable
  (Session info: chrome=39.0.2171.99)
  (Driver info: chromedriver=2.7.236900,platform=Windows NT 6.1 SP1 x86_64) (WARNING: The server did not provide any stacktrace information)
Command duration or timeout: 2.12 seconds
Build info: version: '2.42.2', revision: '6a6995d', time: '2014-06-03 17:42:30'
System info: host: 'Tech-VipulJain', ip: '192.168.56.1', os.name: 'Windows 7', os.arch: 'amd64', os.version: '6.1', java.version: '1.7.0_45'
Session ID: b963be9184371b476f72a2cd37d701e2
Driver info: org.openqa.selenium.chrome.ChromeDriver
Capabilities [{platform=XP, acceptSslCerts=true, javascriptEnabled=true, browserName=chrome, chrome={userDataDir=C:\Users\VIPUL~1.JAI\AppData\Local\Temp\scoped_dir48456_1791}, rotatable=false, locationContextEnabled=true, version=39.0.2171.99, takesHeapSnapshot=true, cssSelectorsEnabled=true, databaseEnabled=false, handlesAlerts=true, browserConnectionEnabled=false, nativeEvents=true, webStorageEnabled=true, applicationCacheEnabled=false, takesScreenshot=true}]]]>
            </message>
            <full-stacktrace>
              <![CDATA[org.openqa.selenium.WebDriverException: chrome not reachable
  (Session info: chrome=39.0.2171.99)
  (Driver info: chromedriver=2.7.236900,platform=Windows NT 6.1 SP1 x86_64) (WARNING: The server did not provide any stacktrace information)
Command duration or timeout: 2.12 seconds
Build info: version: '2.42.2', revision: '6a6995d', time: '2014-06-03 17:42:30'
System info: host: 'Tech-VipulJain', ip: '192.168.56.1', os.name: 'Windows 7', os.arch: 'amd64', os.version: '6.1', java.version: '1.7.0_45'
Session ID: b963be9184371b476f72a2cd37d701e2
Driver info: org.openqa.selenium.chrome.ChromeDriver
Capabilities [{platform=XP, acceptSslCerts=true, javascriptEnabled=true, browserName=chrome, chrome={userDataDir=C:\Users\VIPUL~1.JAI\AppData\Local\Temp\scoped_dir48456_1791}, rotatable=false, locationContextEnabled=true, version=39.0.2171.99, takesHeapSnapshot=true, cssSelectorsEnabled=true, databaseEnabled=false, handlesAlerts=true, browserConnectionEnabled=false, nativeEvents=true, webStorageEnabled=true, applicationCacheEnabled=false, takesScreenshot=true}]
	at sun.reflect.NativeConstructorAccessorImpl.newInstance0(Native Method)
	at sun.reflect.NativeConstructorAccessorImpl.newInstance(NativeConstructorAccessorImpl.java:57)
	at sun.reflect.DelegatingConstructorAccessorImpl.newInstance(DelegatingConstructorAccessorImpl.java:45)
	at java.lang.reflect.Constructor.newInstance(Constructor.java:526)
	at org.openqa.selenium.remote.ErrorHandler.createThrowable(ErrorHandler.java:204)
	at org.openqa.selenium.remote.ErrorHandler.throwIfResponseFailed(ErrorHandler.java:156)
	at org.openqa.selenium.remote.RemoteWebDriver.execute(RemoteWebDriver.java:599)
	at org.openqa.selenium.remote.RemoteWebDriver.execute(RemoteWebDriver.java:614)
	at org.openqa.selenium.remote.RemoteWebDriver.getScreenshotAs(RemoteWebDriver.java:324)
	at com.hk.scaledupOrderPlacement.RPUTest.doAfter(Unknown Source)
	at sun.reflect.NativeMethodAccessorImpl.invoke0(Native Method)
	at sun.reflect.NativeMethodAccessorImpl.invoke(NativeMethodAccessorImpl.java:57)
	at sun.reflect.DelegatingMethodAccessorImpl.invoke(DelegatingMethodAccessorImpl.java:43)
	at java.lang.reflect.Method.invoke(Method.java:606)
	at org.testng.internal.MethodInvocationHelper.invokeMethod(MethodInvocationHelper.java:84)
	at org.testng.internal.Invoker.invokeConfigurationMethod(Invoker.java:564)
	at org.testng.internal.Invoker.invokeConfigurations(Invoker.java:213)
	at org.testng.internal.Invoker.invokeMethod(Invoker.java:786)
	at org.testng.internal.Invoker.invokeTestMethod(Invoker.java:901)
	at org.testng.internal.Invoker.invokeTestMethods(Invoker.java:1231)
	at org.testng.internal.TestMethodWorker.invokeTestMethods(TestMethodWorker.java:127)
	at org.testng.internal.TestMethodWorker.run(TestMethodWorker.java:111)
	at org.testng.TestRunner.privateRun(TestRunner.java:767)
	at org.testng.TestRunner.run(TestRunner.java:617)
	at org.testng.SuiteRunner.runTest(SuiteRunner.java:334)
	at org.testng.SuiteRunner.runSequentially(SuiteRunner.java:329)
	at org.testng.SuiteRunner.privateRun(SuiteRunner.java:291)
	at org.testng.SuiteRunner.run(SuiteRunner.java:240)
	at org.testng.SuiteRunnerWorker.runSuite(SuiteRunnerWorker.java:52)
	at org.testng.SuiteRunnerWorker.run(SuiteRunnerWorker.java:86)
	at org.testng.TestNG.runSuitesSequentially(TestNG.java:1224)
	at org.testng.TestNG.runSuitesLocally(TestNG.java:1149)
	at org.testng.TestNG.run(TestNG.java:1057)
	at org.testng.TestNG.privateMain(TestNG.java:1364)
	at org.testng.TestNG.main(TestNG.java:1333)
]]>
            </full-stacktrace>
          </exception> <!-- org.openqa.selenium.WebDriverException -->
          <reporter-output>
          </reporter-output>
        </test-method> <!-- doAfter -->
      </class> <!-- com.hk.scaledupOrderPlacement.RPUTest -->
      <class name="com.hk.warehouseSpecific.GGNRtoTest">
        <test-method status="PASS" signature="isSkip()[pri:0, instance:com.hk.warehouseSpecific.GGNRtoTest@7852fda6]" name="isSkip" is-config="true" duration-ms="1" started-at="2015-03-10T11:47:51Z" finished-at="2015-03-10T11:47:51Z">
          <reporter-output>
          </reporter-output>
        </test-method> <!-- isSkip -->
        <test-method status="FAIL" signature="testGGNRto()[pri:0, instance:com.hk.warehouseSpecific.GGNRtoTest@7852fda6]" name="testGGNRto" duration-ms="4103" started-at="2015-03-10T11:47:51Z" finished-at="2015-03-10T11:47:55Z">
          <exception class="org.openqa.selenium.WebDriverException">
            <message>
              <![CDATA[unknown error: cannot get automation extension
from disconnected: received Inspector.detached event
  (Session info: chrome=39.0.2171.99)
  (Driver info: chromedriver=2.7.236900,platform=Windows NT 6.1 SP1 x86_64) (WARNING: The server did not provide any stacktrace information)
Command duration or timeout: 1.12 seconds
Build info: version: '2.42.2', revision: '6a6995d', time: '2014-06-03 17:42:30'
System info: host: 'Tech-VipulJain', ip: '192.168.56.1', os.name: 'Windows 7', os.arch: 'amd64', os.version: '6.1', java.version: '1.7.0_45'
Session ID: b963be9184371b476f72a2cd37d701e2
Driver info: org.openqa.selenium.chrome.ChromeDriver
Capabilities [{platform=XP, acceptSslCerts=true, javascriptEnabled=true, browserName=chrome, chrome={userDataDir=C:\Users\VIPUL~1.JAI\AppData\Local\Temp\scoped_dir48456_1791}, rotatable=false, locationContextEnabled=true, version=39.0.2171.99, takesHeapSnapshot=true, cssSelectorsEnabled=true, databaseEnabled=false, handlesAlerts=true, browserConnectionEnabled=false, nativeEvents=true, webStorageEnabled=true, applicationCacheEnabled=false, takesScreenshot=true}]]]>
            </message>
            <full-stacktrace>
              <![CDATA[org.openqa.selenium.WebDriverException: unknown error: cannot get automation extension
from disconnected: received Inspector.detached event
  (Session info: chrome=39.0.2171.99)
  (Driver info: chromedriver=2.7.236900,platform=Windows NT 6.1 SP1 x86_64) (WARNING: The server did not provide any stacktrace information)
Command duration or timeout: 1.12 seconds
Build info: version: '2.42.2', revision: '6a6995d', time: '2014-06-03 17:42:30'
System info: host: 'Tech-VipulJain', ip: '192.168.56.1', os.name: 'Windows 7', os.arch: 'amd64', os.version: '6.1', java.version: '1.7.0_45'
Session ID: b963be9184371b476f72a2cd37d701e2
Driver info: org.openqa.selenium.chrome.ChromeDriver
Capabilities [{platform=XP, acceptSslCerts=true, javascriptEnabled=true, browserName=chrome, chrome={userDataDir=C:\Users\VIPUL~1.JAI\AppData\Local\Temp\scoped_dir48456_1791}, rotatable=false, locationContextEnabled=true, version=39.0.2171.99, takesHeapSnapshot=true, cssSelectorsEnabled=true, databaseEnabled=false, handlesAlerts=true, browserConnectionEnabled=false, nativeEvents=true, webStorageEnabled=true, applicationCacheEnabled=false, takesScreenshot=true}]
	at sun.reflect.NativeConstructorAccessorImpl.newInstance0(Native Method)
	at sun.reflect.NativeConstructorAccessorImpl.newInstance(NativeConstructorAccessorImpl.java:57)
	at sun.reflect.DelegatingConstructorAccessorImpl.newInstance(DelegatingConstructorAccessorImpl.java:45)
	at java.lang.reflect.Constructor.newInstance(Constructor.java:526)
	at org.openqa.selenium.remote.ErrorHandler.createThrowable(ErrorHandler.java:204)
	at org.openqa.selenium.remote.ErrorHandler.throwIfResponseFailed(ErrorHandler.java:156)
	at org.openqa.selenium.remote.RemoteWebDriver.execute(RemoteWebDriver.java:599)
	at org.openqa.selenium.remote.RemoteWebDriver$RemoteWebDriverOptions$RemoteWindow.maximize(RemoteWebDriver.java:829)
	at com.hk.commonProperties.SharedProperties.openBrowser(Unknown Source)
	at com.hk.warehouseSpecific.GGNRtoTest.testGGNRto(Unknown Source)
	at sun.reflect.NativeMethodAccessorImpl.invoke0(Native Method)
	at sun.reflect.NativeMethodAccessorImpl.invoke(NativeMethodAccessorImpl.java:57)
	at sun.reflect.DelegatingMethodAccessorImpl.invoke(DelegatingMethodAccessorImpl.java:43)
	at java.lang.reflect.Method.invoke(Method.java:606)
	at org.testng.internal.MethodInvocationHelper.invokeMethod(MethodInvocationHelper.java:84)
	at org.testng.internal.Invoker.invokeMethod(Invoker.java:714)
	at org.testng.internal.Invoker.invokeTestMethod(Invoker.java:901)
	at org.testng.internal.Invoker.invokeTestMethods(Invoker.java:1231)
	at org.testng.internal.TestMethodWorker.invokeTestMethods(TestMethodWorker.java:127)
	at org.testng.internal.TestMethodWorker.run(TestMethodWorker.java:111)
	at org.testng.TestRunner.privateRun(TestRunner.java:767)
	at org.testng.TestRunner.run(TestRunner.java:617)
	at org.testng.SuiteRunner.runTest(SuiteRunner.java:334)
	at org.testng.SuiteRunner.runSequentially(SuiteRunner.java:329)
	at org.testng.SuiteRunner.privateRun(SuiteRunner.java:291)
	at org.testng.SuiteRunner.run(SuiteRunner.java:240)
	at org.testng.SuiteRunnerWorker.runSuite(SuiteRunnerWorker.java:52)
	at org.testng.SuiteRunnerWorker.run(SuiteRunnerWorker.java:86)
	at org.testng.TestNG.runSuitesSequentially(TestNG.java:1224)
	at org.testng.TestNG.runSuitesLocally(TestNG.java:1149)
	at org.testng.TestNG.run(TestNG.java:1057)
	at org.testng.TestNG.privateMain(TestNG.java:1364)
	at org.testng.TestNG.main(TestNG.java:1333)
]]>
            </full-stacktrace>
          </exception> <!-- org.openqa.selenium.WebDriverException -->
          <reporter-output>
          </reporter-output>
        </test-method> <!-- testGGNRto -->
        <test-method status="FAIL" signature="doAfter(org.testng.ITestResult)[pri:0, instance:com.hk.warehouseSpecific.GGNRtoTest@7852fda6]" name="doAfter" is-config="true" duration-ms="0" started-at="2015-03-10T11:47:55Z" finished-at="2015-03-10T11:47:55Z">
          <params>
            <param index="0">
              <value>
                <![CDATA[[TestResult name=testGGNRto status=FAILURE method=GGNRtoTest.testGGNRto()[pri:0, instance:com.hk.warehouseSpecific.GGNRtoTest@7852fda6] output={null}]]]>
              </value>
            </param>
          </params>
          <exception class="org.openqa.selenium.WebDriverException">
            <message>
              <![CDATA[chrome not reachable
  (Session info: chrome=39.0.2171.99)
  (Driver info: chromedriver=2.7.236900,platform=Windows NT 6.1 SP1 x86_64) (WARNING: The server did not provide any stacktrace information)
Command duration or timeout: 2.09 seconds
Build info: version: '2.42.2', revision: '6a6995d', time: '2014-06-03 17:42:30'
System info: host: 'Tech-VipulJain', ip: '192.168.56.1', os.name: 'Windows 7', os.arch: 'amd64', os.version: '6.1', java.version: '1.7.0_45'
Session ID: b963be9184371b476f72a2cd37d701e2
Driver info: org.openqa.selenium.chrome.ChromeDriver
Capabilities [{platform=XP, acceptSslCerts=true, javascriptEnabled=true, browserName=chrome, chrome={userDataDir=C:\Users\VIPUL~1.JAI\AppData\Local\Temp\scoped_dir48456_1791}, rotatable=false, locationContextEnabled=true, version=39.0.2171.99, takesHeapSnapshot=true, cssSelectorsEnabled=true, databaseEnabled=false, handlesAlerts=true, browserConnectionEnabled=false, nativeEvents=true, webStorageEnabled=true, applicationCacheEnabled=false, takesScreenshot=true}]]]>
            </message>
            <full-stacktrace>
              <![CDATA[org.openqa.selenium.WebDriverException: chrome not reachable
  (Session info: chrome=39.0.2171.99)
  (Driver info: chromedriver=2.7.236900,platform=Windows NT 6.1 SP1 x86_64) (WARNING: The server did not provide any stacktrace information)
Command duration or timeout: 2.09 seconds
Build info: version: '2.42.2', revision: '6a6995d', time: '2014-06-03 17:42:30'
System info: host: 'Tech-VipulJain', ip: '192.168.56.1', os.name: 'Windows 7', os.arch: 'amd64', os.version: '6.1', java.version: '1.7.0_45'
Session ID: b963be9184371b476f72a2cd37d701e2
Driver info: org.openqa.selenium.chrome.ChromeDriver
Capabilities [{platform=XP, acceptSslCerts=true, javascriptEnabled=true, browserName=chrome, chrome={userDataDir=C:\Users\VIPUL~1.JAI\AppData\Local\Temp\scoped_dir48456_1791}, rotatable=false, locationContextEnabled=true, version=39.0.2171.99, takesHeapSnapshot=true, cssSelectorsEnabled=true, databaseEnabled=false, handlesAlerts=true, browserConnectionEnabled=false, nativeEvents=true, webStorageEnabled=true, applicationCacheEnabled=false, takesScreenshot=true}]
	at sun.reflect.NativeConstructorAccessorImpl.newInstance0(Native Method)
	at sun.reflect.NativeConstructorAccessorImpl.newInstance(NativeConstructorAccessorImpl.java:57)
	at sun.reflect.DelegatingConstructorAccessorImpl.newInstance(DelegatingConstructorAccessorImpl.java:45)
	at java.lang.reflect.Constructor.newInstance(Constructor.java:526)
	at org.openqa.selenium.remote.ErrorHandler.createThrowable(ErrorHandler.java:204)
	at org.openqa.selenium.remote.ErrorHandler.throwIfResponseFailed(ErrorHandler.java:156)
	at org.openqa.selenium.remote.RemoteWebDriver.execute(RemoteWebDriver.java:599)
	at org.openqa.selenium.remote.RemoteWebDriver.execute(RemoteWebDriver.java:614)
	at org.openqa.selenium.remote.RemoteWebDriver.getScreenshotAs(RemoteWebDriver.java:324)
	at com.hk.warehouseSpecific.GGNRtoTest.doAfter(Unknown Source)
	at sun.reflect.NativeMethodAccessorImpl.invoke0(Native Method)
	at sun.reflect.NativeMethodAccessorImpl.invoke(NativeMethodAccessorImpl.java:57)
	at sun.reflect.DelegatingMethodAccessorImpl.invoke(DelegatingMethodAccessorImpl.java:43)
	at java.lang.reflect.Method.invoke(Method.java:606)
	at org.testng.internal.MethodInvocationHelper.invokeMethod(MethodInvocationHelper.java:84)
	at org.testng.internal.Invoker.invokeConfigurationMethod(Invoker.java:564)
	at org.testng.internal.Invoker.invokeConfigurations(Invoker.java:213)
	at org.testng.internal.Invoker.invokeMethod(Invoker.java:786)
	at org.testng.internal.Invoker.invokeTestMethod(Invoker.java:901)
	at org.testng.internal.Invoker.invokeTestMethods(Invoker.java:1231)
	at org.testng.internal.TestMethodWorker.invokeTestMethods(TestMethodWorker.java:127)
	at org.testng.internal.TestMethodWorker.run(TestMethodWorker.java:111)
	at org.testng.TestRunner.privateRun(TestRunner.java:767)
	at org.testng.TestRunner.run(TestRunner.java:617)
	at org.testng.SuiteRunner.runTest(SuiteRunner.java:334)
	at org.testng.SuiteRunner.runSequentially(SuiteRunner.java:329)
	at org.testng.SuiteRunner.privateRun(SuiteRunner.java:291)
	at org.testng.SuiteRunner.run(SuiteRunner.java:240)
	at org.testng.SuiteRunnerWorker.runSuite(SuiteRunnerWorker.java:52)
	at org.testng.SuiteRunnerWorker.run(SuiteRunnerWorker.java:86)
	at org.testng.TestNG.runSuitesSequentially(TestNG.java:1224)
	at org.testng.TestNG.runSuitesLocally(TestNG.java:1149)
	at org.testng.TestNG.run(TestNG.java:1057)
	at org.testng.TestNG.privateMain(TestNG.java:1364)
	at org.testng.TestNG.main(TestNG.java:1333)
]]>
            </full-stacktrace>
          </exception> <!-- org.openqa.selenium.WebDriverException -->
          <reporter-output>
          </reporter-output>
        </test-method> <!-- doAfter -->
      </class> <!-- com.hk.warehouseSpecific.GGNRtoTest -->
      <class name="com.hk.warehouseSpecific.DwarkaStoreAutoFlipping">
        <test-method status="PASS" signature="isSkip()[pri:0, instance:com.hk.warehouseSpecific.DwarkaStoreAutoFlipping@17202871]" name="isSkip" is-config="true" duration-ms="0" started-at="2015-03-10T11:49:14Z" finished-at="2015-03-10T11:49:14Z">
          <reporter-output>
          </reporter-output>
        </test-method> <!-- isSkip -->
        <test-method status="FAIL" signature="testDwarkaStoreAutoFlipping()[pri:0, instance:com.hk.warehouseSpecific.DwarkaStoreAutoFlipping@17202871]" name="testDwarkaStoreAutoFlipping" duration-ms="6273" started-at="2015-03-10T11:49:14Z" finished-at="2015-03-10T11:49:21Z">
          <exception class="org.openqa.selenium.WebDriverException">
            <message>
              <![CDATA[unknown error: cannot get automation extension
from disconnected: received Inspector.detached event
  (Session info: chrome=39.0.2171.99)
  (Driver info: chromedriver=2.7.236900,platform=Windows NT 6.1 SP1 x86_64) (WARNING: The server did not provide any stacktrace information)
Command duration or timeout: 2.76 seconds
Build info: version: '2.42.2', revision: '6a6995d', time: '2014-06-03 17:42:30'
System info: host: 'Tech-VipulJain', ip: '192.168.56.1', os.name: 'Windows 7', os.arch: 'amd64', os.version: '6.1', java.version: '1.7.0_45'
Session ID: 972196a58b856ee4565f8be0dd9219f0
Driver info: org.openqa.selenium.chrome.ChromeDriver
Capabilities [{platform=XP, acceptSslCerts=true, javascriptEnabled=true, browserName=chrome, chrome={userDataDir=C:\Users\VIPUL~1.JAI\AppData\Local\Temp\scoped_dir31752_6497}, rotatable=false, locationContextEnabled=true, version=39.0.2171.99, takesHeapSnapshot=true, cssSelectorsEnabled=true, databaseEnabled=false, handlesAlerts=true, browserConnectionEnabled=false, nativeEvents=true, webStorageEnabled=true, applicationCacheEnabled=false, takesScreenshot=true}]]]>
            </message>
            <full-stacktrace>
              <![CDATA[org.openqa.selenium.WebDriverException: unknown error: cannot get automation extension
from disconnected: received Inspector.detached event
  (Session info: chrome=39.0.2171.99)
  (Driver info: chromedriver=2.7.236900,platform=Windows NT 6.1 SP1 x86_64) (WARNING: The server did not provide any stacktrace information)
Command duration or timeout: 2.76 seconds
Build info: version: '2.42.2', revision: '6a6995d', time: '2014-06-03 17:42:30'
System info: host: 'Tech-VipulJain', ip: '192.168.56.1', os.name: 'Windows 7', os.arch: 'amd64', os.version: '6.1', java.version: '1.7.0_45'
Session ID: 972196a58b856ee4565f8be0dd9219f0
Driver info: org.openqa.selenium.chrome.ChromeDriver
Capabilities [{platform=XP, acceptSslCerts=true, javascriptEnabled=true, browserName=chrome, chrome={userDataDir=C:\Users\VIPUL~1.JAI\AppData\Local\Temp\scoped_dir31752_6497}, rotatable=false, locationContextEnabled=true, version=39.0.2171.99, takesHeapSnapshot=true, cssSelectorsEnabled=true, databaseEnabled=false, handlesAlerts=true, browserConnectionEnabled=false, nativeEvents=true, webStorageEnabled=true, applicationCacheEnabled=false, takesScreenshot=true}]
	at sun.reflect.NativeConstructorAccessorImpl.newInstance0(Native Method)
	at sun.reflect.NativeConstructorAccessorImpl.newInstance(NativeConstructorAccessorImpl.java:57)
	at sun.reflect.DelegatingConstructorAccessorImpl.newInstance(DelegatingConstructorAccessorImpl.java:45)
	at java.lang.reflect.Constructor.newInstance(Constructor.java:526)
	at org.openqa.selenium.remote.ErrorHandler.createThrowable(ErrorHandler.java:204)
	at org.openqa.selenium.remote.ErrorHandler.throwIfResponseFailed(ErrorHandler.java:156)
	at org.openqa.selenium.remote.RemoteWebDriver.execute(RemoteWebDriver.java:599)
	at org.openqa.selenium.remote.RemoteWebDriver$RemoteWebDriverOptions$RemoteWindow.maximize(RemoteWebDriver.java:829)
	at com.hk.commonProperties.SharedProperties.openBrowser(Unknown Source)
	at com.hk.warehouseSpecific.DwarkaStoreAutoFlipping.testDwarkaStoreAutoFlipping(Unknown Source)
	at sun.reflect.NativeMethodAccessorImpl.invoke0(Native Method)
	at sun.reflect.NativeMethodAccessorImpl.invoke(NativeMethodAccessorImpl.java:57)
	at sun.reflect.DelegatingMethodAccessorImpl.invoke(DelegatingMethodAccessorImpl.java:43)
	at java.lang.reflect.Method.invoke(Method.java:606)
	at org.testng.internal.MethodInvocationHelper.invokeMethod(MethodInvocationHelper.java:84)
	at org.testng.internal.Invoker.invokeMethod(Invoker.java:714)
	at org.testng.internal.Invoker.invokeTestMethod(Invoker.java:901)
	at org.testng.internal.Invoker.invokeTestMethods(Invoker.java:1231)
	at org.testng.internal.TestMethodWorker.invokeTestMethods(TestMethodWorker.java:127)
	at org.testng.internal.TestMethodWorker.run(TestMethodWorker.java:111)
	at org.testng.TestRunner.privateRun(TestRunner.java:767)
	at org.testng.TestRunner.run(TestRunner.java:617)
	at org.testng.SuiteRunner.runTest(SuiteRunner.java:334)
	at org.testng.SuiteRunner.runSequentially(SuiteRunner.java:329)
	at org.testng.SuiteRunner.privateRun(SuiteRunner.java:291)
	at org.testng.SuiteRunner.run(SuiteRunner.java:240)
	at org.testng.SuiteRunnerWorker.runSuite(SuiteRunnerWorker.java:52)
	at org.testng.SuiteRunnerWorker.run(SuiteRunnerWorker.java:86)
	at org.testng.TestNG.runSuitesSequentially(TestNG.java:1224)
	at org.testng.TestNG.runSuitesLocally(TestNG.java:1149)
	at org.testng.TestNG.run(TestNG.java:1057)
	at org.testng.TestNG.privateMain(TestNG.java:1364)
	at org.testng.TestNG.main(TestNG.java:1333)
]]>
            </full-stacktrace>
          </exception> <!-- org.openqa.selenium.WebDriverException -->
          <reporter-output>
          </reporter-output>
        </test-method> <!-- testDwarkaStoreAutoFlipping -->
        <test-method status="FAIL" signature="doAfter(org.testng.ITestResult)[pri:0, instance:com.hk.warehouseSpecific.DwarkaStoreAutoFlipping@17202871]" name="doAfter" is-config="true" duration-ms="0" started-at="2015-03-10T11:49:21Z" finished-at="2015-03-10T11:49:21Z">
          <params>
            <param index="0">
              <value>
                <![CDATA[[TestResult name=testDwarkaStoreAutoFlipping status=FAILURE method=DwarkaStoreAutoFlipping.testDwarkaStoreAutoFlipping()[pri:0, instance:com.hk.warehouseSpecific.DwarkaStoreAutoFlipping@17202871] output={null}]]]>
              </value>
            </param>
          </params>
          <exception class="org.openqa.selenium.WebDriverException">
            <message>
              <![CDATA[chrome not reachable
  (Session info: chrome=39.0.2171.99)
  (Driver info: chromedriver=2.7.236900,platform=Windows NT 6.1 SP1 x86_64) (WARNING: The server did not provide any stacktrace information)
Command duration or timeout: 2.14 seconds
Build info: version: '2.42.2', revision: '6a6995d', time: '2014-06-03 17:42:30'
System info: host: 'Tech-VipulJain', ip: '192.168.56.1', os.name: 'Windows 7', os.arch: 'amd64', os.version: '6.1', java.version: '1.7.0_45'
Session ID: 972196a58b856ee4565f8be0dd9219f0
Driver info: org.openqa.selenium.chrome.ChromeDriver
Capabilities [{platform=XP, acceptSslCerts=true, javascriptEnabled=true, browserName=chrome, chrome={userDataDir=C:\Users\VIPUL~1.JAI\AppData\Local\Temp\scoped_dir31752_6497}, rotatable=false, locationContextEnabled=true, version=39.0.2171.99, takesHeapSnapshot=true, cssSelectorsEnabled=true, databaseEnabled=false, handlesAlerts=true, browserConnectionEnabled=false, nativeEvents=true, webStorageEnabled=true, applicationCacheEnabled=false, takesScreenshot=true}]]]>
            </message>
            <full-stacktrace>
              <![CDATA[org.openqa.selenium.WebDriverException: chrome not reachable
  (Session info: chrome=39.0.2171.99)
  (Driver info: chromedriver=2.7.236900,platform=Windows NT 6.1 SP1 x86_64) (WARNING: The server did not provide any stacktrace information)
Command duration or timeout: 2.14 seconds
Build info: version: '2.42.2', revision: '6a6995d', time: '2014-06-03 17:42:30'
System info: host: 'Tech-VipulJain', ip: '192.168.56.1', os.name: 'Windows 7', os.arch: 'amd64', os.version: '6.1', java.version: '1.7.0_45'
Session ID: 972196a58b856ee4565f8be0dd9219f0
Driver info: org.openqa.selenium.chrome.ChromeDriver
Capabilities [{platform=XP, acceptSslCerts=true, javascriptEnabled=true, browserName=chrome, chrome={userDataDir=C:\Users\VIPUL~1.JAI\AppData\Local\Temp\scoped_dir31752_6497}, rotatable=false, locationContextEnabled=true, version=39.0.2171.99, takesHeapSnapshot=true, cssSelectorsEnabled=true, databaseEnabled=false, handlesAlerts=true, browserConnectionEnabled=false, nativeEvents=true, webStorageEnabled=true, applicationCacheEnabled=false, takesScreenshot=true}]
	at sun.reflect.GeneratedConstructorAccessor58.newInstance(Unknown Source)
	at sun.reflect.DelegatingConstructorAccessorImpl.newInstance(DelegatingConstructorAccessorImpl.java:45)
	at java.lang.reflect.Constructor.newInstance(Constructor.java:526)
	at org.openqa.selenium.remote.ErrorHandler.createThrowable(ErrorHandler.java:204)
	at org.openqa.selenium.remote.ErrorHandler.throwIfResponseFailed(ErrorHandler.java:156)
	at org.openqa.selenium.remote.RemoteWebDriver.execute(RemoteWebDriver.java:599)
	at org.openqa.selenium.remote.RemoteWebDriver.execute(RemoteWebDriver.java:614)
	at org.openqa.selenium.remote.RemoteWebDriver.getScreenshotAs(RemoteWebDriver.java:324)
	at com.hk.warehouseSpecific.DwarkaStoreAutoFlipping.doAfter(Unknown Source)
	at sun.reflect.NativeMethodAccessorImpl.invoke0(Native Method)
	at sun.reflect.NativeMethodAccessorImpl.invoke(NativeMethodAccessorImpl.java:57)
	at sun.reflect.DelegatingMethodAccessorImpl.invoke(DelegatingMethodAccessorImpl.java:43)
	at java.lang.reflect.Method.invoke(Method.java:606)
	at org.testng.internal.MethodInvocationHelper.invokeMethod(MethodInvocationHelper.java:84)
	at org.testng.internal.Invoker.invokeConfigurationMethod(Invoker.java:564)
	at org.testng.internal.Invoker.invokeConfigurations(Invoker.java:213)
	at org.testng.internal.Invoker.invokeMethod(Invoker.java:786)
	at org.testng.internal.Invoker.invokeTestMethod(Invoker.java:901)
	at org.testng.internal.Invoker.invokeTestMethods(Invoker.java:1231)
	at org.testng.internal.TestMethodWorker.invokeTestMethods(TestMethodWorker.java:127)
	at org.testng.internal.TestMethodWorker.run(TestMethodWorker.java:111)
	at org.testng.TestRunner.privateRun(TestRunner.java:767)
	at org.testng.TestRunner.run(TestRunner.java:617)
	at org.testng.SuiteRunner.runTest(SuiteRunner.java:334)
	at org.testng.SuiteRunner.runSequentially(SuiteRunner.java:329)
	at org.testng.SuiteRunner.privateRun(SuiteRunner.java:291)
	at org.testng.SuiteRunner.run(SuiteRunner.java:240)
	at org.testng.SuiteRunnerWorker.runSuite(SuiteRunnerWorker.java:52)
	at org.testng.SuiteRunnerWorker.run(SuiteRunnerWorker.java:86)
	at org.testng.TestNG.runSuitesSequentially(TestNG.java:1224)
	at org.testng.TestNG.runSuitesLocally(TestNG.java:1149)
	at org.testng.TestNG.run(TestNG.java:1057)
	at org.testng.TestNG.privateMain(TestNG.java:1364)
	at org.testng.TestNG.main(TestNG.java:1333)
]]>
            </full-stacktrace>
          </exception> <!-- org.openqa.selenium.WebDriverException -->
          <reporter-output>
          </reporter-output>
        </test-method> <!-- doAfter -->
      </class> <!-- com.hk.warehouseSpecific.DwarkaStoreAutoFlipping -->
      <class name="com.hk.warehouseSpecific.DwarkaStoreRPUCheckin">
        <test-method status="PASS" signature="isSkip()[pri:0, instance:com.hk.warehouseSpecific.DwarkaStoreRPUCheckin@5dcfdf55]" name="isSkip" is-config="true" duration-ms="0" started-at="2015-03-10T11:49:23Z" finished-at="2015-03-10T11:49:23Z">
          <reporter-output>
          </reporter-output>
        </test-method> <!-- isSkip -->
        <test-method status="FAIL" signature="testDwarkaStoreRPUCheckin()[pri:0, instance:com.hk.warehouseSpecific.DwarkaStoreRPUCheckin@5dcfdf55]" name="testDwarkaStoreRPUCheckin" duration-ms="8421" started-at="2015-03-10T11:49:23Z" finished-at="2015-03-10T11:49:31Z">
          <exception class="org.openqa.selenium.WebDriverException">
            <message>
              <![CDATA[unknown error: cannot determine loading status
from disconnected: Unable to receive message from renderer
  (Session info: chrome=39.0.2171.99)
  (Driver info: chromedriver=2.7.236900,platform=Windows NT 6.1 SP1 x86_64) (WARNING: The server did not provide any stacktrace information)
Command duration or timeout: 941 milliseconds
Build info: version: '2.42.2', revision: '6a6995d', time: '2014-06-03 17:42:30'
System info: host: 'Tech-VipulJain', ip: '192.168.56.1', os.name: 'Windows 7', os.arch: 'amd64', os.version: '6.1', java.version: '1.7.0_45'
Session ID: df65ae87c09617c97427ffd3a193d533
Driver info: org.openqa.selenium.chrome.ChromeDriver
Capabilities [{platform=XP, acceptSslCerts=true, javascriptEnabled=true, browserName=chrome, chrome={userDataDir=C:\Users\VIPUL~1.JAI\AppData\Local\Temp\scoped_dir40448_32198}, rotatable=false, locationContextEnabled=true, version=39.0.2171.99, takesHeapSnapshot=true, cssSelectorsEnabled=true, databaseEnabled=false, handlesAlerts=true, browserConnectionEnabled=false, nativeEvents=true, webStorageEnabled=true, applicationCacheEnabled=false, takesScreenshot=true}]]]>
            </message>
            <full-stacktrace>
              <![CDATA[org.openqa.selenium.WebDriverException: unknown error: cannot determine loading status
from disconnected: Unable to receive message from renderer
  (Session info: chrome=39.0.2171.99)
  (Driver info: chromedriver=2.7.236900,platform=Windows NT 6.1 SP1 x86_64) (WARNING: The server did not provide any stacktrace information)
Command duration or timeout: 941 milliseconds
Build info: version: '2.42.2', revision: '6a6995d', time: '2014-06-03 17:42:30'
System info: host: 'Tech-VipulJain', ip: '192.168.56.1', os.name: 'Windows 7', os.arch: 'amd64', os.version: '6.1', java.version: '1.7.0_45'
Session ID: df65ae87c09617c97427ffd3a193d533
Driver info: org.openqa.selenium.chrome.ChromeDriver
Capabilities [{platform=XP, acceptSslCerts=true, javascriptEnabled=true, browserName=chrome, chrome={userDataDir=C:\Users\VIPUL~1.JAI\AppData\Local\Temp\scoped_dir40448_32198}, rotatable=false, locationContextEnabled=true, version=39.0.2171.99, takesHeapSnapshot=true, cssSelectorsEnabled=true, databaseEnabled=false, handlesAlerts=true, browserConnectionEnabled=false, nativeEvents=true, webStorageEnabled=true, applicationCacheEnabled=false, takesScreenshot=true}]
	at sun.reflect.GeneratedConstructorAccessor58.newInstance(Unknown Source)
	at sun.reflect.DelegatingConstructorAccessorImpl.newInstance(DelegatingConstructorAccessorImpl.java:45)
	at java.lang.reflect.Constructor.newInstance(Constructor.java:526)
	at org.openqa.selenium.remote.ErrorHandler.createThrowable(ErrorHandler.java:204)
	at org.openqa.selenium.remote.ErrorHandler.throwIfResponseFailed(ErrorHandler.java:156)
	at org.openqa.selenium.remote.RemoteWebDriver.execute(RemoteWebDriver.java:599)
	at org.openqa.selenium.remote.RemoteWebDriver.get(RemoteWebDriver.java:304)
	at com.hk.commonProperties.SharedProperties.openBrowser(Unknown Source)
	at com.hk.warehouseSpecific.DwarkaStoreRPUCheckin.testDwarkaStoreRPUCheckin(Unknown Source)
	at sun.reflect.NativeMethodAccessorImpl.invoke0(Native Method)
	at sun.reflect.NativeMethodAccessorImpl.invoke(NativeMethodAccessorImpl.java:57)
	at sun.reflect.DelegatingMethodAccessorImpl.invoke(DelegatingMethodAccessorImpl.java:43)
	at java.lang.reflect.Method.invoke(Method.java:606)
	at org.testng.internal.MethodInvocationHelper.invokeMethod(MethodInvocationHelper.java:84)
	at org.testng.internal.Invoker.invokeMethod(Invoker.java:714)
	at org.testng.internal.Invoker.invokeTestMethod(Invoker.java:901)
	at org.testng.internal.Invoker.invokeTestMethods(Invoker.java:1231)
	at org.testng.internal.TestMethodWorker.invokeTestMethods(TestMethodWorker.java:127)
	at org.testng.internal.TestMethodWorker.run(TestMethodWorker.java:111)
	at org.testng.TestRunner.privateRun(TestRunner.java:767)
	at org.testng.TestRunner.run(TestRunner.java:617)
	at org.testng.SuiteRunner.runTest(SuiteRunner.java:334)
	at org.testng.SuiteRunner.runSequentially(SuiteRunner.java:329)
	at org.testng.SuiteRunner.privateRun(SuiteRunner.java:291)
	at org.testng.SuiteRunner.run(SuiteRunner.java:240)
	at org.testng.SuiteRunnerWorker.runSuite(SuiteRunnerWorker.java:52)
	at org.testng.SuiteRunnerWorker.run(SuiteRunnerWorker.java:86)
	at org.testng.TestNG.runSuitesSequentially(TestNG.java:1224)
	at org.testng.TestNG.runSuitesLocally(TestNG.java:1149)
	at org.testng.TestNG.run(TestNG.java:1057)
	at org.testng.TestNG.privateMain(TestNG.java:1364)
	at org.testng.TestNG.main(TestNG.java:1333)
]]>
            </full-stacktrace>
          </exception> <!-- org.openqa.selenium.WebDriverException -->
          <reporter-output>
          </reporter-output>
        </test-method> <!-- testDwarkaStoreRPUCheckin -->
        <test-method status="FAIL" signature="doAfter(org.testng.ITestResult)[pri:0, instance:com.hk.warehouseSpecific.DwarkaStoreRPUCheckin@5dcfdf55]" name="doAfter" is-config="true" duration-ms="0" started-at="2015-03-10T11:49:31Z" finished-at="2015-03-10T11:49:31Z">
          <params>
            <param index="0">
              <value>
                <![CDATA[[TestResult name=testDwarkaStoreRPUCheckin status=FAILURE method=DwarkaStoreRPUCheckin.testDwarkaStoreRPUCheckin()[pri:0, instance:com.hk.warehouseSpecific.DwarkaStoreRPUCheckin@5dcfdf55] output={null}]]]>
              </value>
            </param>
          </params>
          <exception class="java.lang.RuntimeException">
            <message>
              <![CDATA[Unexpected result for screenshot command: null]]>
            </message>
            <full-stacktrace>
              <![CDATA[java.lang.RuntimeException: Unexpected result for screenshot command: null
	at org.openqa.selenium.remote.RemoteWebDriver.getScreenshotAs(RemoteWebDriver.java:333)
	at com.hk.warehouseSpecific.DwarkaStoreRPUCheckin.doAfter(Unknown Source)
	at sun.reflect.NativeMethodAccessorImpl.invoke0(Native Method)
	at sun.reflect.NativeMethodAccessorImpl.invoke(NativeMethodAccessorImpl.java:57)
	at sun.reflect.DelegatingMethodAccessorImpl.invoke(DelegatingMethodAccessorImpl.java:43)
	at java.lang.reflect.Method.invoke(Method.java:606)
	at org.testng.internal.MethodInvocationHelper.invokeMethod(MethodInvocationHelper.java:84)
	at org.testng.internal.Invoker.invokeConfigurationMethod(Invoker.java:564)
	at org.testng.internal.Invoker.invokeConfigurations(Invoker.java:213)
	at org.testng.internal.Invoker.invokeMethod(Invoker.java:786)
	at org.testng.internal.Invoker.invokeTestMethod(Invoker.java:901)
	at org.testng.internal.Invoker.invokeTestMethods(Invoker.java:1231)
	at org.testng.internal.TestMethodWorker.invokeTestMethods(TestMethodWorker.java:127)
	at org.testng.internal.TestMethodWorker.run(TestMethodWorker.java:111)
	at org.testng.TestRunner.privateRun(TestRunner.java:767)
	at org.testng.TestRunner.run(TestRunner.java:617)
	at org.testng.SuiteRunner.runTest(SuiteRunner.java:334)
	at org.testng.SuiteRunner.runSequentially(SuiteRunner.java:329)
	at org.testng.SuiteRunner.privateRun(SuiteRunner.java:291)
	at org.testng.SuiteRunner.run(SuiteRunner.java:240)
	at org.testng.SuiteRunnerWorker.runSuite(SuiteRunnerWorker.java:52)
	at org.testng.SuiteRunnerWorker.run(SuiteRunnerWorker.java:86)
	at org.testng.TestNG.runSuitesSequentially(TestNG.java:1224)
	at org.testng.TestNG.runSuitesLocally(TestNG.java:1149)
	at org.testng.TestNG.run(TestNG.java:1057)
	at org.testng.TestNG.privateMain(TestNG.java:1364)
	at org.testng.TestNG.main(TestNG.java:1333)
]]>
            </full-stacktrace>
          </exception> <!-- java.lang.RuntimeException -->
          <reporter-output>
          </reporter-output>
        </test-method> <!-- doAfter -->
      </class> <!-- com.hk.warehouseSpecific.DwarkaStoreRPUCheckin -->
      <class name="com.hk.warehouseSpecific.PUNStoreAutoFlipping">
        <test-method status="FAIL" signature="testPUNStoreAutoFlipping()[pri:0, instance:com.hk.warehouseSpecific.PUNStoreAutoFlipping@7efaa9e2]" name="testPUNStoreAutoFlipping" duration-ms="23116" started-at="2015-03-10T11:51:22Z" finished-at="2015-03-10T11:51:45Z">
          <exception class="org.openqa.selenium.WebDriverException">
            <message>
              <![CDATA[unknown error: Chrome failed to start: exited normally
  (Driver info: chromedriver=2.7.236900,platform=Windows NT 6.1 SP1 x86_64) (WARNING: The server did not provide any stacktrace information)
Command duration or timeout: 22.04 seconds
Build info: version: '2.42.2', revision: '6a6995d', time: '2014-06-03 17:42:30'
System info: host: 'Tech-VipulJain', ip: '192.168.56.1', os.name: 'Windows 7', os.arch: 'amd64', os.version: '6.1', java.version: '1.7.0_45'
Driver info: org.openqa.selenium.chrome.ChromeDriver]]>
            </message>
            <full-stacktrace>
              <![CDATA[org.openqa.selenium.WebDriverException: unknown error: Chrome failed to start: exited normally
  (Driver info: chromedriver=2.7.236900,platform=Windows NT 6.1 SP1 x86_64) (WARNING: The server did not provide any stacktrace information)
Command duration or timeout: 22.04 seconds
Build info: version: '2.42.2', revision: '6a6995d', time: '2014-06-03 17:42:30'
System info: host: 'Tech-VipulJain', ip: '192.168.56.1', os.name: 'Windows 7', os.arch: 'amd64', os.version: '6.1', java.version: '1.7.0_45'
Driver info: org.openqa.selenium.chrome.ChromeDriver
	at sun.reflect.GeneratedConstructorAccessor58.newInstance(Unknown Source)
	at sun.reflect.DelegatingConstructorAccessorImpl.newInstance(DelegatingConstructorAccessorImpl.java:45)
	at java.lang.reflect.Constructor.newInstance(Constructor.java:526)
	at org.openqa.selenium.remote.ErrorHandler.createThrowable(ErrorHandler.java:204)
	at org.openqa.selenium.remote.ErrorHandler.throwIfResponseFailed(ErrorHandler.java:156)
	at org.openqa.selenium.remote.RemoteWebDriver.execute(RemoteWebDriver.java:599)
	at org.openqa.selenium.remote.RemoteWebDriver.startSession(RemoteWebDriver.java:240)
	at org.openqa.selenium.remote.RemoteWebDriver.<init>(RemoteWebDriver.java:126)
	at org.openqa.selenium.remote.RemoteWebDriver.<init>(RemoteWebDriver.java:139)
	at org.openqa.selenium.chrome.ChromeDriver.<init>(ChromeDriver.java:171)
	at org.openqa.selenium.chrome.ChromeDriver.<init>(ChromeDriver.java:160)
	at org.openqa.selenium.chrome.ChromeDriver.<init>(ChromeDriver.java:117)
	at com.hk.commonProperties.SharedProperties.openBrowser(Unknown Source)
	at com.hk.warehouseSpecific.PUNStoreAutoFlipping.testPUNStoreAutoFlipping(Unknown Source)
	at sun.reflect.NativeMethodAccessorImpl.invoke0(Native Method)
	at sun.reflect.NativeMethodAccessorImpl.invoke(NativeMethodAccessorImpl.java:57)
	at sun.reflect.DelegatingMethodAccessorImpl.invoke(DelegatingMethodAccessorImpl.java:43)
	at java.lang.reflect.Method.invoke(Method.java:606)
	at org.testng.internal.MethodInvocationHelper.invokeMethod(MethodInvocationHelper.java:84)
	at org.testng.internal.Invoker.invokeMethod(Invoker.java:714)
	at org.testng.internal.Invoker.invokeTestMethod(Invoker.java:901)
	at org.testng.internal.Invoker.invokeTestMethods(Invoker.java:1231)
	at org.testng.internal.TestMethodWorker.invokeTestMethods(TestMethodWorker.java:127)
	at org.testng.internal.TestMethodWorker.run(TestMethodWorker.java:111)
	at org.testng.TestRunner.privateRun(TestRunner.java:767)
	at org.testng.TestRunner.run(TestRunner.java:617)
	at org.testng.SuiteRunner.runTest(SuiteRunner.java:334)
	at org.testng.SuiteRunner.runSequentially(SuiteRunner.java:329)
	at org.testng.SuiteRunner.privateRun(SuiteRunner.java:291)
	at org.testng.SuiteRunner.run(SuiteRunner.java:240)
	at org.testng.SuiteRunnerWorker.runSuite(SuiteRunnerWorker.java:52)
	at org.testng.SuiteRunnerWorker.run(SuiteRunnerWorker.java:86)
	at org.testng.TestNG.runSuitesSequentially(TestNG.java:1224)
	at org.testng.TestNG.runSuitesLocally(TestNG.java:1149)
	at org.testng.TestNG.run(TestNG.java:1057)
	at org.testng.TestNG.privateMain(TestNG.java:1364)
	at org.testng.TestNG.main(TestNG.java:1333)
]]>
            </full-stacktrace>
          </exception> <!-- org.openqa.selenium.WebDriverException -->
          <reporter-output>
          </reporter-output>
        </test-method> <!-- testPUNStoreAutoFlipping -->
        <test-method status="PASS" signature="isSkip()[pri:0, instance:com.hk.warehouseSpecific.PUNStoreAutoFlipping@7efaa9e2]" name="isSkip" is-config="true" duration-ms="0" started-at="2015-03-10T11:51:22Z" finished-at="2015-03-10T11:51:22Z">
          <reporter-output>
          </reporter-output>
        </test-method> <!-- isSkip -->
        <test-method status="FAIL" signature="doAfter(org.testng.ITestResult)[pri:0, instance:com.hk.warehouseSpecific.PUNStoreAutoFlipping@7efaa9e2]" name="doAfter" is-config="true" duration-ms="0" started-at="2015-03-10T11:51:45Z" finished-at="2015-03-10T11:51:45Z">
          <params>
            <param index="0">
              <value>
                <![CDATA[[TestResult name=testPUNStoreAutoFlipping status=FAILURE method=PUNStoreAutoFlipping.testPUNStoreAutoFlipping()[pri:0, instance:com.hk.warehouseSpecific.PUNStoreAutoFlipping@7efaa9e2] output={null}]]]>
              </value>
            </param>
          </params>
          <exception class="org.openqa.selenium.WebDriverException">
            <message>
              <![CDATA[chrome not reachable
  (Session info: chrome=39.0.2171.99)
  (Driver info: chromedriver=2.7.236900,platform=Windows NT 6.1 SP1 x86_64) (WARNING: The server did not provide any stacktrace information)
Command duration or timeout: 2.18 seconds
Build info: version: '2.42.2', revision: '6a6995d', time: '2014-06-03 17:42:30'
System info: host: 'Tech-VipulJain', ip: '192.168.56.1', os.name: 'Windows 7', os.arch: 'amd64', os.version: '6.1', java.version: '1.7.0_45'
Session ID: a00ab5dc953454cd2a9f35473ff906e9
Driver info: org.openqa.selenium.chrome.ChromeDriver
Capabilities [{platform=XP, acceptSslCerts=true, javascriptEnabled=true, browserName=chrome, chrome={userDataDir=C:\Users\VIPUL~1.JAI\AppData\Local\Temp\scoped_dir31712_24240}, rotatable=false, locationContextEnabled=true, version=39.0.2171.99, takesHeapSnapshot=true, cssSelectorsEnabled=true, databaseEnabled=false, handlesAlerts=true, browserConnectionEnabled=false, nativeEvents=true, webStorageEnabled=true, applicationCacheEnabled=false, takesScreenshot=true}]]]>
            </message>
            <full-stacktrace>
              <![CDATA[org.openqa.selenium.WebDriverException: chrome not reachable
  (Session info: chrome=39.0.2171.99)
  (Driver info: chromedriver=2.7.236900,platform=Windows NT 6.1 SP1 x86_64) (WARNING: The server did not provide any stacktrace information)
Command duration or timeout: 2.18 seconds
Build info: version: '2.42.2', revision: '6a6995d', time: '2014-06-03 17:42:30'
System info: host: 'Tech-VipulJain', ip: '192.168.56.1', os.name: 'Windows 7', os.arch: 'amd64', os.version: '6.1', java.version: '1.7.0_45'
Session ID: a00ab5dc953454cd2a9f35473ff906e9
Driver info: org.openqa.selenium.chrome.ChromeDriver
Capabilities [{platform=XP, acceptSslCerts=true, javascriptEnabled=true, browserName=chrome, chrome={userDataDir=C:\Users\VIPUL~1.JAI\AppData\Local\Temp\scoped_dir31712_24240}, rotatable=false, locationContextEnabled=true, version=39.0.2171.99, takesHeapSnapshot=true, cssSelectorsEnabled=true, databaseEnabled=false, handlesAlerts=true, browserConnectionEnabled=false, nativeEvents=true, webStorageEnabled=true, applicationCacheEnabled=false, takesScreenshot=true}]
	at sun.reflect.GeneratedConstructorAccessor58.newInstance(Unknown Source)
	at sun.reflect.DelegatingConstructorAccessorImpl.newInstance(DelegatingConstructorAccessorImpl.java:45)
	at java.lang.reflect.Constructor.newInstance(Constructor.java:526)
	at org.openqa.selenium.remote.ErrorHandler.createThrowable(ErrorHandler.java:204)
	at org.openqa.selenium.remote.ErrorHandler.throwIfResponseFailed(ErrorHandler.java:156)
	at org.openqa.selenium.remote.RemoteWebDriver.execute(RemoteWebDriver.java:599)
	at org.openqa.selenium.remote.RemoteWebDriver.execute(RemoteWebDriver.java:614)
	at org.openqa.selenium.remote.RemoteWebDriver.getScreenshotAs(RemoteWebDriver.java:324)
	at com.hk.warehouseSpecific.PUNStoreAutoFlipping.doAfter(Unknown Source)
	at sun.reflect.NativeMethodAccessorImpl.invoke0(Native Method)
	at sun.reflect.NativeMethodAccessorImpl.invoke(NativeMethodAccessorImpl.java:57)
	at sun.reflect.DelegatingMethodAccessorImpl.invoke(DelegatingMethodAccessorImpl.java:43)
	at java.lang.reflect.Method.invoke(Method.java:606)
	at org.testng.internal.MethodInvocationHelper.invokeMethod(MethodInvocationHelper.java:84)
	at org.testng.internal.Invoker.invokeConfigurationMethod(Invoker.java:564)
	at org.testng.internal.Invoker.invokeConfigurations(Invoker.java:213)
	at org.testng.internal.Invoker.invokeMethod(Invoker.java:786)
	at org.testng.internal.Invoker.invokeTestMethod(Invoker.java:901)
	at org.testng.internal.Invoker.invokeTestMethods(Invoker.java:1231)
	at org.testng.internal.TestMethodWorker.invokeTestMethods(TestMethodWorker.java:127)
	at org.testng.internal.TestMethodWorker.run(TestMethodWorker.java:111)
	at org.testng.TestRunner.privateRun(TestRunner.java:767)
	at org.testng.TestRunner.run(TestRunner.java:617)
	at org.testng.SuiteRunner.runTest(SuiteRunner.java:334)
	at org.testng.SuiteRunner.runSequentially(SuiteRunner.java:329)
	at org.testng.SuiteRunner.privateRun(SuiteRunner.java:291)
	at org.testng.SuiteRunner.run(SuiteRunner.java:240)
	at org.testng.SuiteRunnerWorker.runSuite(SuiteRunnerWorker.java:52)
	at org.testng.SuiteRunnerWorker.run(SuiteRunnerWorker.java:86)
	at org.testng.TestNG.runSuitesSequentially(TestNG.java:1224)
	at org.testng.TestNG.runSuitesLocally(TestNG.java:1149)
	at org.testng.TestNG.run(TestNG.java:1057)
	at org.testng.TestNG.privateMain(TestNG.java:1364)
	at org.testng.TestNG.main(TestNG.java:1333)
]]>
            </full-stacktrace>
          </exception> <!-- org.openqa.selenium.WebDriverException -->
          <reporter-output>
          </reporter-output>
        </test-method> <!-- doAfter -->
      </class> <!-- com.hk.warehouseSpecific.PUNStoreAutoFlipping -->
      <class name="com.hk.orderPlacement.GuestCheckoutCod">
        <test-method status="PASS" signature="config()[pri:0, instance:com.hk.orderPlacement.GuestCheckoutCod@52574b52]" name="config" is-config="true" duration-ms="1" started-at="2015-03-10T11:47:08Z" finished-at="2015-03-10T11:47:08Z">
          <reporter-output>
          </reporter-output>
        </test-method> <!-- config -->
        <test-method status="PASS" signature="isSkip()[pri:0, instance:com.hk.orderPlacement.GuestCheckoutCod@52574b52]" name="isSkip" is-config="true" duration-ms="1" started-at="2015-03-10T11:47:08Z" finished-at="2015-03-10T11:47:08Z">
          <reporter-output>
          </reporter-output>
        </test-method> <!-- isSkip -->
        <test-method status="FAIL" signature="login(java.lang.Long)[pri:0, instance:com.hk.orderPlacement.GuestCheckoutCod@52574b52]" name="login" duration-ms="22967" started-at="2015-03-10T11:47:08Z" finished-at="2015-03-10T11:47:31Z">
          <params>
            <param index="0">
              <value is-null="true"/>
            </param>
          </params>
          <exception class="org.openqa.selenium.WebDriverException">
            <message>
              <![CDATA[unknown error: Chrome failed to start: exited normally
  (Driver info: chromedriver=2.7.236900,platform=Windows NT 6.1 SP1 x86_64) (WARNING: The server did not provide any stacktrace information)
Command duration or timeout: 21.88 seconds
Build info: version: '2.42.2', revision: '6a6995d', time: '2014-06-03 17:42:30'
System info: host: 'Tech-VipulJain', ip: '192.168.56.1', os.name: 'Windows 7', os.arch: 'amd64', os.version: '6.1', java.version: '1.7.0_45'
Driver info: org.openqa.selenium.chrome.ChromeDriver]]>
            </message>
            <full-stacktrace>
              <![CDATA[org.openqa.selenium.WebDriverException: unknown error: Chrome failed to start: exited normally
  (Driver info: chromedriver=2.7.236900,platform=Windows NT 6.1 SP1 x86_64) (WARNING: The server did not provide any stacktrace information)
Command duration or timeout: 21.88 seconds
Build info: version: '2.42.2', revision: '6a6995d', time: '2014-06-03 17:42:30'
System info: host: 'Tech-VipulJain', ip: '192.168.56.1', os.name: 'Windows 7', os.arch: 'amd64', os.version: '6.1', java.version: '1.7.0_45'
Driver info: org.openqa.selenium.chrome.ChromeDriver
	at sun.reflect.NativeConstructorAccessorImpl.newInstance0(Native Method)
	at sun.reflect.NativeConstructorAccessorImpl.newInstance(NativeConstructorAccessorImpl.java:57)
	at sun.reflect.DelegatingConstructorAccessorImpl.newInstance(DelegatingConstructorAccessorImpl.java:45)
	at java.lang.reflect.Constructor.newInstance(Constructor.java:526)
	at org.openqa.selenium.remote.ErrorHandler.createThrowable(ErrorHandler.java:204)
	at org.openqa.selenium.remote.ErrorHandler.throwIfResponseFailed(ErrorHandler.java:156)
	at org.openqa.selenium.remote.RemoteWebDriver.execute(RemoteWebDriver.java:599)
	at org.openqa.selenium.remote.RemoteWebDriver.startSession(RemoteWebDriver.java:240)
	at org.openqa.selenium.remote.RemoteWebDriver.<init>(RemoteWebDriver.java:126)
	at org.openqa.selenium.remote.RemoteWebDriver.<init>(RemoteWebDriver.java:139)
	at org.openqa.selenium.chrome.ChromeDriver.<init>(ChromeDriver.java:171)
	at org.openqa.selenium.chrome.ChromeDriver.<init>(ChromeDriver.java:160)
	at org.openqa.selenium.chrome.ChromeDriver.<init>(ChromeDriver.java:117)
	at com.hk.commonProperties.SharedProperties.openBrowser(Unknown Source)
	at com.hk.orderPlacement.GuestCheckoutCod.login(Unknown Source)
	at sun.reflect.NativeMethodAccessorImpl.invoke0(Native Method)
	at sun.reflect.NativeMethodAccessorImpl.invoke(NativeMethodAccessorImpl.java:57)
	at sun.reflect.DelegatingMethodAccessorImpl.invoke(DelegatingMethodAccessorImpl.java:43)
	at java.lang.reflect.Method.invoke(Method.java:606)
	at org.testng.internal.MethodInvocationHelper.invokeMethod(MethodInvocationHelper.java:84)
	at org.testng.internal.Invoker.invokeMethod(Invoker.java:714)
	at org.testng.internal.Invoker.invokeTestMethod(Invoker.java:901)
	at org.testng.internal.Invoker.invokeTestMethods(Invoker.java:1231)
	at org.testng.internal.TestMethodWorker.invokeTestMethods(TestMethodWorker.java:127)
	at org.testng.internal.TestMethodWorker.run(TestMethodWorker.java:111)
	at org.testng.TestRunner.privateRun(TestRunner.java:767)
	at org.testng.TestRunner.run(TestRunner.java:617)
	at org.testng.SuiteRunner.runTest(SuiteRunner.java:334)
	at org.testng.SuiteRunner.runSequentially(SuiteRunner.java:329)
	at org.testng.SuiteRunner.privateRun(SuiteRunner.java:291)
	at org.testng.SuiteRunner.run(SuiteRunner.java:240)
	at org.testng.SuiteRunnerWorker.runSuite(SuiteRunnerWorker.java:52)
	at org.testng.SuiteRunnerWorker.run(SuiteRunnerWorker.java:86)
	at org.testng.TestNG.runSuitesSequentially(TestNG.java:1224)
	at org.testng.TestNG.runSuitesLocally(TestNG.java:1149)
	at org.testng.TestNG.run(TestNG.java:1057)
	at org.testng.TestNG.privateMain(TestNG.java:1364)
	at org.testng.TestNG.main(TestNG.java:1333)
]]>
            </full-stacktrace>
          </exception> <!-- org.openqa.selenium.WebDriverException -->
          <reporter-output>
          </reporter-output>
        </test-method> <!-- login -->
        <test-method status="FAIL" signature="doAfter(org.testng.ITestResult)[pri:0, instance:com.hk.orderPlacement.GuestCheckoutCod@52574b52]" name="doAfter" is-config="true" duration-ms="0" started-at="2015-03-10T11:47:31Z" finished-at="2015-03-10T11:47:31Z">
          <params>
            <param index="0">
              <value>
                <![CDATA[[TestResult name=login status=FAILURE method=GuestCheckoutCod.login(java.lang.Long)[pri:0, instance:com.hk.orderPlacement.GuestCheckoutCod@52574b52] output={null}]]]>
              </value>
            </param>
          </params>
          <exception class="org.openqa.selenium.NoSuchWindowException">
            <message>
              <![CDATA[no such window: target window already closed
from unknown error: web view not found
  (Session info: chrome=39.0.2171.99)
  (Driver info: chromedriver=2.7.236900,platform=Windows NT 6.1 SP1 x86_64) (WARNING: The server did not provide any stacktrace information)
Command duration or timeout: 0 milliseconds
Build info: version: '2.42.2', revision: '6a6995d', time: '2014-06-03 17:42:30'
System info: host: 'Tech-VipulJain', ip: '192.168.56.1', os.name: 'Windows 7', os.arch: 'amd64', os.version: '6.1', java.version: '1.7.0_45'
Session ID: eacfa48366f16b62fff54fed5dbf9d13
Driver info: org.openqa.selenium.chrome.ChromeDriver
Capabilities [{platform=XP, acceptSslCerts=true, javascriptEnabled=true, browserName=chrome, chrome={userDataDir=C:\Users\VIPUL~1.JAI\AppData\Local\Temp\scoped_dir48432_13876}, rotatable=false, locationContextEnabled=true, version=39.0.2171.99, takesHeapSnapshot=true, cssSelectorsEnabled=true, databaseEnabled=false, handlesAlerts=true, browserConnectionEnabled=false, nativeEvents=true, webStorageEnabled=true, applicationCacheEnabled=false, takesScreenshot=true}]]]>
            </message>
            <full-stacktrace>
              <![CDATA[org.openqa.selenium.NoSuchWindowException: no such window: target window already closed
from unknown error: web view not found
  (Session info: chrome=39.0.2171.99)
  (Driver info: chromedriver=2.7.236900,platform=Windows NT 6.1 SP1 x86_64) (WARNING: The server did not provide any stacktrace information)
Command duration or timeout: 0 milliseconds
Build info: version: '2.42.2', revision: '6a6995d', time: '2014-06-03 17:42:30'
System info: host: 'Tech-VipulJain', ip: '192.168.56.1', os.name: 'Windows 7', os.arch: 'amd64', os.version: '6.1', java.version: '1.7.0_45'
Session ID: eacfa48366f16b62fff54fed5dbf9d13
Driver info: org.openqa.selenium.chrome.ChromeDriver
Capabilities [{platform=XP, acceptSslCerts=true, javascriptEnabled=true, browserName=chrome, chrome={userDataDir=C:\Users\VIPUL~1.JAI\AppData\Local\Temp\scoped_dir48432_13876}, rotatable=false, locationContextEnabled=true, version=39.0.2171.99, takesHeapSnapshot=true, cssSelectorsEnabled=true, databaseEnabled=false, handlesAlerts=true, browserConnectionEnabled=false, nativeEvents=true, webStorageEnabled=true, applicationCacheEnabled=false, takesScreenshot=true}]
	at sun.reflect.NativeConstructorAccessorImpl.newInstance0(Native Method)
	at sun.reflect.NativeConstructorAccessorImpl.newInstance(NativeConstructorAccessorImpl.java:57)
	at sun.reflect.DelegatingConstructorAccessorImpl.newInstance(DelegatingConstructorAccessorImpl.java:45)
	at java.lang.reflect.Constructor.newInstance(Constructor.java:526)
	at org.openqa.selenium.remote.ErrorHandler.createThrowable(ErrorHandler.java:204)
	at org.openqa.selenium.remote.ErrorHandler.throwIfResponseFailed(ErrorHandler.java:156)
	at org.openqa.selenium.remote.RemoteWebDriver.execute(RemoteWebDriver.java:599)
	at org.openqa.selenium.remote.RemoteWebDriver.execute(RemoteWebDriver.java:614)
	at org.openqa.selenium.remote.RemoteWebDriver.getScreenshotAs(RemoteWebDriver.java:324)
	at com.hk.orderPlacement.GuestCheckoutCod.doAfter(Unknown Source)
	at sun.reflect.NativeMethodAccessorImpl.invoke0(Native Method)
	at sun.reflect.NativeMethodAccessorImpl.invoke(NativeMethodAccessorImpl.java:57)
	at sun.reflect.DelegatingMethodAccessorImpl.invoke(DelegatingMethodAccessorImpl.java:43)
	at java.lang.reflect.Method.invoke(Method.java:606)
	at org.testng.internal.MethodInvocationHelper.invokeMethod(MethodInvocationHelper.java:84)
	at org.testng.internal.Invoker.invokeConfigurationMethod(Invoker.java:564)
	at org.testng.internal.Invoker.invokeConfigurations(Invoker.java:213)
	at org.testng.internal.Invoker.invokeMethod(Invoker.java:786)
	at org.testng.internal.Invoker.invokeTestMethod(Invoker.java:901)
	at org.testng.internal.Invoker.invokeTestMethods(Invoker.java:1231)
	at org.testng.internal.TestMethodWorker.invokeTestMethods(TestMethodWorker.java:127)
	at org.testng.internal.TestMethodWorker.run(TestMethodWorker.java:111)
	at org.testng.TestRunner.privateRun(TestRunner.java:767)
	at org.testng.TestRunner.run(TestRunner.java:617)
	at org.testng.SuiteRunner.runTest(SuiteRunner.java:334)
	at org.testng.SuiteRunner.runSequentially(SuiteRunner.java:329)
	at org.testng.SuiteRunner.privateRun(SuiteRunner.java:291)
	at org.testng.SuiteRunner.run(SuiteRunner.java:240)
	at org.testng.SuiteRunnerWorker.runSuite(SuiteRunnerWorker.java:52)
	at org.testng.SuiteRunnerWorker.run(SuiteRunnerWorker.java:86)
	at org.testng.TestNG.runSuitesSequentially(TestNG.java:1224)
	at org.testng.TestNG.runSuitesLocally(TestNG.java:1149)
	at org.testng.TestNG.run(TestNG.java:1057)
	at org.testng.TestNG.privateMain(TestNG.java:1364)
	at org.testng.TestNG.main(TestNG.java:1333)
]]>
            </full-stacktrace>
          </exception> <!-- org.openqa.selenium.NoSuchWindowException -->
          <reporter-output>
          </reporter-output>
        </test-method> <!-- doAfter -->
      </class> <!-- com.hk.orderPlacement.GuestCheckoutCod -->
      <class name="com.hk.scaledupOrderPlacement.ExistingOnline">
        <test-method status="PASS" signature="isSkip()[pri:0, instance:com.hk.scaledupOrderPlacement.ExistingOnline@816fc8b]" name="isSkip" is-config="true" duration-ms="0" started-at="2015-03-10T11:47:38Z" finished-at="2015-03-10T11:47:38Z">
          <reporter-output>
          </reporter-output>
        </test-method> <!-- isSkip -->
        <test-method status="FAIL" signature="test()[pri:0, instance:com.hk.scaledupOrderPlacement.ExistingOnline@816fc8b]" name="test" duration-ms="5840" started-at="2015-03-10T11:47:38Z" finished-at="2015-03-10T11:47:44Z">
          <exception class="org.openqa.selenium.NoSuchWindowException">
            <message>
              <![CDATA[no such window: target window already closed
from unknown error: web view not found
  (Session info: chrome=39.0.2171.99)
  (Driver info: chromedriver=2.7.236900,platform=Windows NT 6.1 SP1 x86_64) (WARNING: The server did not provide any stacktrace information)
Command duration or timeout: 12 milliseconds
Build info: version: '2.42.2', revision: '6a6995d', time: '2014-06-03 17:42:30'
System info: host: 'Tech-VipulJain', ip: '192.168.56.1', os.name: 'Windows 7', os.arch: 'amd64', os.version: '6.1', java.version: '1.7.0_45'
Session ID: 4b9d1445ee56cde46a1a3edf108e488d
Driver info: org.openqa.selenium.chrome.ChromeDriver
Capabilities [{platform=XP, acceptSslCerts=true, javascriptEnabled=true, browserName=chrome, chrome={userDataDir=C:\Users\VIPUL~1.JAI\AppData\Local\Temp\scoped_dir40108_12156}, rotatable=false, locationContextEnabled=true, version=39.0.2171.99, takesHeapSnapshot=true, cssSelectorsEnabled=true, databaseEnabled=false, handlesAlerts=true, browserConnectionEnabled=false, nativeEvents=true, webStorageEnabled=true, applicationCacheEnabled=false, takesScreenshot=true}]]]>
            </message>
            <full-stacktrace>
              <![CDATA[org.openqa.selenium.NoSuchWindowException: no such window: target window already closed
from unknown error: web view not found
  (Session info: chrome=39.0.2171.99)
  (Driver info: chromedriver=2.7.236900,platform=Windows NT 6.1 SP1 x86_64) (WARNING: The server did not provide any stacktrace information)
Command duration or timeout: 12 milliseconds
Build info: version: '2.42.2', revision: '6a6995d', time: '2014-06-03 17:42:30'
System info: host: 'Tech-VipulJain', ip: '192.168.56.1', os.name: 'Windows 7', os.arch: 'amd64', os.version: '6.1', java.version: '1.7.0_45'
Session ID: 4b9d1445ee56cde46a1a3edf108e488d
Driver info: org.openqa.selenium.chrome.ChromeDriver
Capabilities [{platform=XP, acceptSslCerts=true, javascriptEnabled=true, browserName=chrome, chrome={userDataDir=C:\Users\VIPUL~1.JAI\AppData\Local\Temp\scoped_dir40108_12156}, rotatable=false, locationContextEnabled=true, version=39.0.2171.99, takesHeapSnapshot=true, cssSelectorsEnabled=true, databaseEnabled=false, handlesAlerts=true, browserConnectionEnabled=false, nativeEvents=true, webStorageEnabled=true, applicationCacheEnabled=false, takesScreenshot=true}]
	at sun.reflect.NativeConstructorAccessorImpl.newInstance0(Native Method)
	at sun.reflect.NativeConstructorAccessorImpl.newInstance(NativeConstructorAccessorImpl.java:57)
	at sun.reflect.DelegatingConstructorAccessorImpl.newInstance(DelegatingConstructorAccessorImpl.java:45)
	at java.lang.reflect.Constructor.newInstance(Constructor.java:526)
	at org.openqa.selenium.remote.ErrorHandler.createThrowable(ErrorHandler.java:204)
	at org.openqa.selenium.remote.ErrorHandler.throwIfResponseFailed(ErrorHandler.java:156)
	at org.openqa.selenium.remote.RemoteWebDriver.execute(RemoteWebDriver.java:599)
	at org.openqa.selenium.remote.RemoteWebDriver.get(RemoteWebDriver.java:304)
	at org.openqa.selenium.remote.RemoteWebDriver$RemoteNavigation.to(RemoteWebDriver.java:846)
	at com.hk.recorder.MultipleVariant.testMultipleVariant(Unknown Source)
	at com.hk.scaledupOrderPlacement.ExistingOnline.test(Unknown Source)
	at sun.reflect.NativeMethodAccessorImpl.invoke0(Native Method)
	at sun.reflect.NativeMethodAccessorImpl.invoke(NativeMethodAccessorImpl.java:57)
	at sun.reflect.DelegatingMethodAccessorImpl.invoke(DelegatingMethodAccessorImpl.java:43)
	at java.lang.reflect.Method.invoke(Method.java:606)
	at org.testng.internal.MethodInvocationHelper.invokeMethod(MethodInvocationHelper.java:84)
	at org.testng.internal.Invoker.invokeMethod(Invoker.java:714)
	at org.testng.internal.Invoker.invokeTestMethod(Invoker.java:901)
	at org.testng.internal.Invoker.invokeTestMethods(Invoker.java:1231)
	at org.testng.internal.TestMethodWorker.invokeTestMethods(TestMethodWorker.java:127)
	at org.testng.internal.TestMethodWorker.run(TestMethodWorker.java:111)
	at org.testng.TestRunner.privateRun(TestRunner.java:767)
	at org.testng.TestRunner.run(TestRunner.java:617)
	at org.testng.SuiteRunner.runTest(SuiteRunner.java:334)
	at org.testng.SuiteRunner.runSequentially(SuiteRunner.java:329)
	at org.testng.SuiteRunner.privateRun(SuiteRunner.java:291)
	at org.testng.SuiteRunner.run(SuiteRunner.java:240)
	at org.testng.SuiteRunnerWorker.runSuite(SuiteRunnerWorker.java:52)
	at org.testng.SuiteRunnerWorker.run(SuiteRunnerWorker.java:86)
	at org.testng.TestNG.runSuitesSequentially(TestNG.java:1224)
	at org.testng.TestNG.runSuitesLocally(TestNG.java:1149)
	at org.testng.TestNG.run(TestNG.java:1057)
	at org.testng.TestNG.privateMain(TestNG.java:1364)
	at org.testng.TestNG.main(TestNG.java:1333)
]]>
            </full-stacktrace>
          </exception> <!-- org.openqa.selenium.NoSuchWindowException -->
          <reporter-output>
          </reporter-output>
        </test-method> <!-- test -->
        <test-method status="FAIL" signature="doAfter(org.testng.ITestResult)[pri:0, instance:com.hk.scaledupOrderPlacement.ExistingOnline@816fc8b]" name="doAfter" is-config="true" duration-ms="0" started-at="2015-03-10T11:47:44Z" finished-at="2015-03-10T11:47:44Z">
          <params>
            <param index="0">
              <value>
                <![CDATA[[TestResult name=test status=FAILURE method=ExistingOnline.test()[pri:0, instance:com.hk.scaledupOrderPlacement.ExistingOnline@816fc8b] output={null}]]]>
              </value>
            </param>
          </params>
          <exception class="org.openqa.selenium.NoSuchWindowException">
            <message>
              <![CDATA[no such window: target window already closed
from unknown error: web view not found
  (Session info: chrome=39.0.2171.99)
  (Driver info: chromedriver=2.7.236900,platform=Windows NT 6.1 SP1 x86_64) (WARNING: The server did not provide any stacktrace information)
Command duration or timeout: 36 milliseconds
Build info: version: '2.42.2', revision: '6a6995d', time: '2014-06-03 17:42:30'
System info: host: 'Tech-VipulJain', ip: '192.168.56.1', os.name: 'Windows 7', os.arch: 'amd64', os.version: '6.1', java.version: '1.7.0_45'
Session ID: 4b9d1445ee56cde46a1a3edf108e488d
Driver info: org.openqa.selenium.chrome.ChromeDriver
Capabilities [{platform=XP, acceptSslCerts=true, javascriptEnabled=true, browserName=chrome, chrome={userDataDir=C:\Users\VIPUL~1.JAI\AppData\Local\Temp\scoped_dir40108_12156}, rotatable=false, locationContextEnabled=true, version=39.0.2171.99, takesHeapSnapshot=true, cssSelectorsEnabled=true, databaseEnabled=false, handlesAlerts=true, browserConnectionEnabled=false, nativeEvents=true, webStorageEnabled=true, applicationCacheEnabled=false, takesScreenshot=true}]]]>
            </message>
            <full-stacktrace>
              <![CDATA[org.openqa.selenium.NoSuchWindowException: no such window: target window already closed
from unknown error: web view not found
  (Session info: chrome=39.0.2171.99)
  (Driver info: chromedriver=2.7.236900,platform=Windows NT 6.1 SP1 x86_64) (WARNING: The server did not provide any stacktrace information)
Command duration or timeout: 36 milliseconds
Build info: version: '2.42.2', revision: '6a6995d', time: '2014-06-03 17:42:30'
System info: host: 'Tech-VipulJain', ip: '192.168.56.1', os.name: 'Windows 7', os.arch: 'amd64', os.version: '6.1', java.version: '1.7.0_45'
Session ID: 4b9d1445ee56cde46a1a3edf108e488d
Driver info: org.openqa.selenium.chrome.ChromeDriver
Capabilities [{platform=XP, acceptSslCerts=true, javascriptEnabled=true, browserName=chrome, chrome={userDataDir=C:\Users\VIPUL~1.JAI\AppData\Local\Temp\scoped_dir40108_12156}, rotatable=false, locationContextEnabled=true, version=39.0.2171.99, takesHeapSnapshot=true, cssSelectorsEnabled=true, databaseEnabled=false, handlesAlerts=true, browserConnectionEnabled=false, nativeEvents=true, webStorageEnabled=true, applicationCacheEnabled=false, takesScreenshot=true}]
	at sun.reflect.NativeConstructorAccessorImpl.newInstance0(Native Method)
	at sun.reflect.NativeConstructorAccessorImpl.newInstance(NativeConstructorAccessorImpl.java:57)
	at sun.reflect.DelegatingConstructorAccessorImpl.newInstance(DelegatingConstructorAccessorImpl.java:45)
	at java.lang.reflect.Constructor.newInstance(Constructor.java:526)
	at org.openqa.selenium.remote.ErrorHandler.createThrowable(ErrorHandler.java:204)
	at org.openqa.selenium.remote.ErrorHandler.throwIfResponseFailed(ErrorHandler.java:156)
	at org.openqa.selenium.remote.RemoteWebDriver.execute(RemoteWebDriver.java:599)
	at org.openqa.selenium.remote.RemoteWebDriver.execute(RemoteWebDriver.java:614)
	at org.openqa.selenium.remote.RemoteWebDriver.getScreenshotAs(RemoteWebDriver.java:324)
	at com.hk.scaledupOrderPlacement.ExistingOnline.doAfter(Unknown Source)
	at sun.reflect.NativeMethodAccessorImpl.invoke0(Native Method)
	at sun.reflect.NativeMethodAccessorImpl.invoke(NativeMethodAccessorImpl.java:57)
	at sun.reflect.DelegatingMethodAccessorImpl.invoke(DelegatingMethodAccessorImpl.java:43)
	at java.lang.reflect.Method.invoke(Method.java:606)
	at org.testng.internal.MethodInvocationHelper.invokeMethod(MethodInvocationHelper.java:84)
	at org.testng.internal.Invoker.invokeConfigurationMethod(Invoker.java:564)
	at org.testng.internal.Invoker.invokeConfigurations(Invoker.java:213)
	at org.testng.internal.Invoker.invokeMethod(Invoker.java:786)
	at org.testng.internal.Invoker.invokeTestMethod(Invoker.java:901)
	at org.testng.internal.Invoker.invokeTestMethods(Invoker.java:1231)
	at org.testng.internal.TestMethodWorker.invokeTestMethods(TestMethodWorker.java:127)
	at org.testng.internal.TestMethodWorker.run(TestMethodWorker.java:111)
	at org.testng.TestRunner.privateRun(TestRunner.java:767)
	at org.testng.TestRunner.run(TestRunner.java:617)
	at org.testng.SuiteRunner.runTest(SuiteRunner.java:334)
	at org.testng.SuiteRunner.runSequentially(SuiteRunner.java:329)
	at org.testng.SuiteRunner.privateRun(SuiteRunner.java:291)
	at org.testng.SuiteRunner.run(SuiteRunner.java:240)
	at org.testng.SuiteRunnerWorker.runSuite(SuiteRunnerWorker.java:52)
	at org.testng.SuiteRunnerWorker.run(SuiteRunnerWorker.java:86)
	at org.testng.TestNG.runSuitesSequentially(TestNG.java:1224)
	at org.testng.TestNG.runSuitesLocally(TestNG.java:1149)
	at org.testng.TestNG.run(TestNG.java:1057)
	at org.testng.TestNG.privateMain(TestNG.java:1364)
	at org.testng.TestNG.main(TestNG.java:1333)
]]>
            </full-stacktrace>
          </exception> <!-- org.openqa.selenium.NoSuchWindowException -->
          <reporter-output>
          </reporter-output>
        </test-method> <!-- doAfter -->
      </class> <!-- com.hk.scaledupOrderPlacement.ExistingOnline -->
      <class name="com.hk.scaledupOrderPlacement.RTOTest">
        <test-method status="FAIL" signature="RTOTest()[pri:0, instance:com.hk.scaledupOrderPlacement.RTOTest@201da694]" name="RTOTest" duration-ms="7537" started-at="2015-03-10T11:48:23Z" finished-at="2015-03-10T11:48:30Z">
          <exception class="org.openqa.selenium.WebDriverException">
            <message>
              <![CDATA[unknown error: cannot get automation extension
from disconnected: Unable to receive message from renderer
  (Session info: chrome=39.0.2171.99)
  (Driver info: chromedriver=2.7.236900,platform=Windows NT 6.1 SP1 x86_64) (WARNING: The server did not provide any stacktrace information)
Command duration or timeout: 1.31 seconds
Build info: version: '2.42.2', revision: '6a6995d', time: '2014-06-03 17:42:30'
System info: host: 'Tech-VipulJain', ip: '192.168.56.1', os.name: 'Windows 7', os.arch: 'amd64', os.version: '6.1', java.version: '1.7.0_45'
Session ID: 4915718d665cc4f82d743f6a6dd002ca
Driver info: org.openqa.selenium.chrome.ChromeDriver
Capabilities [{platform=XP, acceptSslCerts=true, javascriptEnabled=true, browserName=chrome, chrome={userDataDir=C:\Users\VIPUL~1.JAI\AppData\Local\Temp\scoped_dir41068_25949}, rotatable=false, locationContextEnabled=true, version=39.0.2171.99, takesHeapSnapshot=true, cssSelectorsEnabled=true, databaseEnabled=false, handlesAlerts=true, browserConnectionEnabled=false, nativeEvents=true, webStorageEnabled=true, applicationCacheEnabled=false, takesScreenshot=true}]]]>
            </message>
            <full-stacktrace>
              <![CDATA[org.openqa.selenium.WebDriverException: unknown error: cannot get automation extension
from disconnected: Unable to receive message from renderer
  (Session info: chrome=39.0.2171.99)
  (Driver info: chromedriver=2.7.236900,platform=Windows NT 6.1 SP1 x86_64) (WARNING: The server did not provide any stacktrace information)
Command duration or timeout: 1.31 seconds
Build info: version: '2.42.2', revision: '6a6995d', time: '2014-06-03 17:42:30'
System info: host: 'Tech-VipulJain', ip: '192.168.56.1', os.name: 'Windows 7', os.arch: 'amd64', os.version: '6.1', java.version: '1.7.0_45'
Session ID: 4915718d665cc4f82d743f6a6dd002ca
Driver info: org.openqa.selenium.chrome.ChromeDriver
Capabilities [{platform=XP, acceptSslCerts=true, javascriptEnabled=true, browserName=chrome, chrome={userDataDir=C:\Users\VIPUL~1.JAI\AppData\Local\Temp\scoped_dir41068_25949}, rotatable=false, locationContextEnabled=true, version=39.0.2171.99, takesHeapSnapshot=true, cssSelectorsEnabled=true, databaseEnabled=false, handlesAlerts=true, browserConnectionEnabled=false, nativeEvents=true, webStorageEnabled=true, applicationCacheEnabled=false, takesScreenshot=true}]
	at sun.reflect.NativeConstructorAccessorImpl.newInstance0(Native Method)
	at sun.reflect.NativeConstructorAccessorImpl.newInstance(NativeConstructorAccessorImpl.java:57)
	at sun.reflect.DelegatingConstructorAccessorImpl.newInstance(DelegatingConstructorAccessorImpl.java:45)
	at java.lang.reflect.Constructor.newInstance(Constructor.java:526)
	at org.openqa.selenium.remote.ErrorHandler.createThrowable(ErrorHandler.java:204)
	at org.openqa.selenium.remote.ErrorHandler.throwIfResponseFailed(ErrorHandler.java:156)
	at org.openqa.selenium.remote.RemoteWebDriver.execute(RemoteWebDriver.java:599)
	at org.openqa.selenium.remote.RemoteWebDriver$RemoteWebDriverOptions$RemoteWindow.maximize(RemoteWebDriver.java:829)
	at com.hk.commonProperties.SharedProperties.openBrowser(Unknown Source)
	at com.hk.scaledupOrderPlacement.RTOTest.RTOTest(Unknown Source)
	at sun.reflect.NativeMethodAccessorImpl.invoke0(Native Method)
	at sun.reflect.NativeMethodAccessorImpl.invoke(NativeMethodAccessorImpl.java:57)
	at sun.reflect.DelegatingMethodAccessorImpl.invoke(DelegatingMethodAccessorImpl.java:43)
	at java.lang.reflect.Method.invoke(Method.java:606)
	at org.testng.internal.MethodInvocationHelper.invokeMethod(MethodInvocationHelper.java:84)
	at org.testng.internal.Invoker.invokeMethod(Invoker.java:714)
	at org.testng.internal.Invoker.invokeTestMethod(Invoker.java:901)
	at org.testng.internal.Invoker.invokeTestMethods(Invoker.java:1231)
	at org.testng.internal.TestMethodWorker.invokeTestMethods(TestMethodWorker.java:127)
	at org.testng.internal.TestMethodWorker.run(TestMethodWorker.java:111)
	at org.testng.TestRunner.privateRun(TestRunner.java:767)
	at org.testng.TestRunner.run(TestRunner.java:617)
	at org.testng.SuiteRunner.runTest(SuiteRunner.java:334)
	at org.testng.SuiteRunner.runSequentially(SuiteRunner.java:329)
	at org.testng.SuiteRunner.privateRun(SuiteRunner.java:291)
	at org.testng.SuiteRunner.run(SuiteRunner.java:240)
	at org.testng.SuiteRunnerWorker.runSuite(SuiteRunnerWorker.java:52)
	at org.testng.SuiteRunnerWorker.run(SuiteRunnerWorker.java:86)
	at org.testng.TestNG.runSuitesSequentially(TestNG.java:1224)
	at org.testng.TestNG.runSuitesLocally(TestNG.java:1149)
	at org.testng.TestNG.run(TestNG.java:1057)
	at org.testng.TestNG.privateMain(TestNG.java:1364)
	at org.testng.TestNG.main(TestNG.java:1333)
]]>
            </full-stacktrace>
          </exception> <!-- org.openqa.selenium.WebDriverException -->
          <reporter-output>
          </reporter-output>
        </test-method> <!-- RTOTest -->
        <test-method status="PASS" signature="isSkip()[pri:0, instance:com.hk.scaledupOrderPlacement.RTOTest@201da694]" name="isSkip" is-config="true" duration-ms="0" started-at="2015-03-10T11:48:23Z" finished-at="2015-03-10T11:48:23Z">
[...]
              <value>
                <![CDATA[[TestResult name=testMUMRto status=FAILURE method=MUMRtoTest.testMUMRto()[pri:0, instance:com.hk.warehouseSpecific.MUMRtoTest@32d5cb0] output={null}]]]>
              </value>
            </param>
          </params>
          <exception class="org.openqa.selenium.WebDriverException">
            <message>
              <![CDATA[chrome not reachable
  (Session info: chrome=39.0.2171.99)
  (Driver info: chromedriver=2.7.236900,platform=Windows NT 6.1 SP1 x86_64) (WARNING: The server did not provide any stacktrace information)
Command duration or timeout: 2.50 seconds
Build info: version: '2.42.2', revision: '6a6995d', time: '2014-06-03 17:42:30'
System info: host: 'Tech-VipulJain', ip: '192.168.56.1', os.name: 'Windows 7', os.arch: 'amd64', os.version: '6.1', java.version: '1.7.0_45'
Session ID: 61f55fae03f5a53afd2423eef8638e53
Driver info: org.openqa.selenium.chrome.ChromeDriver
Capabilities [{platform=XP, acceptSslCerts=true, javascriptEnabled=true, browserName=chrome, chrome={userDataDir=C:\Users\VIPUL~1.JAI\AppData\Local\Temp\scoped_dir36028_15731}, rotatable=false, locationContextEnabled=true, version=39.0.2171.99, takesHeapSnapshot=true, cssSelectorsEnabled=true, databaseEnabled=false, handlesAlerts=true, browserConnectionEnabled=false, nativeEvents=true, webStorageEnabled=true, applicationCacheEnabled=false, takesScreenshot=true}]]]>
            </message>
            <full-stacktrace>
              <![CDATA[org.openqa.selenium.WebDriverException: chrome not reachable
  (Session info: chrome=39.0.2171.99)
  (Driver info: chromedriver=2.7.236900,platform=Windows NT 6.1 SP1 x86_64) (WARNING: The server did not provide any stacktrace information)
Command duration or timeout: 2.50 seconds
Build info: version: '2.42.2', revision: '6a6995d', time: '2014-06-03 17:42:30'
System info: host: 'Tech-VipulJain', ip: '192.168.56.1', os.name: 'Windows 7', os.arch: 'amd64', os.version: '6.1', java.version: '1.7.0_45'
Session ID: 61f55fae03f5a53afd2423eef8638e53
Driver info: org.openqa.selenium.chrome.ChromeDriver
Capabilities [{platform=XP, acceptSslCerts=true, javascriptEnabled=true, browserName=chrome, chrome={userDataDir=C:\Users\VIPUL~1.JAI\AppData\Local\Temp\scoped_dir36028_15731}, rotatable=false, locationContextEnabled=true, version=39.0.2171.99, takesHeapSnapshot=true, cssSelectorsEnabled=true, databaseEnabled=false, handlesAlerts=true, browserConnectionEnabled=false, nativeEvents=true, webStorageEnabled=true, applicationCacheEnabled=false, takesScreenshot=true}]
	at sun.reflect.GeneratedConstructorAccessor58.newInstance(Unknown Source)
	at sun.reflect.DelegatingConstructorAccessorImpl.newInstance(DelegatingConstructorAccessorImpl.java:45)
	at java.lang.reflect.Constructor.newInstance(Constructor.java:526)
	at org.openqa.selenium.remote.ErrorHandler.createThrowable(ErrorHandler.java:204)
	at org.openqa.selenium.remote.ErrorHandler.throwIfResponseFailed(ErrorHandler.java:156)
	at org.openqa.selenium.remote.RemoteWebDriver.execute(RemoteWebDriver.java:599)
	at org.openqa.selenium.remote.RemoteWebDriver.execute(RemoteWebDriver.java:614)
	at org.openqa.selenium.remote.RemoteWebDriver.getScreenshotAs(RemoteWebDriver.java:324)
	at com.hk.warehouseSpecific.MUMRtoTest.doAfter(Unknown Source)
	at sun.reflect.NativeMethodAccessorImpl.invoke0(Native Method)
	at sun.reflect.NativeMethodAccessorImpl.invoke(NativeMethodAccessorImpl.java:57)
	at sun.reflect.DelegatingMethodAccessorImpl.invoke(DelegatingMethodAccessorImpl.java:43)
	at java.lang.reflect.Method.invoke(Method.java:606)
	at org.testng.internal.MethodInvocationHelper.invokeMethod(MethodInvocationHelper.java:84)
	at org.testng.internal.Invoker.invokeConfigurationMethod(Invoker.java:564)
	at org.testng.internal.Invoker.invokeConfigurations(Invoker.java:213)
	at org.testng.internal.Invoker.invokeMethod(Invoker.java:786)
	at org.testng.internal.Invoker.invokeTestMethod(Invoker.java:901)
	at org.testng.internal.Invoker.invokeTestMethods(Invoker.java:1231)
	at org.testng.internal.TestMethodWorker.invokeTestMethods(TestMethodWorker.java:127)
	at org.testng.internal.TestMethodWorker.run(TestMethodWorker.java:111)
	at org.testng.TestRunner.privateRun(TestRunner.java:767)
	at org.testng.TestRunner.run(TestRunner.java:617)
	at org.testng.SuiteRunner.runTest(SuiteRunner.java:334)
	at org.testng.SuiteRunner.runSequentially(SuiteRunner.java:329)
	at org.testng.SuiteRunner.privateRun(SuiteRunner.java:291)
	at org.testng.SuiteRunner.run(SuiteRunner.java:240)
	at org.testng.SuiteRunnerWorker.runSuite(SuiteRunnerWorker.java:52)
	at org.testng.SuiteRunnerWorker.run(SuiteRunnerWorker.java:86)
	at org.testng.TestNG.runSuitesSequentially(TestNG.java:1224)
	at org.testng.TestNG.runSuitesLocally(TestNG.java:1149)
	at org.testng.TestNG.run(TestNG.java:1057)
	at org.testng.TestNG.privateMain(TestNG.java:1364)
	at org.testng.TestNG.main(TestNG.java:1333)
]]>
            </full-stacktrace>
          </exception> <!-- org.openqa.selenium.WebDriverException -->
          <reporter-output>
          </reporter-output>
        </test-method> <!-- doAfter -->
      </class> <!-- com.hk.warehouseSpecific.MUMRtoTest -->
      <class name="com.hk.warehouseSpecific.MUMRpuTest">
        <test-method status="PASS" signature="isSkip()[pri:0, instance:com.hk.warehouseSpecific.MUMRpuTest@76af7fab]" name="isSkip" is-config="true" duration-ms="1" started-at="2015-03-10T11:50:19Z" finished-at="2015-03-10T11:50:19Z">
          <reporter-output>
          </reporter-output>
        </test-method> <!-- isSkip -->
        <test-method status="FAIL" signature="testMUMRpu()[pri:0, instance:com.hk.warehouseSpecific.MUMRpuTest@76af7fab]" name="testMUMRpu" duration-ms="8589" started-at="2015-03-10T11:50:19Z" finished-at="2015-03-10T11:50:28Z">
          <exception class="org.openqa.selenium.WebDriverException">
            <message>
              <![CDATA[unknown error: cannot get automation extension
from disconnected: received Inspector.detached event
  (Session info: chrome=39.0.2171.99)
  (Driver info: chromedriver=2.7.236900,platform=Windows NT 6.1 SP1 x86_64) (WARNING: The server did not provide any stacktrace information)
Command duration or timeout: 2.80 seconds
Build info: version: '2.42.2', revision: '6a6995d', time: '2014-06-03 17:42:30'
System info: host: 'Tech-VipulJain', ip: '192.168.56.1', os.name: 'Windows 7', os.arch: 'amd64', os.version: '6.1', java.version: '1.7.0_45'
Session ID: 3fa2de51255966806307ef9c8bf38e27
Driver info: org.openqa.selenium.chrome.ChromeDriver
Capabilities [{platform=XP, acceptSslCerts=true, javascriptEnabled=true, browserName=chrome, chrome={userDataDir=C:\Users\VIPUL~1.JAI\AppData\Local\Temp\scoped_dir29664_10413}, rotatable=false, locationContextEnabled=true, version=39.0.2171.99, takesHeapSnapshot=true, cssSelectorsEnabled=true, databaseEnabled=false, handlesAlerts=true, browserConnectionEnabled=false, nativeEvents=true, webStorageEnabled=true, applicationCacheEnabled=false, takesScreenshot=true}]]]>
            </message>
            <full-stacktrace>
              <![CDATA[org.openqa.selenium.WebDriverException: unknown error: cannot get automation extension
from disconnected: received Inspector.detached event
  (Session info: chrome=39.0.2171.99)
  (Driver info: chromedriver=2.7.236900,platform=Windows NT 6.1 SP1 x86_64) (WARNING: The server did not provide any stacktrace information)
Command duration or timeout: 2.80 seconds
Build info: version: '2.42.2', revision: '6a6995d', time: '2014-06-03 17:42:30'
System info: host: 'Tech-VipulJain', ip: '192.168.56.1', os.name: 'Windows 7', os.arch: 'amd64', os.version: '6.1', java.version: '1.7.0_45'
Session ID: 3fa2de51255966806307ef9c8bf38e27
Driver info: org.openqa.selenium.chrome.ChromeDriver
Capabilities [{platform=XP, acceptSslCerts=true, javascriptEnabled=true, browserName=chrome, chrome={userDataDir=C:\Users\VIPUL~1.JAI\AppData\Local\Temp\scoped_dir29664_10413}, rotatable=false, locationContextEnabled=true, version=39.0.2171.99, takesHeapSnapshot=true, cssSelectorsEnabled=true, databaseEnabled=false, handlesAlerts=true, browserConnectionEnabled=false, nativeEvents=true, webStorageEnabled=true, applicationCacheEnabled=false, takesScreenshot=true}]
	at sun.reflect.GeneratedConstructorAccessor58.newInstance(Unknown Source)
	at sun.reflect.DelegatingConstructorAccessorImpl.newInstance(DelegatingConstructorAccessorImpl.java:45)
	at java.lang.reflect.Constructor.newInstance(Constructor.java:526)
	at org.openqa.selenium.remote.ErrorHandler.createThrowable(ErrorHandler.java:204)
	at org.openqa.selenium.remote.ErrorHandler.throwIfResponseFailed(ErrorHandler.java:156)
	at org.openqa.selenium.remote.RemoteWebDriver.execute(RemoteWebDriver.java:599)
	at org.openqa.selenium.remote.RemoteWebDriver$RemoteWebDriverOptions$RemoteWindow.maximize(RemoteWebDriver.java:829)
	at com.hk.commonProperties.SharedProperties.openBrowser(Unknown Source)
	at com.hk.warehouseSpecific.MUMRpuTest.testMUMRpu(Unknown Source)
	at sun.reflect.NativeMethodAccessorImpl.invoke0(Native Method)
	at sun.reflect.NativeMethodAccessorImpl.invoke(NativeMethodAccessorImpl.java:57)
	at sun.reflect.DelegatingMethodAccessorImpl.invoke(DelegatingMethodAccessorImpl.java:43)
	at java.lang.reflect.Method.invoke(Method.java:606)
	at org.testng.internal.MethodInvocationHelper.invokeMethod(MethodInvocationHelper.java:84)
	at org.testng.internal.Invoker.invokeMethod(Invoker.java:714)
	at org.testng.internal.Invoker.invokeTestMethod(Invoker.java:901)
	at org.testng.internal.Invoker.invokeTestMethods(Invoker.java:1231)
	at org.testng.internal.TestMethodWorker.invokeTestMethods(TestMethodWorker.java:127)
	at org.testng.internal.TestMethodWorker.run(TestMethodWorker.java:111)
	at org.testng.TestRunner.privateRun(TestRunner.java:767)
	at org.testng.TestRunner.run(TestRunner.java:617)
	at org.testng.SuiteRunner.runTest(SuiteRunner.java:334)
	at org.testng.SuiteRunner.runSequentially(SuiteRunner.java:329)
	at org.testng.SuiteRunner.privateRun(SuiteRunner.java:291)
	at org.testng.SuiteRunner.run(SuiteRunner.java:240)
	at org.testng.SuiteRunnerWorker.runSuite(SuiteRunnerWorker.java:52)
	at org.testng.SuiteRunnerWorker.run(SuiteRunnerWorker.java:86)
	at org.testng.TestNG.runSuitesSequentially(TestNG.java:1224)
	at org.testng.TestNG.runSuitesLocally(TestNG.java:1149)
	at org.testng.TestNG.run(TestNG.java:1057)
	at org.testng.TestNG.privateMain(TestNG.java:1364)
	at org.testng.TestNG.main(TestNG.java:1333)
]]>
            </full-stacktrace>
          </exception> <!-- org.openqa.selenium.WebDriverException -->
          <reporter-output>
          </reporter-output>
        </test-method> <!-- testMUMRpu -->
        <test-method status="FAIL" signature="doAfter(org.testng.ITestResult)[pri:0, instance:com.hk.warehouseSpecific.MUMRpuTest@76af7fab]" name="doAfter" is-config="true" duration-ms="0" started-at="2015-03-10T11:50:28Z" finished-at="2015-03-10T11:50:28Z">
          <params>
            <param index="0">
              <value>
                <![CDATA[[TestResult name=testMUMRpu status=FAILURE method=MUMRpuTest.testMUMRpu()[pri:0, instance:com.hk.warehouseSpecific.MUMRpuTest@76af7fab] output={null}]]]>
              </value>
            </param>
          </params>
          <exception class="org.openqa.selenium.WebDriverException">
            <message>
              <![CDATA[chrome not reachable
  (Session info: chrome=39.0.2171.99)
  (Driver info: chromedriver=2.7.236900,platform=Windows NT 6.1 SP1 x86_64) (WARNING: The server did not provide any stacktrace information)
Command duration or timeout: 2.18 seconds
Build info: version: '2.42.2', revision: '6a6995d', time: '2014-06-03 17:42:30'
System info: host: 'Tech-VipulJain', ip: '192.168.56.1', os.name: 'Windows 7', os.arch: 'amd64', os.version: '6.1', java.version: '1.7.0_45'
Session ID: 3fa2de51255966806307ef9c8bf38e27
Driver info: org.openqa.selenium.chrome.ChromeDriver
Capabilities [{platform=XP, acceptSslCerts=true, javascriptEnabled=true, browserName=chrome, chrome={userDataDir=C:\Users\VIPUL~1.JAI\AppData\Local\Temp\scoped_dir29664_10413}, rotatable=false, locationContextEnabled=true, version=39.0.2171.99, takesHeapSnapshot=true, cssSelectorsEnabled=true, databaseEnabled=false, handlesAlerts=true, browserConnectionEnabled=false, nativeEvents=true, webStorageEnabled=true, applicationCacheEnabled=false, takesScreenshot=true}]]]>
            </message>
            <full-stacktrace>
              <![CDATA[org.openqa.selenium.WebDriverException: chrome not reachable
  (Session info: chrome=39.0.2171.99)
  (Driver info: chromedriver=2.7.236900,platform=Windows NT 6.1 SP1 x86_64) (WARNING: The server did not provide any stacktrace information)
Command duration or timeout: 2.18 seconds
Build info: version: '2.42.2', revision: '6a6995d', time: '2014-06-03 17:42:30'
System info: host: 'Tech-VipulJain', ip: '192.168.56.1', os.name: 'Windows 7', os.arch: 'amd64', os.version: '6.1', java.version: '1.7.0_45'
Session ID: 3fa2de51255966806307ef9c8bf38e27
Driver info: org.openqa.selenium.chrome.ChromeDriver
Capabilities [{platform=XP, acceptSslCerts=true, javascriptEnabled=true, browserName=chrome, chrome={userDataDir=C:\Users\VIPUL~1.JAI\AppData\Local\Temp\scoped_dir29664_10413}, rotatable=false, locationContextEnabled=true, version=39.0.2171.99, takesHeapSnapshot=true, cssSelectorsEnabled=true, databaseEnabled=false, handlesAlerts=true, browserConnectionEnabled=false, nativeEvents=true, webStorageEnabled=true, applicationCacheEnabled=false, takesScreenshot=true}]
	at sun.reflect.GeneratedConstructorAccessor58.newInstance(Unknown Source)
	at sun.reflect.DelegatingConstructorAccessorImpl.newInstance(DelegatingConstructorAccessorImpl.java:45)
	at java.lang.reflect.Constructor.newInstance(Constructor.java:526)
	at org.openqa.selenium.remote.ErrorHandler.createThrowable(ErrorHandler.java:204)
	at org.openqa.selenium.remote.ErrorHandler.throwIfResponseFailed(ErrorHandler.java:156)
	at org.openqa.selenium.remote.RemoteWebDriver.execute(RemoteWebDriver.java:599)
	at org.openqa.selenium.remote.RemoteWebDriver.execute(RemoteWebDriver.java:614)
	at org.openqa.selenium.remote.RemoteWebDriver.getScreenshotAs(RemoteWebDriver.java:324)
	at com.hk.warehouseSpecific.MUMRpuTest.doAfter(Unknown Source)
	at sun.reflect.NativeMethodAccessorImpl.invoke0(Native Method)
	at sun.reflect.NativeMethodAccessorImpl.invoke(NativeMethodAccessorImpl.java:57)
	at sun.reflect.DelegatingMethodAccessorImpl.invoke(DelegatingMethodAccessorImpl.java:43)
	at java.lang.reflect.Method.invoke(Method.java:606)
	at org.testng.internal.MethodInvocationHelper.invokeMethod(MethodInvocationHelper.java:84)
	at org.testng.internal.Invoker.invokeConfigurationMethod(Invoker.java:564)
	at org.testng.internal.Invoker.invokeConfigurations(Invoker.java:213)
	at org.testng.internal.Invoker.invokeMethod(Invoker.java:786)
	at org.testng.internal.Invoker.invokeTestMethod(Invoker.java:901)
	at org.testng.internal.Invoker.invokeTestMethods(Invoker.java:1231)
	at org.testng.internal.TestMethodWorker.invokeTestMethods(TestMethodWorker.java:127)
	at org.testng.internal.TestMethodWorker.run(TestMethodWorker.java:111)
	at org.testng.TestRunner.privateRun(TestRunner.java:767)
	at org.testng.TestRunner.run(TestRunner.java:617)
	at org.testng.SuiteRunner.runTest(SuiteRunner.java:334)
	at org.testng.SuiteRunner.runSequentially(SuiteRunner.java:329)
	at org.testng.SuiteRunner.privateRun(SuiteRunner.java:291)
	at org.testng.SuiteRunner.run(SuiteRunner.java:240)
	at org.testng.SuiteRunnerWorker.runSuite(SuiteRunnerWorker.java:52)
	at org.testng.SuiteRunnerWorker.run(SuiteRunnerWorker.java:86)
	at org.testng.TestNG.runSuitesSequentially(TestNG.java:1224)
	at org.testng.TestNG.runSuitesLocally(TestNG.java:1149)
	at org.testng.TestNG.run(TestNG.java:1057)
	at org.testng.TestNG.privateMain(TestNG.java:1364)
	at org.testng.TestNG.main(TestNG.java:1333)
]]>
            </full-stacktrace>
          </exception> <!-- org.openqa.selenium.WebDriverException -->
          <reporter-output>
          </reporter-output>
        </test-method> <!-- doAfter -->
      </class> <!-- com.hk.warehouseSpecific.MUMRpuTest -->
      <class name="com.hk.orderPlacement.CouponOnlineOrder">
        <test-method status="PASS" signature="Config()[pri:0, instance:com.hk.orderPlacement.CouponOnlineOrder@2d597115]" name="Config" is-config="true" duration-ms="0" started-at="2015-03-10T11:50:30Z" finished-at="2015-03-10T11:50:30Z">
          <reporter-output>
          </reporter-output>
        </test-method> <!-- Config -->
        <test-method status="SKIP" signature="isSkip()[pri:0, instance:com.hk.orderPlacement.CouponOnlineOrder@2d597115]" name="isSkip" is-config="true" duration-ms="0" started-at="2015-03-10T11:50:30Z" finished-at="2015-03-10T11:50:30Z">
          <exception class="org.testng.SkipException">
            <message>
              <![CDATA[Skipping the CouponOnlineOrder test case as RunMode is No]]>
            </message>
            <full-stacktrace>
              <![CDATA[org.testng.SkipException: Skipping the CouponOnlineOrder test case as RunMode is No
	at com.hk.orderPlacement.CouponOnlineOrder.isSkip(Unknown Source)
	at sun.reflect.NativeMethodAccessorImpl.invoke0(Native Method)
	at sun.reflect.NativeMethodAccessorImpl.invoke(NativeMethodAccessorImpl.java:57)
	at sun.reflect.DelegatingMethodAccessorImpl.invoke(DelegatingMethodAccessorImpl.java:43)
	at java.lang.reflect.Method.invoke(Method.java:606)
	at org.testng.internal.MethodInvocationHelper.invokeMethod(MethodInvocationHelper.java:84)
	at org.testng.internal.Invoker.invokeConfigurationMethod(Invoker.java:564)
	at org.testng.internal.Invoker.invokeConfigurations(Invoker.java:213)
	at org.testng.internal.Invoker.invokeMethod(Invoker.java:653)
	at org.testng.internal.Invoker.invokeTestMethod(Invoker.java:901)
	at org.testng.internal.Invoker.invokeTestMethods(Invoker.java:1231)
	at org.testng.internal.TestMethodWorker.invokeTestMethods(TestMethodWorker.java:127)
	at org.testng.internal.TestMethodWorker.run(TestMethodWorker.java:111)
	at org.testng.TestRunner.privateRun(TestRunner.java:767)
	at org.testng.TestRunner.run(TestRunner.java:617)
	at org.testng.SuiteRunner.runTest(SuiteRunner.java:334)
	at org.testng.SuiteRunner.runSequentially(SuiteRunner.java:329)
	at org.testng.SuiteRunner.privateRun(SuiteRunner.java:291)
	at org.testng.SuiteRunner.run(SuiteRunner.java:240)
	at org.testng.SuiteRunnerWorker.runSuite(SuiteRunnerWorker.java:52)
	at org.testng.SuiteRunnerWorker.run(SuiteRunnerWorker.java:86)
	at org.testng.TestNG.runSuitesSequentially(TestNG.java:1224)
	at org.testng.TestNG.runSuitesLocally(TestNG.java:1149)
	at org.testng.TestNG.run(TestNG.java:1057)
	at org.testng.TestNG.privateMain(TestNG.java:1364)
	at org.testng.TestNG.main(TestNG.java:1333)
]]>
            </full-stacktrace>
          </exception> <!-- org.testng.SkipException -->
          <reporter-output>
          </reporter-output>
        </test-method> <!-- isSkip -->
        <test-method status="SKIP" signature="doAfter(org.testng.ITestResult)[pri:0, instance:com.hk.orderPlacement.CouponOnlineOrder@2d597115]" name="doAfter" is-config="true" duration-ms="0" started-at="2015-03-10T11:50:30Z" finished-at="2015-03-10T11:50:30Z">
          <reporter-output>
          </reporter-output>
        </test-method> <!-- doAfter -->
        <test-method status="SKIP" signature="login(java.lang.Long)[pri:0, instance:com.hk.orderPlacement.CouponOnlineOrder@2d597115]" name="login" duration-ms="0" started-at="2015-03-10T11:50:30Z" finished-at="2015-03-10T11:50:30Z">
          <params>
            <param index="0">
              <value is-null="true"/>
            </param>
          </params>
          <reporter-output>
          </reporter-output>
        </test-method> <!-- login -->
      </class> <!-- com.hk.orderPlacement.CouponOnlineOrder -->
    </test> <!-- HealthKart Automation Suite -->
  </suite> <!-- TestNG Test -->
</testng-results>
