<?xml version="1.0" encoding="UTF-8"?>
<testng-results skipped="6" failed="0" total="7" passed="1">
  <reporter-output>
  </reporter-output>
  <suite name="TestNG Test" duration-ms="414420" started-at="2014-12-03T06:34:31Z" finished-at="2014-12-03T06:41:26Z">
    <groups>
    </groups>
    <test name="com.hk.orderPlacement" duration-ms="414420" started-at="2014-12-03T06:34:31Z" finished-at="2014-12-03T06:41:26Z">
      <class name="com.hk.orderPlacement.SignupCodOrder">
        <test-method status="PASS" signature="config()[pri:0, instance:com.hk.orderPlacement.SignupCodOrder@16045886]" name="config" is-config="true" duration-ms="1" started-at="2014-12-03T12:11:26Z" finished-at="2014-12-03T12:11:26Z">
          <reporter-output>
          </reporter-output>
        </test-method> <!-- config -->
        <test-method status="SKIP" signature="isSkip()[pri:0, instance:com.hk.orderPlacement.SignupCodOrder@16045886]" name="isSkip" is-config="true" duration-ms="0" started-at="2014-12-03T12:11:26Z" finished-at="2014-12-03T12:11:26Z">
          <exception class="org.testng.SkipException">
            <message>
              <![CDATA[Skipping the SignUpCodOrder test case as RunMode is No]]>
            </message>
            <full-stacktrace>
              <![CDATA[org.testng.SkipException: Skipping the SignUpCodOrder test case as RunMode is No
	at com.hk.orderPlacement.SignupCodOrder.isSkip(Unknown Source)
	at sun.reflect.NativeMethodAccessorImpl.invoke0(Native Method)
	at sun.reflect.NativeMethodAccessorImpl.invoke(NativeMethodAccessorImpl.java:57)
	at sun.reflect.DelegatingMethodAccessorImpl.invoke(DelegatingMethodAccessorImpl.java:43)
	at java.lang.reflect.Method.invoke(Method.java:606)
	at org.testng.internal.MethodInvocationHelper.invokeMethod(MethodInvocationHelper.java:84)
	at org.testng.internal.Invoker.invokeConfigurationMethod(Invoker.java:564)
	at org.testng.internal.Invoker.invokeConfigurations(Invoker.java:213)
	at org.testng.internal.Invoker.invokeMethod(Invoker.java:653)
	at org.testng.internal.Invoker.invokeTestMethod(Invoker.java:901)
	at org.testng.internal.Invoker.invokeTestMethods(Invoker.java:1231)
	at org.testng.internal.TestMethodWorker.invokeTestMethods(TestMethodWorker.java:127)
	at org.testng.internal.TestMethodWorker.run(TestMethodWorker.java:111)
	at org.testng.TestRunner.privateRun(TestRunner.java:767)
	at org.testng.TestRunner.run(TestRunner.java:617)
	at org.testng.SuiteRunner.runTest(SuiteRunner.java:334)
	at org.testng.SuiteRunner.runSequentially(SuiteRunner.java:329)
	at org.testng.SuiteRunner.privateRun(SuiteRunner.java:291)
	at org.testng.SuiteRunner.run(SuiteRunner.java:240)
	at org.testng.SuiteRunnerWorker.runSuite(SuiteRunnerWorker.java:52)
	at org.testng.SuiteRunnerWorker.run(SuiteRunnerWorker.java:86)
	at org.testng.TestNG.runSuitesSequentially(TestNG.java:1224)
	at org.testng.TestNG.runSuitesLocally(TestNG.java:1149)
	at org.testng.TestNG.run(TestNG.java:1057)
	at org.testng.TestNG.privateMain(TestNG.java:1364)
	at org.testng.TestNG.main(TestNG.java:1333)
]]>
            </full-stacktrace>
          </exception> <!-- org.testng.SkipException -->
          <reporter-output>
          </reporter-output>
        </test-method> <!-- isSkip -->
        <test-method status="SKIP" signature="doAfter(org.testng.ITestResult)[pri:0, instance:com.hk.orderPlacement.SignupCodOrder@16045886]" name="doAfter" is-config="true" duration-ms="0" started-at="2014-12-03T12:11:26Z" finished-at="2014-12-03T12:11:26Z">
          <reporter-output>
          </reporter-output>
        </test-method> <!-- doAfter -->
        <test-method status="SKIP" signature="login(java.lang.Long)[pri:0, instance:com.hk.orderPlacement.SignupCodOrder@16045886]" name="login" duration-ms="0" started-at="2014-12-03T12:11:26Z" finished-at="2014-12-03T12:11:26Z">
          <params>
            <param index="0">
              <value is-null="true"/>
            </param>
          </params>
          <reporter-output>
          </reporter-output>
        </test-method> <!-- login -->
      </class> <!-- com.hk.orderPlacement.SignupCodOrder -->
      <class name="com.hk.orderPlacement.GuestCheckoutOnline">
        <test-method status="PASS" signature="Config()[pri:0, instance:com.hk.orderPlacement.GuestCheckoutOnline@1fd3297]" name="Config" is-config="true" duration-ms="0" started-at="2014-12-03T12:11:26Z" finished-at="2014-12-03T12:11:26Z">
          <reporter-output>
          </reporter-output>
        </test-method> <!-- Config -->
        <test-method status="SKIP" signature="isSkip()[pri:0, instance:com.hk.orderPlacement.GuestCheckoutOnline@1fd3297]" name="isSkip" is-config="true" duration-ms="0" started-at="2014-12-03T12:11:26Z" finished-at="2014-12-03T12:11:26Z">
          <exception class="org.testng.SkipException">
            <message>
              <![CDATA[Skipping the GuestCheckoutOnline test case as RunMode is No]]>
            </message>
            <full-stacktrace>
              <![CDATA[org.testng.SkipException: Skipping the GuestCheckoutOnline test case as RunMode is No
	at com.hk.orderPlacement.GuestCheckoutOnline.isSkip(Unknown Source)
	at sun.reflect.NativeMethodAccessorImpl.invoke0(Native Method)
	at sun.reflect.NativeMethodAccessorImpl.invoke(NativeMethodAccessorImpl.java:57)
	at sun.reflect.DelegatingMethodAccessorImpl.invoke(DelegatingMethodAccessorImpl.java:43)
	at java.lang.reflect.Method.invoke(Method.java:606)
	at org.testng.internal.MethodInvocationHelper.invokeMethod(MethodInvocationHelper.java:84)
	at org.testng.internal.Invoker.invokeConfigurationMethod(Invoker.java:564)
	at org.testng.internal.Invoker.invokeConfigurations(Invoker.java:213)
	at org.testng.internal.Invoker.invokeMethod(Invoker.java:653)
	at org.testng.internal.Invoker.invokeTestMethod(Invoker.java:901)
	at org.testng.internal.Invoker.invokeTestMethods(Invoker.java:1231)
	at org.testng.internal.TestMethodWorker.invokeTestMethods(TestMethodWorker.java:127)
	at org.testng.internal.TestMethodWorker.run(TestMethodWorker.java:111)
	at org.testng.TestRunner.privateRun(TestRunner.java:767)
	at org.testng.TestRunner.run(TestRunner.java:617)
	at org.testng.SuiteRunner.runTest(SuiteRunner.java:334)
	at org.testng.SuiteRunner.runSequentially(SuiteRunner.java:329)
	at org.testng.SuiteRunner.privateRun(SuiteRunner.java:291)
	at org.testng.SuiteRunner.run(SuiteRunner.java:240)
	at org.testng.SuiteRunnerWorker.runSuite(SuiteRunnerWorker.java:52)
	at org.testng.SuiteRunnerWorker.run(SuiteRunnerWorker.java:86)
	at org.testng.TestNG.runSuitesSequentially(TestNG.java:1224)
	at org.testng.TestNG.runSuitesLocally(TestNG.java:1149)
	at org.testng.TestNG.run(TestNG.java:1057)
	at org.testng.TestNG.privateMain(TestNG.java:1364)
	at org.testng.TestNG.main(TestNG.java:1333)
]]>
            </full-stacktrace>
          </exception> <!-- org.testng.SkipException -->
          <reporter-output>
          </reporter-output>
        </test-method> <!-- isSkip -->
        <test-method status="SKIP" signature="login(java.lang.Long)[pri:0, instance:com.hk.orderPlacement.GuestCheckoutOnline@1fd3297]" name="login" duration-ms="0" started-at="2014-12-03T12:11:26Z" finished-at="2014-12-03T12:11:26Z">
          <params>
            <param index="0">
              <value is-null="true"/>
            </param>
          </params>
          <reporter-output>
          </reporter-output>
        </test-method> <!-- login -->
        <test-method status="SKIP" signature="doAfter(org.testng.ITestResult)[pri:0, instance:com.hk.orderPlacement.GuestCheckoutOnline@1fd3297]" name="doAfter" is-config="true" duration-ms="0" started-at="2014-12-03T12:11:26Z" finished-at="2014-12-03T12:11:26Z">
          <reporter-output>
          </reporter-output>
        </test-method> <!-- doAfter -->
      </class> <!-- com.hk.orderPlacement.GuestCheckoutOnline -->
      <class name="com.hk.orderPlacement.ExistingOnlineOrder">
        <test-method status="PASS" signature="Config()[pri:0, instance:com.hk.orderPlacement.ExistingOnlineOrder@774fd0b4]" name="Config" is-config="true" duration-ms="0" started-at="2014-12-03T12:11:26Z" finished-at="2014-12-03T12:11:26Z">
          <reporter-output>
          </reporter-output>
        </test-method> <!-- Config -->
        <test-method status="SKIP" signature="isSkip()[pri:0, instance:com.hk.orderPlacement.ExistingOnlineOrder@774fd0b4]" name="isSkip" is-config="true" duration-ms="0" started-at="2014-12-03T12:11:26Z" finished-at="2014-12-03T12:11:26Z">
          <exception class="org.testng.SkipException">
            <message>
              <![CDATA[Skipping the ExistingOnlineOrder test case as RunMode is No]]>
            </message>
            <full-stacktrace>
              <![CDATA[org.testng.SkipException: Skipping the ExistingOnlineOrder test case as RunMode is No
	at com.hk.orderPlacement.ExistingOnlineOrder.isSkip(Unknown Source)
	at sun.reflect.NativeMethodAccessorImpl.invoke0(Native Method)
	at sun.reflect.NativeMethodAccessorImpl.invoke(NativeMethodAccessorImpl.java:57)
	at sun.reflect.DelegatingMethodAccessorImpl.invoke(DelegatingMethodAccessorImpl.java:43)
	at java.lang.reflect.Method.invoke(Method.java:606)
	at org.testng.internal.MethodInvocationHelper.invokeMethod(MethodInvocationHelper.java:84)
	at org.testng.internal.Invoker.invokeConfigurationMethod(Invoker.java:564)
	at org.testng.internal.Invoker.invokeConfigurations(Invoker.java:213)
	at org.testng.internal.Invoker.invokeMethod(Invoker.java:653)
	at org.testng.internal.Invoker.invokeTestMethod(Invoker.java:901)
	at org.testng.internal.Invoker.invokeTestMethods(Invoker.java:1231)
	at org.testng.internal.TestMethodWorker.invokeTestMethods(TestMethodWorker.java:127)
	at org.testng.internal.TestMethodWorker.run(TestMethodWorker.java:111)
	at org.testng.TestRunner.privateRun(TestRunner.java:767)
	at org.testng.TestRunner.run(TestRunner.java:617)
	at org.testng.SuiteRunner.runTest(SuiteRunner.java:334)
	at org.testng.SuiteRunner.runSequentially(SuiteRunner.java:329)
	at org.testng.SuiteRunner.privateRun(SuiteRunner.java:291)
	at org.testng.SuiteRunner.run(SuiteRunner.java:240)
	at org.testng.SuiteRunnerWorker.runSuite(SuiteRunnerWorker.java:52)
	at org.testng.SuiteRunnerWorker.run(SuiteRunnerWorker.java:86)
	at org.testng.TestNG.runSuitesSequentially(TestNG.java:1224)
	at org.testng.TestNG.runSuitesLocally(TestNG.java:1149)
	at org.testng.TestNG.run(TestNG.java:1057)
	at org.testng.TestNG.privateMain(TestNG.java:1364)
	at org.testng.TestNG.main(TestNG.java:1333)
]]>
            </full-stacktrace>
          </exception> <!-- org.testng.SkipException -->
          <reporter-output>
          </reporter-output>
        </test-method> <!-- isSkip -->
        <test-method status="SKIP" signature="doAfter(org.testng.ITestResult)[pri:0, instance:com.hk.orderPlacement.ExistingOnlineOrder@774fd0b4]" name="doAfter" is-config="true" duration-ms="0" started-at="2014-12-03T12:11:26Z" finished-at="2014-12-03T12:11:26Z">
          <reporter-output>
          </reporter-output>
        </test-method> <!-- doAfter -->
        <test-method status="SKIP" signature="login(java.lang.Long)[pri:0, instance:com.hk.orderPlacement.ExistingOnlineOrder@774fd0b4]" name="login" duration-ms="0" started-at="2014-12-03T12:11:26Z" finished-at="2014-12-03T12:11:26Z">
          <params>
            <param index="0">
              <value is-null="true"/>
            </param>
          </params>
          <reporter-output>
          </reporter-output>
        </test-method> <!-- login -->
      </class> <!-- com.hk.orderPlacement.ExistingOnlineOrder -->
      <class name="com.hk.orderPlacement.GuestCheckoutCod">
        <test-method status="PASS" signature="config()[pri:0, instance:com.hk.orderPlacement.GuestCheckoutCod@44819912]" name="config" is-config="true" duration-ms="0" started-at="2014-12-03T12:11:26Z" finished-at="2014-12-03T12:11:26Z">
          <reporter-output>
          </reporter-output>
        </test-method> <!-- config -->
        <test-method status="SKIP" signature="isSkip()[pri:0, instance:com.hk.orderPlacement.GuestCheckoutCod@44819912]" name="isSkip" is-config="true" duration-ms="0" started-at="2014-12-03T12:11:26Z" finished-at="2014-12-03T12:11:26Z">
          <exception class="org.testng.SkipException">
            <message>
              <![CDATA[Skipping the GuestCheckOutCod test case as RunMode is No]]>
            </message>
            <full-stacktrace>
              <![CDATA[org.testng.SkipException: Skipping the GuestCheckOutCod test case as RunMode is No
	at com.hk.orderPlacement.GuestCheckoutCod.isSkip(Unknown Source)
	at sun.reflect.NativeMethodAccessorImpl.invoke0(Native Method)
	at sun.reflect.NativeMethodAccessorImpl.invoke(NativeMethodAccessorImpl.java:57)
	at sun.reflect.DelegatingMethodAccessorImpl.invoke(DelegatingMethodAccessorImpl.java:43)
	at java.lang.reflect.Method.invoke(Method.java:606)
	at org.testng.internal.MethodInvocationHelper.invokeMethod(MethodInvocationHelper.java:84)
	at org.testng.internal.Invoker.invokeConfigurationMethod(Invoker.java:564)
	at org.testng.internal.Invoker.invokeConfigurations(Invoker.java:213)
	at org.testng.internal.Invoker.invokeMethod(Invoker.java:653)
	at org.testng.internal.Invoker.invokeTestMethod(Invoker.java:901)
	at org.testng.internal.Invoker.invokeTestMethods(Invoker.java:1231)
	at org.testng.internal.TestMethodWorker.invokeTestMethods(TestMethodWorker.java:127)
	at org.testng.internal.TestMethodWorker.run(TestMethodWorker.java:111)
	at org.testng.TestRunner.privateRun(TestRunner.java:767)
	at org.testng.TestRunner.run(TestRunner.java:617)
	at org.testng.SuiteRunner.runTest(SuiteRunner.java:334)
	at org.testng.SuiteRunner.runSequentially(SuiteRunner.java:329)
	at org.testng.SuiteRunner.privateRun(SuiteRunner.java:291)
	at org.testng.SuiteRunner.run(SuiteRunner.java:240)
	at org.testng.SuiteRunnerWorker.runSuite(SuiteRunnerWorker.java:52)
	at org.testng.SuiteRunnerWorker.run(SuiteRunnerWorker.java:86)
	at org.testng.TestNG.runSuitesSequentially(TestNG.java:1224)
	at org.testng.TestNG.runSuitesLocally(TestNG.java:1149)
	at org.testng.TestNG.run(TestNG.java:1057)
	at org.testng.TestNG.privateMain(TestNG.java:1364)
	at org.testng.TestNG.main(TestNG.java:1333)
]]>
            </full-stacktrace>
          </exception> <!-- org.testng.SkipException -->
          <reporter-output>
          </reporter-output>
        </test-method> <!-- isSkip -->
        <test-method status="SKIP" signature="login(java.lang.Long)[pri:0, instance:com.hk.orderPlacement.GuestCheckoutCod@44819912]" name="login" duration-ms="1" started-at="2014-12-03T12:11:26Z" finished-at="2014-12-03T12:11:26Z">
          <params>
            <param index="0">
              <value is-null="true"/>
            </param>
          </params>
          <reporter-output>
          </reporter-output>
        </test-method> <!-- login -->
        <test-method status="SKIP" signature="doAfter(org.testng.ITestResult)[pri:0, instance:com.hk.orderPlacement.GuestCheckoutCod@44819912]" name="doAfter" is-config="true" duration-ms="0" started-at="2014-12-03T12:11:26Z" finished-at="2014-12-03T12:11:26Z">
          <reporter-output>
          </reporter-output>
        </test-method> <!-- doAfter -->
      </class> <!-- com.hk.orderPlacement.GuestCheckoutCod -->
      <class name="com.hk.orderPlacement.SignupOrderOnline">
        <test-method status="PASS" signature="config()[pri:0, instance:com.hk.orderPlacement.SignupOrderOnline@6c4c3ffd]" name="config" is-config="true" duration-ms="0" started-at="2014-12-03T12:11:26Z" finished-at="2014-12-03T12:11:26Z">
          <reporter-output>
          </reporter-output>
        </test-method> <!-- config -->
        <test-method status="SKIP" signature="isSkip()[pri:0, instance:com.hk.orderPlacement.SignupOrderOnline@6c4c3ffd]" name="isSkip" is-config="true" duration-ms="0" started-at="2014-12-03T12:11:26Z" finished-at="2014-12-03T12:11:26Z">
          <exception class="org.testng.SkipException">
            <message>
              <![CDATA[Skipping the SignUpOrderOnline test case as RunMode is No]]>
            </message>
            <full-stacktrace>
              <![CDATA[org.testng.SkipException: Skipping the SignUpOrderOnline test case as RunMode is No
	at com.hk.orderPlacement.SignupOrderOnline.isSkip(Unknown Source)
	at sun.reflect.NativeMethodAccessorImpl.invoke0(Native Method)
	at sun.reflect.NativeMethodAccessorImpl.invoke(NativeMethodAccessorImpl.java:57)
	at sun.reflect.DelegatingMethodAccessorImpl.invoke(DelegatingMethodAccessorImpl.java:43)
	at java.lang.reflect.Method.invoke(Method.java:606)
	at org.testng.internal.MethodInvocationHelper.invokeMethod(MethodInvocationHelper.java:84)
	at org.testng.internal.Invoker.invokeConfigurationMethod(Invoker.java:564)
	at org.testng.internal.Invoker.invokeConfigurations(Invoker.java:213)
	at org.testng.internal.Invoker.invokeMethod(Invoker.java:653)
	at org.testng.internal.Invoker.invokeTestMethod(Invoker.java:901)
	at org.testng.internal.Invoker.invokeTestMethods(Invoker.java:1231)
	at org.testng.internal.TestMethodWorker.invokeTestMethods(TestMethodWorker.java:127)
	at org.testng.internal.TestMethodWorker.run(TestMethodWorker.java:111)
	at org.testng.TestRunner.privateRun(TestRunner.java:767)
	at org.testng.TestRunner.run(TestRunner.java:617)
	at org.testng.SuiteRunner.runTest(SuiteRunner.java:334)
	at org.testng.SuiteRunner.runSequentially(SuiteRunner.java:329)
	at org.testng.SuiteRunner.privateRun(SuiteRunner.java:291)
	at org.testng.SuiteRunner.run(SuiteRunner.java:240)
	at org.testng.SuiteRunnerWorker.runSuite(SuiteRunnerWorker.java:52)
	at org.testng.SuiteRunnerWorker.run(SuiteRunnerWorker.java:86)
	at org.testng.TestNG.runSuitesSequentially(TestNG.java:1224)
	at org.testng.TestNG.runSuitesLocally(TestNG.java:1149)
	at org.testng.TestNG.run(TestNG.java:1057)
	at org.testng.TestNG.privateMain(TestNG.java:1364)
	at org.testng.TestNG.main(TestNG.java:1333)
]]>
            </full-stacktrace>
          </exception> <!-- org.testng.SkipException -->
          <reporter-output>
          </reporter-output>
        </test-method> <!-- isSkip -->
        <test-method status="SKIP" signature="doAfter(org.testng.ITestResult)[pri:0, instance:com.hk.orderPlacement.SignupOrderOnline@6c4c3ffd]" name="doAfter" is-config="true" duration-ms="0" started-at="2014-12-03T12:11:26Z" finished-at="2014-12-03T12:11:26Z">
          <reporter-output>
          </reporter-output>
        </test-method> <!-- doAfter -->
        <test-method status="SKIP" signature="login(java.lang.Long)[pri:0, instance:com.hk.orderPlacement.SignupOrderOnline@6c4c3ffd]" name="login" duration-ms="0" started-at="2014-12-03T12:11:26Z" finished-at="2014-12-03T12:11:26Z">
          <params>
            <param index="0">
              <value is-null="true"/>
            </param>
          </params>
          <reporter-output>
          </reporter-output>
        </test-method> <!-- login -->
      </class> <!-- com.hk.orderPlacement.SignupOrderOnline -->
      <class name="com.hk.orderPlacement.ExistingCodPlacement">
        <test-method status="PASS" signature="Config()[pri:0, instance:com.hk.orderPlacement.ExistingCodPlacement@190f169e]" name="Config" is-config="true" duration-ms="1" started-at="2014-12-03T12:04:32Z" finished-at="2014-12-03T12:04:32Z">
          <reporter-output>
          </reporter-output>
        </test-method> <!-- Config -->
        <test-method status="PASS" signature="login(java.lang.Long)[pri:0, instance:com.hk.orderPlacement.ExistingCodPlacement@190f169e]" name="login" duration-ms="412953" started-at="2014-12-03T12:04:32Z" finished-at="2014-12-03T12:11:24Z">
          <params>
            <param index="0">
              <value is-null="true"/>
            </param>
          </params>
          <reporter-output>
          </reporter-output>
        </test-method> <!-- login -->
        <test-method status="PASS" signature="isSkip()[pri:0, instance:com.hk.orderPlacement.ExistingCodPlacement@190f169e]" name="isSkip" is-config="true" duration-ms="0" started-at="2014-12-03T12:04:32Z" finished-at="2014-12-03T12:04:32Z">
          <reporter-output>
          </reporter-output>
        </test-method> <!-- isSkip -->
        <test-method status="PASS" signature="doAfter(org.testng.ITestResult)[pri:0, instance:com.hk.orderPlacement.ExistingCodPlacement@190f169e]" name="doAfter" is-config="true" duration-ms="1218" started-at="2014-12-03T12:11:24Z" finished-at="2014-12-03T12:11:26Z">
          <params>
            <param index="0">
              <value>
                <![CDATA[[TestResult name=login status=SUCCESS method=ExistingCodPlacement.login(java.lang.Long)[pri:0, instance:com.hk.orderPlacement.ExistingCodPlacement@190f169e] output={null}]]]>
              </value>
            </param>
          </params>
          <reporter-output>
          </reporter-output>
        </test-method> <!-- doAfter -->
      </class> <!-- com.hk.orderPlacement.ExistingCodPlacement -->
      <class name="com.hk.orderPlacement.CouponOnlineOrder">
        <test-method status="PASS" signature="Config()[pri:0, instance:com.hk.orderPlacement.CouponOnlineOrder@2d95ebec]" name="Config" is-config="true" duration-ms="221" started-at="2014-12-03T12:04:31Z" finished-at="2014-12-03T12:04:32Z">
          <reporter-output>
          </reporter-output>
        </test-method> <!-- Config -->
        <test-method status="SKIP" signature="isSkip()[pri:0, instance:com.hk.orderPlacement.CouponOnlineOrder@2d95ebec]" name="isSkip" is-config="true" duration-ms="0" started-at="2014-12-03T12:04:32Z" finished-at="2014-12-03T12:04:32Z">
          <exception class="org.testng.SkipException">
            <message>
              <![CDATA[Skipping the CouponOnlineOrder test case as RunMode is No]]>
            </message>
            <full-stacktrace>
              <![CDATA[org.testng.SkipException: Skipping the CouponOnlineOrder test case as RunMode is No
	at com.hk.orderPlacement.CouponOnlineOrder.isSkip(Unknown Source)
	at sun.reflect.NativeMethodAccessorImpl.invoke0(Native Method)
	at sun.reflect.NativeMethodAccessorImpl.invoke(NativeMethodAccessorImpl.java:57)
	at sun.reflect.DelegatingMethodAccessorImpl.invoke(DelegatingMethodAccessorImpl.java:43)
	at java.lang.reflect.Method.invoke(Method.java:606)
	at org.testng.internal.MethodInvocationHelper.invokeMethod(MethodInvocationHelper.java:84)
	at org.testng.internal.Invoker.invokeConfigurationMethod(Invoker.java:564)
	at org.testng.internal.Invoker.invokeConfigurations(Invoker.java:213)
	at org.testng.internal.Invoker.invokeMethod(Invoker.java:653)
	at org.testng.internal.Invoker.invokeTestMethod(Invoker.java:901)
	at org.testng.internal.Invoker.invokeTestMethods(Invoker.java:1231)
	at org.testng.internal.TestMethodWorker.invokeTestMethods(TestMethodWorker.java:127)
	at org.testng.internal.TestMethodWorker.run(TestMethodWorker.java:111)
	at org.testng.TestRunner.privateRun(TestRunner.java:767)
	at org.testng.TestRunner.run(TestRunner.java:617)
	at org.testng.SuiteRunner.runTest(SuiteRunner.java:334)
	at org.testng.SuiteRunner.runSequentially(SuiteRunner.java:329)
	at org.testng.SuiteRunner.privateRun(SuiteRunner.java:291)
	at org.testng.SuiteRunner.run(SuiteRunner.java:240)
	at org.testng.SuiteRunnerWorker.runSuite(SuiteRunnerWorker.java:52)
	at org.testng.SuiteRunnerWorker.run(SuiteRunnerWorker.java:86)
	at org.testng.TestNG.runSuitesSequentially(TestNG.java:1224)
	at org.testng.TestNG.runSuitesLocally(TestNG.java:1149)
	at org.testng.TestNG.run(TestNG.java:1057)
	at org.testng.TestNG.privateMain(TestNG.java:1364)
	at org.testng.TestNG.main(TestNG.java:1333)
]]>
            </full-stacktrace>
          </exception> <!-- org.testng.SkipException -->
          <reporter-output>
          </reporter-output>
        </test-method> <!-- isSkip -->
        <test-method status="SKIP" signature="login(java.lang.Long)[pri:0, instance:com.hk.orderPlacement.CouponOnlineOrder@2d95ebec]" name="login" duration-ms="0" started-at="2014-12-03T12:04:32Z" finished-at="2014-12-03T12:04:32Z">
          <params>
            <param index="0">
              <value is-null="true"/>
            </param>
          </params>
          <reporter-output>
          </reporter-output>
        </test-method> <!-- login -->
        <test-method status="SKIP" signature="doAfter(org.testng.ITestResult)[pri:0, instance:com.hk.orderPlacement.CouponOnlineOrder@2d95ebec]" name="doAfter" is-config="true" duration-ms="0" started-at="2014-12-03T12:04:32Z" finished-at="2014-12-03T12:04:32Z">
          <reporter-output>
          </reporter-output>
        </test-method> <!-- doAfter -->
      </class> <!-- com.hk.orderPlacement.CouponOnlineOrder -->
    </test> <!-- com.hk.orderPlacement -->
  </suite> <!-- TestNG Test -->
</testng-results>
