<?xml version="1.0" encoding="UTF-8"?>
<testng-results skipped="0" failed="0" total="2" passed="2">
  <reporter-output>
  </reporter-output>
  <suite name="TestNG Test" duration-ms="123963" started-at="2014-09-12T06:24:18Z" finished-at="2014-09-12T06:26:22Z">
    <groups>
    </groups>
    <test name="com.hk.orderPlacement.SignupCodOrder" duration-ms="86249" started-at="2014-09-12T06:24:18Z" finished-at="2014-09-12T06:25:45Z">
      <class name="com.hk.orderPlacement.SignupCodOrder">
        <test-method status="PASS" signature="config()[pri:0, instance:com.hk.orderPlacement.SignupCodOrder@29e54f45]" name="config" is-config="true" duration-ms="210" started-at="2014-09-12T11:54:18Z" finished-at="2014-09-12T11:54:19Z">
          <reporter-output>
          </reporter-output>
        </test-method> <!-- config -->
        <test-method status="PASS" signature="isSkip()[pri:0, instance:com.hk.orderPlacement.SignupCodOrder@29e54f45]" name="isSkip" is-config="true" duration-ms="0" started-at="2014-09-12T11:54:19Z" finished-at="2014-09-12T11:54:19Z">
          <reporter-output>
          </reporter-output>
        </test-method> <!-- isSkip -->
        <test-method status="PASS" signature="login(java.lang.Long)[pri:0, instance:com.hk.orderPlacement.SignupCodOrder@29e54f45]" name="login" duration-ms="85681" started-at="2014-09-12T11:54:19Z" finished-at="2014-09-12T11:55:44Z">
          <params>
            <param index="0">
              <value is-null="true"/>
            </param>
          </params>
          <reporter-output>
          </reporter-output>
        </test-method> <!-- login -->
        <test-method status="PASS" signature="doAfter(org.testng.ITestResult)[pri:0, instance:com.hk.orderPlacement.SignupCodOrder@29e54f45]" name="doAfter" is-config="true" duration-ms="346" started-at="2014-09-12T11:55:44Z" finished-at="2014-09-12T11:55:45Z">
          <params>
            <param index="0">
              <value>
                <![CDATA[[TestResult name=login status=SUCCESS method=SignupCodOrder.login(java.lang.Long)[pri:0, instance:com.hk.orderPlacement.SignupCodOrder@29e54f45] output={null}]]]>
              </value>
            </param>
          </params>
          <reporter-output>
          </reporter-output>
        </test-method> <!-- doAfter -->
      </class> <!-- com.hk.orderPlacement.SignupCodOrder -->
    </test> <!-- com.hk.orderPlacement.SignupCodOrder -->
    <test name="com.hk.orderPlacement.SignupOrderOnline" duration-ms="37690" started-at="2014-09-12T06:25:45Z" finished-at="2014-09-12T06:26:22Z">
      <class name="com.hk.orderPlacement.SignupOrderOnline">
        <test-method status="PASS" signature="config()[pri:0, instance:com.hk.orderPlacement.SignupOrderOnline@7e78d6c6]" name="config" is-config="true" duration-ms="1" started-at="2014-09-12T11:55:45Z" finished-at="2014-09-12T11:55:45Z">
          <reporter-output>
          </reporter-output>
        </test-method> <!-- config -->
        <test-method status="PASS" signature="isSkip()[pri:0, instance:com.hk.orderPlacement.SignupOrderOnline@7e78d6c6]" name="isSkip" is-config="true" duration-ms="1" started-at="2014-09-12T11:55:45Z" finished-at="2014-09-12T11:55:45Z">
          <reporter-output>
          </reporter-output>
        </test-method> <!-- isSkip -->
        <test-method status="PASS" signature="login(java.lang.Long)[pri:0, instance:com.hk.orderPlacement.SignupOrderOnline@7e78d6c6]" name="login" duration-ms="37445" started-at="2014-09-12T11:55:45Z" finished-at="2014-09-12T11:56:22Z">
          <params>
            <param index="0">
              <value is-null="true"/>
            </param>
          </params>
          <reporter-output>
          </reporter-output>
        </test-method> <!-- login -->
        <test-method status="PASS" signature="doAfter(org.testng.ITestResult)[pri:0, instance:com.hk.orderPlacement.SignupOrderOnline@7e78d6c6]" name="doAfter" is-config="true" duration-ms="242" started-at="2014-09-12T11:56:22Z" finished-at="2014-09-12T11:56:22Z">
          <params>
            <param index="0">
              <value>
                <![CDATA[[TestResult name=login status=SUCCESS method=SignupOrderOnline.login(java.lang.Long)[pri:0, instance:com.hk.orderPlacement.SignupOrderOnline@7e78d6c6] output={null}]]]>
              </value>
            </param>
          </params>
          <reporter-output>
          </reporter-output>
        </test-method> <!-- doAfter -->
      </class> <!-- com.hk.orderPlacement.SignupOrderOnline -->
    </test> <!-- com.hk.orderPlacement.SignupOrderOnline -->
  </suite> <!-- TestNG Test -->
</testng-results>
