<?xml version="1.0" encoding="UTF-8"?>
<testng-results skipped="8" failed="0" total="9" passed="1">
  <reporter-output>
  </reporter-output>
  <suite name="TestNG Test" duration-ms="237501" started-at="2015-01-29T09:06:05Z" finished-at="2015-01-29T09:10:02Z">
    <groups>
    </groups>
    <test name="ExistingOnline Multivariant Order" duration-ms="237501" started-at="2015-01-29T09:06:05Z" finished-at="2015-01-29T09:10:02Z">
      <class name="com.hk.orderPlacement.SignupCodOrder">
        <test-method status="PASS" signature="config()[pri:0, instance:com.hk.orderPlacement.SignupCodOrder@57c70722]" name="config" is-config="true" duration-ms="1" started-at="2015-01-29T14:36:06Z" finished-at="2015-01-29T14:36:06Z">
          <reporter-output>
          </reporter-output>
        </test-method> <!-- config -->
        <test-method status="SKIP" signature="isSkip()[pri:0, instance:com.hk.orderPlacement.SignupCodOrder@57c70722]" name="isSkip" is-config="true" duration-ms="0" started-at="2015-01-29T14:36:06Z" finished-at="2015-01-29T14:36:06Z">
          <exception class="org.testng.SkipException">
            <message>
              <![CDATA[Skipping the SignUpCodOrder test case as RunMode is No]]>
            </message>
            <full-stacktrace>
              <![CDATA[org.testng.SkipException: Skipping the SignUpCodOrder test case as RunMode is No
	at com.hk.orderPlacement.SignupCodOrder.isSkip(Unknown Source)
	at sun.reflect.NativeMethodAccessorImpl.invoke0(Native Method)
	at sun.reflect.NativeMethodAccessorImpl.invoke(NativeMethodAccessorImpl.java:57)
	at sun.reflect.DelegatingMethodAccessorImpl.invoke(DelegatingMethodAccessorImpl.java:43)
	at java.lang.reflect.Method.invoke(Method.java:606)
	at org.testng.internal.MethodInvocationHelper.invokeMethod(MethodInvocationHelper.java:84)
	at org.testng.internal.Invoker.invokeConfigurationMethod(Invoker.java:564)
	at org.testng.internal.Invoker.invokeConfigurations(Invoker.java:213)
	at org.testng.internal.Invoker.invokeMethod(Invoker.java:653)
	at org.testng.internal.Invoker.invokeTestMethod(Invoker.java:901)
	at org.testng.internal.Invoker.invokeTestMethods(Invoker.java:1231)
	at org.testng.internal.TestMethodWorker.invokeTestMethods(TestMethodWorker.java:127)
	at org.testng.internal.TestMethodWorker.run(TestMethodWorker.java:111)
	at org.testng.TestRunner.privateRun(TestRunner.java:767)
	at org.testng.TestRunner.run(TestRunner.java:617)
	at org.testng.SuiteRunner.runTest(SuiteRunner.java:334)
	at org.testng.SuiteRunner.runSequentially(SuiteRunner.java:329)
	at org.testng.SuiteRunner.privateRun(SuiteRunner.java:291)
	at org.testng.SuiteRunner.run(SuiteRunner.java:240)
	at org.testng.SuiteRunnerWorker.runSuite(SuiteRunnerWorker.java:52)
	at org.testng.SuiteRunnerWorker.run(SuiteRunnerWorker.java:86)
	at org.testng.TestNG.runSuitesSequentially(TestNG.java:1224)
	at org.testng.TestNG.runSuitesLocally(TestNG.java:1149)
	at org.testng.TestNG.run(TestNG.java:1057)
	at org.testng.TestNG.privateMain(TestNG.java:1364)
	at org.testng.TestNG.main(TestNG.java:1333)
]]>
            </full-stacktrace>
          </exception> <!-- org.testng.SkipException -->
          <reporter-output>
          </reporter-output>
        </test-method> <!-- isSkip -->
        <test-method status="SKIP" signature="doAfter(org.testng.ITestResult)[pri:0, instance:com.hk.orderPlacement.SignupCodOrder@57c70722]" name="doAfter" is-config="true" duration-ms="0" started-at="2015-01-29T14:36:06Z" finished-at="2015-01-29T14:36:06Z">
          <reporter-output>
          </reporter-output>
        </test-method> <!-- doAfter -->
        <test-method status="SKIP" signature="login(java.lang.Long)[pri:0, instance:com.hk.orderPlacement.SignupCodOrder@57c70722]" name="login" duration-ms="0" started-at="2015-01-29T14:36:06Z" finished-at="2015-01-29T14:36:06Z">
          <params>
            <param index="0">
              <value is-null="true"/>
            </param>
          </params>
          <reporter-output>
          </reporter-output>
        </test-method> <!-- login -->
      </class> <!-- com.hk.orderPlacement.SignupCodOrder -->
      <class name="com.hk.orderPlacement.ExistingOnlineOrder">
        <test-method status="PASS" signature="Config()[pri:0, instance:com.hk.orderPlacement.ExistingOnlineOrder@2c20fa96]" name="Config" is-config="true" duration-ms="1" started-at="2015-01-29T14:36:06Z" finished-at="2015-01-29T14:36:06Z">
          <reporter-output>
          </reporter-output>
        </test-method> <!-- Config -->
        <test-method status="SKIP" signature="isSkip()[pri:0, instance:com.hk.orderPlacement.ExistingOnlineOrder@2c20fa96]" name="isSkip" is-config="true" duration-ms="0" started-at="2015-01-29T14:36:06Z" finished-at="2015-01-29T14:36:06Z">
          <exception class="org.testng.SkipException">
            <message>
              <![CDATA[Skipping the ExistingOnlineOrder test case as RunMode is No]]>
            </message>
            <full-stacktrace>
              <![CDATA[org.testng.SkipException: Skipping the ExistingOnlineOrder test case as RunMode is No
	at com.hk.orderPlacement.ExistingOnlineOrder.isSkip(Unknown Source)
	at sun.reflect.NativeMethodAccessorImpl.invoke0(Native Method)
	at sun.reflect.NativeMethodAccessorImpl.invoke(NativeMethodAccessorImpl.java:57)
	at sun.reflect.DelegatingMethodAccessorImpl.invoke(DelegatingMethodAccessorImpl.java:43)
	at java.lang.reflect.Method.invoke(Method.java:606)
	at org.testng.internal.MethodInvocationHelper.invokeMethod(MethodInvocationHelper.java:84)
	at org.testng.internal.Invoker.invokeConfigurationMethod(Invoker.java:564)
	at org.testng.internal.Invoker.invokeConfigurations(Invoker.java:213)
	at org.testng.internal.Invoker.invokeMethod(Invoker.java:653)
	at org.testng.internal.Invoker.invokeTestMethod(Invoker.java:901)
	at org.testng.internal.Invoker.invokeTestMethods(Invoker.java:1231)
	at org.testng.internal.TestMethodWorker.invokeTestMethods(TestMethodWorker.java:127)
	at org.testng.internal.TestMethodWorker.run(TestMethodWorker.java:111)
	at org.testng.TestRunner.privateRun(TestRunner.java:767)
	at org.testng.TestRunner.run(TestRunner.java:617)
	at org.testng.SuiteRunner.runTest(SuiteRunner.java:334)
	at org.testng.SuiteRunner.runSequentially(SuiteRunner.java:329)
	at org.testng.SuiteRunner.privateRun(SuiteRunner.java:291)
	at org.testng.SuiteRunner.run(SuiteRunner.java:240)
	at org.testng.SuiteRunnerWorker.runSuite(SuiteRunnerWorker.java:52)
	at org.testng.SuiteRunnerWorker.run(SuiteRunnerWorker.java:86)
	at org.testng.TestNG.runSuitesSequentially(TestNG.java:1224)
	at org.testng.TestNG.runSuitesLocally(TestNG.java:1149)
	at org.testng.TestNG.run(TestNG.java:1057)
	at org.testng.TestNG.privateMain(TestNG.java:1364)
	at org.testng.TestNG.main(TestNG.java:1333)
]]>
            </full-stacktrace>
          </exception> <!-- org.testng.SkipException -->
          <reporter-output>
          </reporter-output>
        </test-method> <!-- isSkip -->
        <test-method status="SKIP" signature="login(java.lang.Long)[pri:0, instance:com.hk.orderPlacement.ExistingOnlineOrder@2c20fa96]" name="login" duration-ms="0" started-at="2015-01-29T14:36:06Z" finished-at="2015-01-29T14:36:06Z">
          <params>
            <param index="0">
              <value is-null="true"/>
            </param>
          </params>
          <reporter-output>
          </reporter-output>
        </test-method> <!-- login -->
        <test-method status="SKIP" signature="doAfter(org.testng.ITestResult)[pri:0, instance:com.hk.orderPlacement.ExistingOnlineOrder@2c20fa96]" name="doAfter" is-config="true" duration-ms="0" started-at="2015-01-29T14:36:06Z" finished-at="2015-01-29T14:36:06Z">
          <reporter-output>
          </reporter-output>
        </test-method> <!-- doAfter -->
      </class> <!-- com.hk.orderPlacement.ExistingOnlineOrder -->
      <class name="com.hk.orderPlacement.GuestCheckoutOnline">
        <test-method status="PASS" signature="Config()[pri:0, instance:com.hk.orderPlacement.GuestCheckoutOnline@5bf33511]" name="Config" is-config="true" duration-ms="0" started-at="2015-01-29T14:36:06Z" finished-at="2015-01-29T14:36:06Z">
          <reporter-output>
          </reporter-output>
        </test-method> <!-- Config -->
        <test-method status="SKIP" signature="isSkip()[pri:0, instance:com.hk.orderPlacement.GuestCheckoutOnline@5bf33511]" name="isSkip" is-config="true" duration-ms="0" started-at="2015-01-29T14:36:06Z" finished-at="2015-01-29T14:36:06Z">
          <exception class="org.testng.SkipException">
            <message>
              <![CDATA[Skipping the GuestCheckoutOnline test case as RunMode is No]]>
            </message>
            <full-stacktrace>
              <![CDATA[org.testng.SkipException: Skipping the GuestCheckoutOnline test case as RunMode is No
	at com.hk.orderPlacement.GuestCheckoutOnline.isSkip(Unknown Source)
	at sun.reflect.NativeMethodAccessorImpl.invoke0(Native Method)
	at sun.reflect.NativeMethodAccessorImpl.invoke(NativeMethodAccessorImpl.java:57)
	at sun.reflect.DelegatingMethodAccessorImpl.invoke(DelegatingMethodAccessorImpl.java:43)
	at java.lang.reflect.Method.invoke(Method.java:606)
	at org.testng.internal.MethodInvocationHelper.invokeMethod(MethodInvocationHelper.java:84)
	at org.testng.internal.Invoker.invokeConfigurationMethod(Invoker.java:564)
	at org.testng.internal.Invoker.invokeConfigurations(Invoker.java:213)
	at org.testng.internal.Invoker.invokeMethod(Invoker.java:653)
	at org.testng.internal.Invoker.invokeTestMethod(Invoker.java:901)
	at org.testng.internal.Invoker.invokeTestMethods(Invoker.java:1231)
	at org.testng.internal.TestMethodWorker.invokeTestMethods(TestMethodWorker.java:127)
	at org.testng.internal.TestMethodWorker.run(TestMethodWorker.java:111)
	at org.testng.TestRunner.privateRun(TestRunner.java:767)
	at org.testng.TestRunner.run(TestRunner.java:617)
	at org.testng.SuiteRunner.runTest(SuiteRunner.java:334)
	at org.testng.SuiteRunner.runSequentially(SuiteRunner.java:329)
	at org.testng.SuiteRunner.privateRun(SuiteRunner.java:291)
	at org.testng.SuiteRunner.run(SuiteRunner.java:240)
	at org.testng.SuiteRunnerWorker.runSuite(SuiteRunnerWorker.java:52)
	at org.testng.SuiteRunnerWorker.run(SuiteRunnerWorker.java:86)
	at org.testng.TestNG.runSuitesSequentially(TestNG.java:1224)
	at org.testng.TestNG.runSuitesLocally(TestNG.java:1149)
	at org.testng.TestNG.run(TestNG.java:1057)
	at org.testng.TestNG.privateMain(TestNG.java:1364)
	at org.testng.TestNG.main(TestNG.java:1333)
]]>
            </full-stacktrace>
          </exception> <!-- org.testng.SkipException -->
          <reporter-output>
          </reporter-output>
        </test-method> <!-- isSkip -->
        <test-method status="SKIP" signature="login(java.lang.Long)[pri:0, instance:com.hk.orderPlacement.GuestCheckoutOnline@5bf33511]" name="login" duration-ms="1" started-at="2015-01-29T14:36:06Z" finished-at="2015-01-29T14:36:06Z">
          <params>
            <param index="0">
              <value is-null="true"/>
            </param>
          </params>
          <reporter-output>
          </reporter-output>
        </test-method> <!-- login -->
        <test-method status="SKIP" signature="doAfter(org.testng.ITestResult)[pri:0, instance:com.hk.orderPlacement.GuestCheckoutOnline@5bf33511]" name="doAfter" is-config="true" duration-ms="0" started-at="2015-01-29T14:36:06Z" finished-at="2015-01-29T14:36:06Z">
          <reporter-output>
          </reporter-output>
        </test-method> <!-- doAfter -->
      </class> <!-- com.hk.orderPlacement.GuestCheckoutOnline -->
      <class name="com.hk.orderPlacement.GuestCheckoutCod">
        <test-method status="PASS" signature="config()[pri:0, instance:com.hk.orderPlacement.GuestCheckoutCod@1d8f59e3]" name="config" is-config="true" duration-ms="0" started-at="2015-01-29T14:36:06Z" finished-at="2015-01-29T14:36:06Z">
          <reporter-output>
          </reporter-output>
        </test-method> <!-- config -->
        <test-method status="SKIP" signature="isSkip()[pri:0, instance:com.hk.orderPlacement.GuestCheckoutCod@1d8f59e3]" name="isSkip" is-config="true" duration-ms="0" started-at="2015-01-29T14:36:06Z" finished-at="2015-01-29T14:36:06Z">
          <exception class="org.testng.SkipException">
            <message>
              <![CDATA[Skipping the GuestCheckOutCod test case as RunMode is No]]>
            </message>
            <full-stacktrace>
              <![CDATA[org.testng.SkipException: Skipping the GuestCheckOutCod test case as RunMode is No
	at com.hk.orderPlacement.GuestCheckoutCod.isSkip(Unknown Source)
	at sun.reflect.NativeMethodAccessorImpl.invoke0(Native Method)
	at sun.reflect.NativeMethodAccessorImpl.invoke(NativeMethodAccessorImpl.java:57)
	at sun.reflect.DelegatingMethodAccessorImpl.invoke(DelegatingMethodAccessorImpl.java:43)
	at java.lang.reflect.Method.invoke(Method.java:606)
	at org.testng.internal.MethodInvocationHelper.invokeMethod(MethodInvocationHelper.java:84)
	at org.testng.internal.Invoker.invokeConfigurationMethod(Invoker.java:564)
	at org.testng.internal.Invoker.invokeConfigurations(Invoker.java:213)
	at org.testng.internal.Invoker.invokeMethod(Invoker.java:653)
	at org.testng.internal.Invoker.invokeTestMethod(Invoker.java:901)
	at org.testng.internal.Invoker.invokeTestMethods(Invoker.java:1231)
	at org.testng.internal.TestMethodWorker.invokeTestMethods(TestMethodWorker.java:127)
	at org.testng.internal.TestMethodWorker.run(TestMethodWorker.java:111)
	at org.testng.TestRunner.privateRun(TestRunner.java:767)
	at org.testng.TestRunner.run(TestRunner.java:617)
	at org.testng.SuiteRunner.runTest(SuiteRunner.java:334)
	at org.testng.SuiteRunner.runSequentially(SuiteRunner.java:329)
	at org.testng.SuiteRunner.privateRun(SuiteRunner.java:291)
	at org.testng.SuiteRunner.run(SuiteRunner.java:240)
	at org.testng.SuiteRunnerWorker.runSuite(SuiteRunnerWorker.java:52)
	at org.testng.SuiteRunnerWorker.run(SuiteRunnerWorker.java:86)
	at org.testng.TestNG.runSuitesSequentially(TestNG.java:1224)
	at org.testng.TestNG.runSuitesLocally(TestNG.java:1149)
	at org.testng.TestNG.run(TestNG.java:1057)
	at org.testng.TestNG.privateMain(TestNG.java:1364)
	at org.testng.TestNG.main(TestNG.java:1333)
]]>
            </full-stacktrace>
          </exception> <!-- org.testng.SkipException -->
          <reporter-output>
          </reporter-output>
        </test-method> <!-- isSkip -->
        <test-method status="SKIP" signature="login(java.lang.Long)[pri:0, instance:com.hk.orderPlacement.GuestCheckoutCod@1d8f59e3]" name="login" duration-ms="0" started-at="2015-01-29T14:36:06Z" finished-at="2015-01-29T14:36:06Z">
          <params>
            <param index="0">
              <value is-null="true"/>
            </param>
          </params>
          <reporter-output>
          </reporter-output>
        </test-method> <!-- login -->
        <test-method status="SKIP" signature="doAfter(org.testng.ITestResult)[pri:0, instance:com.hk.orderPlacement.GuestCheckoutCod@1d8f59e3]" name="doAfter" is-config="true" duration-ms="0" started-at="2015-01-29T14:36:06Z" finished-at="2015-01-29T14:36:06Z">
          <reporter-output>
          </reporter-output>
        </test-method> <!-- doAfter -->
      </class> <!-- com.hk.orderPlacement.GuestCheckoutCod -->
      <class name="com.hk.scaledupOrderPlacement.ExistingOnline">
        <test-method status="SKIP" signature="isSkip()[pri:0, instance:com.hk.scaledupOrderPlacement.ExistingOnline@22491a97]" name="isSkip" is-config="true" duration-ms="0" started-at="2015-01-29T14:36:06Z" finished-at="2015-01-29T14:36:06Z">
          <exception class="org.testng.SkipException">
            <message>
              <![CDATA[Skipping the ExistingOnlineOrder test case as RunMode is No]]>
            </message>
            <full-stacktrace>
              <![CDATA[org.testng.SkipException: Skipping the ExistingOnlineOrder test case as RunMode is No
	at com.hk.scaledupOrderPlacement.ExistingOnline.isSkip(Unknown Source)
	at sun.reflect.NativeMethodAccessorImpl.invoke0(Native Method)
	at sun.reflect.NativeMethodAccessorImpl.invoke(NativeMethodAccessorImpl.java:57)
	at sun.reflect.DelegatingMethodAccessorImpl.invoke(DelegatingMethodAccessorImpl.java:43)
	at java.lang.reflect.Method.invoke(Method.java:606)
	at org.testng.internal.MethodInvocationHelper.invokeMethod(MethodInvocationHelper.java:84)
	at org.testng.internal.Invoker.invokeConfigurationMethod(Invoker.java:564)
	at org.testng.internal.Invoker.invokeConfigurations(Invoker.java:213)
	at org.testng.internal.Invoker.invokeMethod(Invoker.java:653)
	at org.testng.internal.Invoker.invokeTestMethod(Invoker.java:901)
	at org.testng.internal.Invoker.invokeTestMethods(Invoker.java:1231)
	at org.testng.internal.TestMethodWorker.invokeTestMethods(TestMethodWorker.java:127)
	at org.testng.internal.TestMethodWorker.run(TestMethodWorker.java:111)
	at org.testng.TestRunner.privateRun(TestRunner.java:767)
	at org.testng.TestRunner.run(TestRunner.java:617)
	at org.testng.SuiteRunner.runTest(SuiteRunner.java:334)
	at org.testng.SuiteRunner.runSequentially(SuiteRunner.java:329)
	at org.testng.SuiteRunner.privateRun(SuiteRunner.java:291)
	at org.testng.SuiteRunner.run(SuiteRunner.java:240)
	at org.testng.SuiteRunnerWorker.runSuite(SuiteRunnerWorker.java:52)
	at org.testng.SuiteRunnerWorker.run(SuiteRunnerWorker.java:86)
	at org.testng.TestNG.runSuitesSequentially(TestNG.java:1224)
	at org.testng.TestNG.runSuitesLocally(TestNG.java:1149)
	at org.testng.TestNG.run(TestNG.java:1057)
	at org.testng.TestNG.privateMain(TestNG.java:1364)
	at org.testng.TestNG.main(TestNG.java:1333)
]]>
            </full-stacktrace>
          </exception> <!-- org.testng.SkipException -->
          <reporter-output>
          </reporter-output>
        </test-method> <!-- isSkip -->
        <test-method status="SKIP" signature="test()[pri:0, instance:com.hk.scaledupOrderPlacement.ExistingOnline@22491a97]" name="test" duration-ms="0" started-at="2015-01-29T14:36:06Z" finished-at="2015-01-29T14:36:06Z">
          <reporter-output>
          </reporter-output>
        </test-method> <!-- test -->
        <test-method status="SKIP" signature="doAfter(org.testng.ITestResult)[pri:0, instance:com.hk.scaledupOrderPlacement.ExistingOnline@22491a97]" name="doAfter" is-config="true" duration-ms="0" started-at="2015-01-29T14:36:06Z" finished-at="2015-01-29T14:36:06Z">
          <reporter-output>
          </reporter-output>
        </test-method> <!-- doAfter -->
      </class> <!-- com.hk.scaledupOrderPlacement.ExistingOnline -->
      <class name="com.hk.orderPlacement.SignupOrderOnline">
        <test-method status="PASS" signature="config()[pri:0, instance:com.hk.orderPlacement.SignupOrderOnline@3c211e40]" name="config" is-config="true" duration-ms="1" started-at="2015-01-29T14:40:02Z" finished-at="2015-01-29T14:40:02Z">
          <reporter-output>
          </reporter-output>
        </test-method> <!-- config -->
        <test-method status="SKIP" signature="isSkip()[pri:0, instance:com.hk.orderPlacement.SignupOrderOnline@3c211e40]" name="isSkip" is-config="true" duration-ms="0" started-at="2015-01-29T14:40:02Z" finished-at="2015-01-29T14:40:02Z">
          <exception class="org.testng.SkipException">
            <message>
              <![CDATA[Skipping the SignUpOrderOnline test case as RunMode is No]]>
            </message>
            <full-stacktrace>
              <![CDATA[org.testng.SkipException: Skipping the SignUpOrderOnline test case as RunMode is No
	at com.hk.orderPlacement.SignupOrderOnline.isSkip(Unknown Source)
	at sun.reflect.NativeMethodAccessorImpl.invoke0(Native Method)
	at sun.reflect.NativeMethodAccessorImpl.invoke(NativeMethodAccessorImpl.java:57)
	at sun.reflect.DelegatingMethodAccessorImpl.invoke(DelegatingMethodAccessorImpl.java:43)
	at java.lang.reflect.Method.invoke(Method.java:606)
	at org.testng.internal.MethodInvocationHelper.invokeMethod(MethodInvocationHelper.java:84)
	at org.testng.internal.Invoker.invokeConfigurationMethod(Invoker.java:564)
	at org.testng.internal.Invoker.invokeConfigurations(Invoker.java:213)
	at org.testng.internal.Invoker.invokeMethod(Invoker.java:653)
	at org.testng.internal.Invoker.invokeTestMethod(Invoker.java:901)
	at org.testng.internal.Invoker.invokeTestMethods(Invoker.java:1231)
	at org.testng.internal.TestMethodWorker.invokeTestMethods(TestMethodWorker.java:127)
	at org.testng.internal.TestMethodWorker.run(TestMethodWorker.java:111)
	at org.testng.TestRunner.privateRun(TestRunner.java:767)
	at org.testng.TestRunner.run(TestRunner.java:617)
	at org.testng.SuiteRunner.runTest(SuiteRunner.java:334)
	at org.testng.SuiteRunner.runSequentially(SuiteRunner.java:329)
	at org.testng.SuiteRunner.privateRun(SuiteRunner.java:291)
	at org.testng.SuiteRunner.run(SuiteRunner.java:240)
	at org.testng.SuiteRunnerWorker.runSuite(SuiteRunnerWorker.java:52)
	at org.testng.SuiteRunnerWorker.run(SuiteRunnerWorker.java:86)
	at org.testng.TestNG.runSuitesSequentially(TestNG.java:1224)
	at org.testng.TestNG.runSuitesLocally(TestNG.java:1149)
	at org.testng.TestNG.run(TestNG.java:1057)
	at org.testng.TestNG.privateMain(TestNG.java:1364)
	at org.testng.TestNG.main(TestNG.java:1333)
]]>
            </full-stacktrace>
          </exception> <!-- org.testng.SkipException -->
          <reporter-output>
          </reporter-output>
        </test-method> <!-- isSkip -->
        <test-method status="SKIP" signature="login(java.lang.Long)[pri:0, instance:com.hk.orderPlacement.SignupOrderOnline@3c211e40]" name="login" duration-ms="0" started-at="2015-01-29T14:40:02Z" finished-at="2015-01-29T14:40:02Z">
          <params>
            <param index="0">
              <value is-null="true"/>
            </param>
          </params>
          <reporter-output>
          </reporter-output>
        </test-method> <!-- login -->
        <test-method status="SKIP" signature="doAfter(org.testng.ITestResult)[pri:0, instance:com.hk.orderPlacement.SignupOrderOnline@3c211e40]" name="doAfter" is-config="true" duration-ms="0" started-at="2015-01-29T14:40:02Z" finished-at="2015-01-29T14:40:02Z">
          <reporter-output>
          </reporter-output>
        </test-method> <!-- doAfter -->
      </class> <!-- com.hk.orderPlacement.SignupOrderOnline -->
      <class name="com.hk.scaledupOrderPlacement.FlipTest">
        <test-method status="PASS" signature="isSkip()[pri:0, instance:com.hk.scaledupOrderPlacement.FlipTest@2b411104]" name="isSkip" is-config="true" duration-ms="1" started-at="2015-01-29T14:36:06Z" finished-at="2015-01-29T14:36:06Z">
          <reporter-output>
          </reporter-output>
        </test-method> <!-- isSkip -->
        <test-method status="PASS" signature="doFlipTest()[pri:0, instance:com.hk.scaledupOrderPlacement.FlipTest@2b411104]" name="doFlipTest" duration-ms="234752" started-at="2015-01-29T14:36:06Z" finished-at="2015-01-29T14:40:00Z">
          <reporter-output>
          </reporter-output>
        </test-method> <!-- doFlipTest -->
        <test-method status="PASS" signature="doAfter(org.testng.ITestResult)[pri:0, instance:com.hk.scaledupOrderPlacement.FlipTest@2b411104]" name="doAfter" is-config="true" duration-ms="1639" started-at="2015-01-29T14:40:00Z" finished-at="2015-01-29T14:40:02Z">
          <params>
            <param index="0">
              <value>
                <![CDATA[[TestResult name=doFlipTest status=SUCCESS method=FlipTest.doFlipTest()[pri:0, instance:com.hk.scaledupOrderPlacement.FlipTest@2b411104] output={null}]]]>
              </value>
            </param>
          </params>
          <reporter-output>
          </reporter-output>
        </test-method> <!-- doAfter -->
      </class> <!-- com.hk.scaledupOrderPlacement.FlipTest -->
      <class name="com.hk.orderPlacement.ExistingCodPlacement">
        <test-method status="PASS" signature="Config()[pri:0, instance:com.hk.orderPlacement.ExistingCodPlacement@2923a47c]" name="Config" is-config="true" duration-ms="1" started-at="2015-01-29T14:36:06Z" finished-at="2015-01-29T14:36:06Z">
          <reporter-output>
          </reporter-output>
        </test-method> <!-- Config -->
        <test-method status="SKIP" signature="isSkip()[pri:0, instance:com.hk.orderPlacement.ExistingCodPlacement@2923a47c]" name="isSkip" is-config="true" duration-ms="0" started-at="2015-01-29T14:36:06Z" finished-at="2015-01-29T14:36:06Z">
          <exception class="org.testng.SkipException">
            <message>
              <![CDATA[Skipping the ExistingCodPlacement test case as RunMode is No]]>
            </message>
            <full-stacktrace>
              <![CDATA[org.testng.SkipException: Skipping the ExistingCodPlacement test case as RunMode is No
	at com.hk.orderPlacement.ExistingCodPlacement.isSkip(Unknown Source)
	at sun.reflect.NativeMethodAccessorImpl.invoke0(Native Method)
	at sun.reflect.NativeMethodAccessorImpl.invoke(NativeMethodAccessorImpl.java:57)
	at sun.reflect.DelegatingMethodAccessorImpl.invoke(DelegatingMethodAccessorImpl.java:43)
	at java.lang.reflect.Method.invoke(Method.java:606)
	at org.testng.internal.MethodInvocationHelper.invokeMethod(MethodInvocationHelper.java:84)
	at org.testng.internal.Invoker.invokeConfigurationMethod(Invoker.java:564)
	at org.testng.internal.Invoker.invokeConfigurations(Invoker.java:213)
	at org.testng.internal.Invoker.invokeMethod(Invoker.java:653)
	at org.testng.internal.Invoker.invokeTestMethod(Invoker.java:901)
	at org.testng.internal.Invoker.invokeTestMethods(Invoker.java:1231)
	at org.testng.internal.TestMethodWorker.invokeTestMethods(TestMethodWorker.java:127)
	at org.testng.internal.TestMethodWorker.run(TestMethodWorker.java:111)
	at org.testng.TestRunner.privateRun(TestRunner.java:767)
	at org.testng.TestRunner.run(TestRunner.java:617)
	at org.testng.SuiteRunner.runTest(SuiteRunner.java:334)
	at org.testng.SuiteRunner.runSequentially(SuiteRunner.java:329)
	at org.testng.SuiteRunner.privateRun(SuiteRunner.java:291)
	at org.testng.SuiteRunner.run(SuiteRunner.java:240)
	at org.testng.SuiteRunnerWorker.runSuite(SuiteRunnerWorker.java:52)
	at org.testng.SuiteRunnerWorker.run(SuiteRunnerWorker.java:86)
	at org.testng.TestNG.runSuitesSequentially(TestNG.java:1224)
	at org.testng.TestNG.runSuitesLocally(TestNG.java:1149)
	at org.testng.TestNG.run(TestNG.java:1057)
	at org.testng.TestNG.privateMain(TestNG.java:1364)
	at org.testng.TestNG.main(TestNG.java:1333)
]]>
            </full-stacktrace>
          </exception> <!-- org.testng.SkipException -->
          <reporter-output>
          </reporter-output>
        </test-method> <!-- isSkip -->
        <test-method status="SKIP" signature="login(java.lang.Long)[pri:0, instance:com.hk.orderPlacement.ExistingCodPlacement@2923a47c]" name="login" duration-ms="1" started-at="2015-01-29T14:36:06Z" finished-at="2015-01-29T14:36:06Z">
          <params>
            <param index="0">
              <value is-null="true"/>
            </param>
          </params>
          <reporter-output>
          </reporter-output>
        </test-method> <!-- login -->
        <test-method status="SKIP" signature="doAfter(org.testng.ITestResult)[pri:0, instance:com.hk.orderPlacement.ExistingCodPlacement@2923a47c]" name="doAfter" is-config="true" duration-ms="0" started-at="2015-01-29T14:36:06Z" finished-at="2015-01-29T14:36:06Z">
          <reporter-output>
          </reporter-output>
        </test-method> <!-- doAfter -->
      </class> <!-- com.hk.orderPlacement.ExistingCodPlacement -->
      <class name="com.hk.orderPlacement.CouponOnlineOrder">
        <test-method status="PASS" signature="Config()[pri:0, instance:com.hk.orderPlacement.CouponOnlineOrder@3cc433cb]" name="Config" is-config="true" duration-ms="1018" started-at="2015-01-29T14:36:05Z" finished-at="2015-01-29T14:36:06Z">
          <reporter-output>
          </reporter-output>
        </test-method> <!-- Config -->
        <test-method status="SKIP" signature="isSkip()[pri:0, instance:com.hk.orderPlacement.CouponOnlineOrder@3cc433cb]" name="isSkip" is-config="true" duration-ms="0" started-at="2015-01-29T14:36:06Z" finished-at="2015-01-29T14:36:06Z">
          <exception class="org.testng.SkipException">
            <message>
              <![CDATA[Skipping the CouponOnlineOrder test case as RunMode is No]]>
            </message>
            <full-stacktrace>
              <![CDATA[org.testng.SkipException: Skipping the CouponOnlineOrder test case as RunMode is No
	at com.hk.orderPlacement.CouponOnlineOrder.isSkip(Unknown Source)
	at sun.reflect.NativeMethodAccessorImpl.invoke0(Native Method)
	at sun.reflect.NativeMethodAccessorImpl.invoke(NativeMethodAccessorImpl.java:57)
	at sun.reflect.DelegatingMethodAccessorImpl.invoke(DelegatingMethodAccessorImpl.java:43)
	at java.lang.reflect.Method.invoke(Method.java:606)
	at org.testng.internal.MethodInvocationHelper.invokeMethod(MethodInvocationHelper.java:84)
	at org.testng.internal.Invoker.invokeConfigurationMethod(Invoker.java:564)
	at org.testng.internal.Invoker.invokeConfigurations(Invoker.java:213)
	at org.testng.internal.Invoker.invokeMethod(Invoker.java:653)
	at org.testng.internal.Invoker.invokeTestMethod(Invoker.java:901)
	at org.testng.internal.Invoker.invokeTestMethods(Invoker.java:1231)
	at org.testng.internal.TestMethodWorker.invokeTestMethods(TestMethodWorker.java:127)
	at org.testng.internal.TestMethodWorker.run(TestMethodWorker.java:111)
	at org.testng.TestRunner.privateRun(TestRunner.java:767)
	at org.testng.TestRunner.run(TestRunner.java:617)
	at org.testng.SuiteRunner.runTest(SuiteRunner.java:334)
	at org.testng.SuiteRunner.runSequentially(SuiteRunner.java:329)
	at org.testng.SuiteRunner.privateRun(SuiteRunner.java:291)
	at org.testng.SuiteRunner.run(SuiteRunner.java:240)
	at org.testng.SuiteRunnerWorker.runSuite(SuiteRunnerWorker.java:52)
	at org.testng.SuiteRunnerWorker.run(SuiteRunnerWorker.java:86)
	at org.testng.TestNG.runSuitesSequentially(TestNG.java:1224)
	at org.testng.TestNG.runSuitesLocally(TestNG.java:1149)
	at org.testng.TestNG.run(TestNG.java:1057)
	at org.testng.TestNG.privateMain(TestNG.java:1364)
	at org.testng.TestNG.main(TestNG.java:1333)
]]>
            </full-stacktrace>
          </exception> <!-- org.testng.SkipException -->
          <reporter-output>
          </reporter-output>
        </test-method> <!-- isSkip -->
        <test-method status="SKIP" signature="doAfter(org.testng.ITestResult)[pri:0, instance:com.hk.orderPlacement.CouponOnlineOrder@3cc433cb]" name="doAfter" is-config="true" duration-ms="0" started-at="2015-01-29T14:36:06Z" finished-at="2015-01-29T14:36:06Z">
          <reporter-output>
          </reporter-output>
        </test-method> <!-- doAfter -->
        <test-method status="SKIP" signature="login(java.lang.Long)[pri:0, instance:com.hk.orderPlacement.CouponOnlineOrder@3cc433cb]" name="login" duration-ms="0" started-at="2015-01-29T14:36:06Z" finished-at="2015-01-29T14:36:06Z">
          <params>
            <param index="0">
              <value is-null="true"/>
            </param>
          </params>
          <reporter-output>
          </reporter-output>
        </test-method> <!-- login -->
      </class> <!-- com.hk.orderPlacement.CouponOnlineOrder -->
    </test> <!-- ExistingOnline Multivariant Order -->
  </suite> <!-- TestNG Test -->
</testng-results>
