<?xml version="1.0" encoding="UTF-8"?>
<testng-results skipped="0" failed="0" total="1" passed="1">
  <reporter-output>
  </reporter-output>
  <suite name="TestNG Test" duration-ms="130870" started-at="2014-07-23T14:11:36Z" finished-at="2014-07-23T14:13:46Z">
    <groups>
    </groups>
    <test name="ASQA Sample Test" duration-ms="130870" started-at="2014-07-23T14:11:36Z" finished-at="2014-07-23T14:13:46Z">
      <class name="com.hk.orderPlacement.ExistingCodPlacement">
        <test-method status="PASS" signature="g(java.lang.String, java.lang.String)[pri:0, instance:com.hk.orderPlacement.ExistingCodPlacement@5df7b6e1]" name="g" is-config="true" duration-ms="8" started-at="2014-07-23T19:41:36Z" finished-at="2014-07-23T19:41:36Z">
          <params>
            <param index="0">
              <value>
                <![CDATA[http://www.centralhk.com:9090]]>
              </value>
            </param>
            <param index="1">
              <value>
                <![CDATA[chrome]]>
              </value>
            </param>
          </params>
          <reporter-output>
          </reporter-output>
        </test-method> <!-- g -->
        <test-method status="PASS" signature="login(java.util.List)[pri:0, instance:com.hk.orderPlacement.ExistingCodPlacement@5df7b6e1]" name="login" duration-ms="130682" started-at="2014-07-23T19:41:36Z" data-provider="CombinedData" finished-at="2014-07-23T19:43:46Z">
          <params>
            <param index="0">
              <value>
                <![CDATA[[asi@kjdsf.com, lklsdk, saurabh.nagpal@healthkart.com, abcde12, 42890]]]>
              </value>
            </param>
          </params>
          <reporter-output>
          </reporter-output>
        </test-method> <!-- login -->
      </class> <!-- com.hk.orderPlacement.ExistingCodPlacement -->
    </test> <!-- ASQA Sample Test -->
  </suite> <!-- TestNG Test -->
</testng-results>
